#
# A fatal error has been detected by the Java Runtime Environment:
#
#  EXCEPTION_ACCESS_VIOLATION (0xc0000005) at pc=0x00007ffc59403b88, pid=17336, tid=17208
#
# JRE version: OpenJDK Runtime Environment (11.0.12+7) (build 11.0.12+7-b1504.28-7817840)
# Java VM: OpenJDK 64-Bit Server VM (11.0.12+7-b1504.28-7817840, mixed mode, tiered, compressed oops, g1 gc, windows-amd64)
# Problematic frame:
# V  [jvm.dll+0x513b88]
#
# No core dump will be written. Minidumps are not enabled by default on client versions of Windows
#
# If you would like to submit a bug report, please visit:
#   https://bugreport.java.com/bugreport/crash.jsp
#

---------------  S U M M A R Y ------------

Command Line: --add-opens=java.base/java.util=ALL-UNNAMED --add-opens=java.base/java.lang=ALL-UNNAMED --add-opens=java.base/java.lang.invoke=ALL-UNNAMED --add-opens=java.base/java.util=ALL-UNNAMED --add-opens=java.prefs/java.util.prefs=ALL-UNNAMED --add-opens=java.prefs/java.util.prefs=ALL-UNNAMED --add-opens=java.base/java.nio.charset=ALL-UNNAMED --add-opens=java.base/java.net=ALL-UNNAMED --add-opens=java.base/java.util.concurrent.atomic=ALL-UNNAMED -Xmx2048m -Dfile.encoding=UTF-8 -Duser.country=CN -Duser.language=zh -Duser.variant org.gradle.launcher.daemon.bootstrap.GradleDaemon 7.3.3

Host: Intel(R) Core(TM) i5-10210U CPU @ 1.60GHz, 8 cores, 15G,  Windows 10 , 64 bit Build 19041 (10.0.19041.804)
Time: Fri Jun  9 18:42:01 2023 中国标准时间 elapsed time: 3.450450 seconds (0d 0h 0m 3s)

---------------  T H R E A D  ---------------

Current thread (0x000001eebc183000):  JavaThread "C2 CompilerThread1" daemon [_thread_in_native, id=17208, stack(0x0000002b3db00000,0x0000002b3dc00000)]


Current CompileTask:
C2:   3450 2299   !   4       java.net.URL::<init> (543 bytes)

Stack: [0x0000002b3db00000,0x0000002b3dc00000],  sp=0x0000002b3dbfa970,  free space=1002k
Native frames: (J=compiled Java code, j=interpreted, Vv=VM code, C=native code)
V  [jvm.dll+0x513b88]
V  [jvm.dll+0x513602]
V  [jvm.dll+0x5150b1]
V  [jvm.dll+0x51235e]
V  [jvm.dll+0x5121a8]
V  [jvm.dll+0x5116c7]
V  [jvm.dll+0x208303]
V  [jvm.dll+0x201fe0]
V  [jvm.dll+0x1ff71f]
V  [jvm.dll+0x18868c]
V  [jvm.dll+0x20e0d7]
V  [jvm.dll+0x20c901]
V  [jvm.dll+0x6f9b7f]
V  [jvm.dll+0x6f26a5]
V  [jvm.dll+0x5fabf6]
C  [ucrtbase.dll+0x21bb2]
C  [KERNEL32.DLL+0x17034]
C  [ntdll.dll+0x52651]


siginfo: EXCEPTION_ACCESS_VIOLATION (0xc0000005), reading address 0x0000000200000002


Register to memory mapping:

RIP=0x00007ffc59403b88 jvm.dll
RAX=0x0000000200000002 is an unknown value
RBX=0x000001eebc0d8ad0 points into unknown readable memory: 0x00007ffc596e54c8 | c8 54 6e 59 fc 7f 00 00
RCX=0x0000000000001296 is an unknown value
RDX=0x000001eebc0d8ad0 points into unknown readable memory: 0x00007ffc596e54c8 | c8 54 6e 59 fc 7f 00 00
RSP=0x0000002b3dbfa970 is pointing into the stack for thread: 0x000001eebc183000
RBP=0x0000002b3dbfafd0 is pointing into the stack for thread: 0x000001eebc183000
RSI=0x0000002b3dbfafd0 is pointing into the stack for thread: 0x000001eebc183000
RDI=0x0000000000001296 is an unknown value
R8 =0x000001eebe190be0 points into unknown readable memory: 0x000001eebca2a1a8 | a8 a1 a2 bc ee 01 00 00
R9 =0x000001eeb9734d08 points into unknown readable memory: 0x00007ffc596df018 | 18 f0 6d 59 fc 7f 00 00
R10=0xfefefefefefefeff is an unknown value
R11=0x8080808080808080 is an unknown value
R12=0x000000000000008a is an unknown value
R13=0x000001eeb9734d08 points into unknown readable memory: 0x00007ffc596df018 | 18 f0 6d 59 fc 7f 00 00
R14=0x000001eebca2a1a8 points into unknown readable memory: 0x000001eebca2a238 | 38 a2 a2 bc ee 01 00 00
R15=0x00000000000000a4 is an unknown value


Registers:
RAX=0x0000000200000002, RBX=0x000001eebc0d8ad0, RCX=0x0000000000001296, RDX=0x000001eebc0d8ad0
RSP=0x0000002b3dbfa970, RBP=0x0000002b3dbfafd0, RSI=0x0000002b3dbfafd0, RDI=0x0000000000001296
R8 =0x000001eebe190be0, R9 =0x000001eeb9734d08, R10=0xfefefefefefefeff, R11=0x8080808080808080
R12=0x000000000000008a, R13=0x000001eeb9734d08, R14=0x000001eebca2a1a8, R15=0x00000000000000a4
RIP=0x00007ffc59403b88, EFLAGS=0x0000000000010287

Top of Stack: (sp=0x0000002b3dbfa970)
0x0000002b3dbfa970:   000001eebc0d8ad0 000001eebc0d8ad0
0x0000002b3dbfa980:   0000000000000000 000001eebbe56628
0x0000002b3dbfa990:   000001eeb9734d08 000001eeb9734d00
0x0000002b3dbfa9a0:   000001eeb9734ee8 0000000000000000
0x0000002b3dbfa9b0:   000001eeb9734d08 00007ffc59403602
0x0000002b3dbfa9c0:   000001eebca2a2c0 0000002b3dbfafd0
0x0000002b3dbfa9d0:   000001eebb9f9ed0 000001eeb9734d08
0x0000002b3dbfa9e0:   000001eeb9734d08 0000002b3dbfafd0
0x0000002b3dbfa9f0:   000001eeb9734d08 000001eeba6c4b48
0x0000002b3dbfaa00:   000001eeba6c4b48 0000002b3dbfac50
0x0000002b3dbfaa10:   000001eebb9fb148 00007ffc594050b1
0x0000002b3dbfaa20:   00000000000005e1 000001eeb9734ef0
0x0000002b3dbfaa30:   000001eeba6c4b48 0000000000000040
0x0000002b3dbfaa40:   000001eebc464ce0 000001ee00000080
0x0000002b3dbfaa50:   000001eebc8ea8a0 00007ffc00000000
0x0000002b3dbfaa60:   000001eebb9f9ed0 00007ffc594cc103 

Instructions: (pc=0x00007ffc59403b88)
0x00007ffc59403a88:   fe ff 4c 8b 44 24 78 48 8b d6 49 8b ce 44 8d 48
0x00007ffc59403a98:   01 e8 62 4b 00 00 48 8b 6c 24 68 48 8b c3 48 8b
0x00007ffc59403aa8:   5c 24 60 48 8b 74 24 70 48 83 c4 30 41 5f 41 5e
0x00007ffc59403ab8:   41 5d 41 5c 5f c3 cc cc 48 83 ec 28 48 85 d2 74
0x00007ffc59403ac8:   0d 49 3b d0 74 08 e8 2d 00 00 00 4c 8b c0 4d 85
0x00007ffc59403ad8:   c0 74 17 41 8b 40 2c 83 e0 07 3c 05 75 0c 49 8b
0x00007ffc59403ae8:   40 08 48 8b 00 48 83 c4 28 c3 49 8b c0 48 83 c4
0x00007ffc59403af8:   28 c3 cc cc cc cc cc cc 48 89 5c 24 08 48 89 6c
0x00007ffc59403b08:   24 10 48 89 74 24 18 4c 89 4c 24 20 57 41 54 41
0x00007ffc59403b18:   55 41 56 41 57 48 83 ec 20 4d 8b e9 49 8b d8 4c
0x00007ffc59403b28:   8b f2 48 8b f1 e8 2e c5 fe ff 48 8b d3 48 8b ce
0x00007ffc59403b38:   44 8b f8 e8 20 c5 fe ff 44 8b e0 45 3b fc 0f 86
0x00007ffc59403b48:   b1 00 00 00 41 8b 7e 28 3b be e0 09 00 00 72 0e
0x00007ffc59403b58:   8b d7 48 8d 8e d8 09 00 00 e8 ca 46 11 00 48 8b
0x00007ffc59403b68:   86 e8 09 00 00 4c 89 2c f8 41 8b 4e 28 48 8b 86
0x00007ffc59403b78:   f8 09 00 00 4c 8b 34 c8 4c 8d 04 c8 49 8b 46 08
0x00007ffc59403b88:   48 83 38 00 75 28 8b 56 28 41 8b 46 28 3b c2 73
0x00007ffc59403b98:   0c 8b c8 48 8b 46 30 4c 8b 34 c8 eb 03 45 33 f6
0x00007ffc59403ba8:   49 83 e6 fe 49 8b 46 08 48 83 38 00 74 db 4d 89
0x00007ffc59403bb8:   30 8b 86 f0 09 00 00 41 39 46 28 72 24 4c 8d 0d
0x00007ffc59403bc8:   76 aa 24 00 ba 98 03 00 00 4c 8d 05 08 39 35 00
0x00007ffc59403bd8:   48 8d 0d 59 a2 30 00 e8 0c 3f d3 ff e8 c7 04 0e
0x00007ffc59403be8:   00 41 8b 4e 28 48 8b 86 00 0a 00 00 44 8b 3c 88
0x00007ffc59403bf8:   e9 74 03 00 00 0f 83 c9 00 00 00 8b 7b 28 3b be
0x00007ffc59403c08:   e0 09 00 00 73 0d 48 8b 86 e8 09 00 00 48 8b 14
0x00007ffc59403c18:   f8 eb 02 33 d2 49 3b d5 0f 84 54 03 00 00 3b be
0x00007ffc59403c28:   e0 09 00 00 72 0e 8b d7 48 8d 8e d8 09 00 00 e8
0x00007ffc59403c38:   f4 45 11 00 48 8b 86 e8 09 00 00 4c 89 2c f8 8b
0x00007ffc59403c48:   4b 28 48 8b 86 f8 09 00 00 48 8b 1c c8 48 8d 14
0x00007ffc59403c58:   c8 48 8b 43 08 48 83 38 00 75 24 8b 4e 28 8b 43
0x00007ffc59403c68:   28 3b c1 73 0a 48 8b 5e 30 48 8b 1c c3 eb 02 33
0x00007ffc59403c78:   db 48 83 e3 fe 48 8b 43 08 48 83 38 00 74 df 48 


Stack slot to memory mapping:
stack at sp + 0 slots: 0x000001eebc0d8ad0 points into unknown readable memory: 0x00007ffc596e54c8 | c8 54 6e 59 fc 7f 00 00
stack at sp + 1 slots: 0x000001eebc0d8ad0 points into unknown readable memory: 0x00007ffc596e54c8 | c8 54 6e 59 fc 7f 00 00
stack at sp + 2 slots: 0x0 is NULL
stack at sp + 3 slots: 0x000001eebbe56628 points into unknown readable memory: 0x00007ffc596fa0e8 | e8 a0 6f 59 fc 7f 00 00
stack at sp + 4 slots: 0x000001eeb9734d08 points into unknown readable memory: 0x00007ffc596df018 | 18 f0 6d 59 fc 7f 00 00
stack at sp + 5 slots: 0x000001eeb9734d00 points into unknown readable memory: 0x0000000000000014 | 14 00 00 00 00 00 00 00
stack at sp + 6 slots: 0x000001eeb9734ee8 points into unknown readable memory: 0x000001eebb9f9ed0 | d0 9e 9f bb ee 01 00 00
stack at sp + 7 slots: 0x0 is NULL


---------------  P R O C E S S  ---------------

Threads class SMR info:
_java_thread_list=0x000001eebcfb3870, length=31, elements={
0x000001ee9d9ac000, 0x000001eeb91c8800, 0x000001eeb91cc000, 0x000001eeb923e800,
0x000001eeb923f800, 0x000001eeb9242800, 0x000001eeb9243800, 0x000001eeb924d800,
0x000001eeb9269000, 0x000001eeb93bb800, 0x000001eeba982800, 0x000001eebb68e800,
0x000001eebab47000, 0x000001eebbe6c800, 0x000001eebb9a2800, 0x000001eebb73f000,
0x000001eeba675800, 0x000001eebac1f800, 0x000001eebc183800, 0x000001eebc180800,
0x000001eebc187000, 0x000001eebc185000, 0x000001eebc184800, 0x000001eebc183000,
0x000001eebc181000, 0x000001eebc186000, 0x000001eebc182000, 0x000001eebb8bd800,
0x000001eebb8bf800, 0x000001eebb8bd000, 0x000001eebb8bc000
}

Java Threads: ( => current thread )
  0x000001ee9d9ac000 JavaThread "main" [_thread_blocked, id=1884, stack(0x0000002b3b500000,0x0000002b3b600000)]
  0x000001eeb91c8800 JavaThread "Reference Handler" daemon [_thread_blocked, id=2660, stack(0x0000002b3bc00000,0x0000002b3bd00000)]
  0x000001eeb91cc000 JavaThread "Finalizer" daemon [_thread_blocked, id=1660, stack(0x0000002b3bd00000,0x0000002b3be00000)]
  0x000001eeb923e800 JavaThread "Signal Dispatcher" daemon [_thread_blocked, id=9416, stack(0x0000002b3be00000,0x0000002b3bf00000)]
  0x000001eeb923f800 JavaThread "Attach Listener" daemon [_thread_blocked, id=7756, stack(0x0000002b3bf00000,0x0000002b3c000000)]
  0x000001eeb9242800 JavaThread "Service Thread" daemon [_thread_blocked, id=14480, stack(0x0000002b3c000000,0x0000002b3c100000)]
  0x000001eeb9243800 JavaThread "C2 CompilerThread0" daemon [_thread_blocked, id=20776, stack(0x0000002b3c100000,0x0000002b3c200000)]
  0x000001eeb924d800 JavaThread "C1 CompilerThread0" daemon [_thread_blocked, id=8556, stack(0x0000002b3c200000,0x0000002b3c300000)]
  0x000001eeb9269000 JavaThread "Sweeper thread" daemon [_thread_blocked, id=18424, stack(0x0000002b3c300000,0x0000002b3c400000)]
  0x000001eeb93bb800 JavaThread "Common-Cleaner" daemon [_thread_blocked, id=10224, stack(0x0000002b3c400000,0x0000002b3c500000)]
  0x000001eeba982800 JavaThread "Daemon health stats" [_thread_blocked, id=7108, stack(0x0000002b3cd00000,0x0000002b3ce00000)]
  0x000001eebb68e800 JavaThread "Incoming local TCP Connector on port 14302" [_thread_in_native, id=1700, stack(0x0000002b3c600000,0x0000002b3c700000)]
  0x000001eebab47000 JavaThread "Daemon periodic checks" [_thread_blocked, id=4584, stack(0x0000002b3c700000,0x0000002b3c800000)]
  0x000001eebbe6c800 JavaThread "Daemon" [_thread_blocked, id=15808, stack(0x0000002b3ce00000,0x0000002b3cf00000)]
  0x000001eebb9a2800 JavaThread "Handler for socket connection from /127.0.0.1:14302 to /127.0.0.1:14303" [_thread_in_native, id=21496, stack(0x0000002b3cf00000,0x0000002b3d000000)]
  0x000001eebb73f000 JavaThread "Cancel handler" [_thread_blocked, id=17724, stack(0x0000002b3d000000,0x0000002b3d100000)]
  0x000001eeba675800 JavaThread "Daemon worker" [_thread_in_Java, id=4576, stack(0x0000002b3d100000,0x0000002b3d200000)]
  0x000001eebac1f800 JavaThread "Asynchronous log dispatcher for DefaultDaemonConnection: socket connection from /127.0.0.1:14302 to /127.0.0.1:14303" [_thread_blocked, id=4340, stack(0x0000002b3d200000,0x0000002b3d300000)]
  0x000001eebc183800 JavaThread "Stdin handler" [_thread_blocked, id=5180, stack(0x0000002b3d300000,0x0000002b3d400000)]
  0x000001eebc180800 JavaThread "Daemon client event forwarder" [_thread_blocked, id=20844, stack(0x0000002b3d400000,0x0000002b3d500000)]
  0x000001eebc187000 JavaThread "Cache worker for journal cache (D:\Android Studio\gradle\caches\journal-1)" [_thread_blocked, id=8264, stack(0x0000002b3d500000,0x0000002b3d600000)]
  0x000001eebc185000 JavaThread "File lock request listener" [_thread_in_native, id=2384, stack(0x0000002b3d600000,0x0000002b3d700000)]
  0x000001eebc184800 JavaThread "Cache worker for file hash cache (D:\Android Studio\gradle\caches\7.3.3\fileHashes)" [_thread_blocked, id=560, stack(0x0000002b3d700000,0x0000002b3d800000)]
=>0x000001eebc183000 JavaThread "C2 CompilerThread1" daemon [_thread_in_native, id=17208, stack(0x0000002b3db00000,0x0000002b3dc00000)]
  0x000001eebc181000 JavaThread "C2 CompilerThread2" daemon [_thread_blocked, id=21324, stack(0x0000002b3dc00000,0x0000002b3dd00000)]
  0x000001eebc186000 JavaThread "Cache worker for file hash cache (D:\AndroidStudioProjects\Test\agile7\.gradle\7.3.3\fileHashes)" [_thread_blocked, id=20252, stack(0x0000002b3dd00000,0x0000002b3de00000)]
  0x000001eebc182000 JavaThread "File watcher server" daemon [_thread_in_native, id=9020, stack(0x0000002b3de00000,0x0000002b3df00000)]
  0x000001eebb8bd800 JavaThread "File watcher consumer" daemon [_thread_blocked, id=2032, stack(0x0000002b3df00000,0x0000002b3e000000)]
  0x000001eebb8bf800 JavaThread "Cache worker for checksums cache (D:\AndroidStudioProjects\Test\agile7\.gradle\7.3.3\checksums)" [_thread_blocked, id=16588, stack(0x0000002b3e000000,0x0000002b3e100000)]
  0x000001eebb8bd000 JavaThread "Cache worker for cache directory md-supplier (D:\Android Studio\gradle\caches\7.3.3\md-supplier)" [_thread_blocked, id=16028, stack(0x0000002b3e100000,0x0000002b3e200000)]
  0x000001eebb8bc000 JavaThread "Cache worker for cache directory md-rule (D:\Android Studio\gradle\caches\7.3.3\md-rule)" [_thread_blocked, id=7624, stack(0x0000002b3e200000,0x0000002b3e300000)]

Other Threads:
  0x000001eeb91c1000 VMThread "VM Thread" [stack: 0x0000002b3bb00000,0x0000002b3bc00000] [id=20540]
  0x000001eeb93d6800 WatcherThread [stack: 0x0000002b3c500000,0x0000002b3c600000] [id=16300]
  0x000001ee9d9c5000 GCTaskThread "GC Thread#0" [stack: 0x0000002b3b600000,0x0000002b3b700000] [id=17680]
  0x000001eeb9834000 GCTaskThread "GC Thread#1" [stack: 0x0000002b3c800000,0x0000002b3c900000] [id=15660]
  0x000001eeba14f800 GCTaskThread "GC Thread#2" [stack: 0x0000002b3c900000,0x0000002b3ca00000] [id=20344]
  0x000001eeb9f65000 GCTaskThread "GC Thread#3" [stack: 0x0000002b3ca00000,0x0000002b3cb00000] [id=2972]
  0x000001eeb9bf0800 GCTaskThread "GC Thread#4" [stack: 0x0000002b3cb00000,0x0000002b3cc00000] [id=14232]
  0x000001eeba260000 GCTaskThread "GC Thread#5" [stack: 0x0000002b3cc00000,0x0000002b3cd00000] [id=2996]
  0x000001eebac43800 GCTaskThread "GC Thread#6" [stack: 0x0000002b3d800000,0x0000002b3d900000] [id=17348]
  0x000001eebc0a3800 GCTaskThread "GC Thread#7" [stack: 0x0000002b3d900000,0x0000002b3da00000] [id=17392]
  0x000001ee9d9fb000 ConcurrentGCThread "G1 Main Marker" [stack: 0x0000002b3b700000,0x0000002b3b800000] [id=1676]
  0x000001ee9d9fc000 ConcurrentGCThread "G1 Conc#0" [stack: 0x0000002b3b800000,0x0000002b3b900000] [id=11196]
  0x000001eebb838000 ConcurrentGCThread "G1 Conc#1" [stack: 0x0000002b3da00000,0x0000002b3db00000] [id=6900]
  0x000001eeb880a800 ConcurrentGCThread "G1 Refine#0" [stack: 0x0000002b3b900000,0x0000002b3ba00000] [id=18756]
  0x000001eeb880b000 ConcurrentGCThread "G1 Young RemSet Sampling" [stack: 0x0000002b3ba00000,0x0000002b3bb00000] [id=8456]

Threads with active compile tasks:
C2 CompilerThread1   3516 2299   !   4       java.net.URL::<init> (543 bytes)

VM state:not at safepoint (normal execution)

VM Mutex/Monitor currently owned by a thread: None

Heap address: 0x0000000080000000, size: 2048 MB, Compressed Oops mode: 32-bit
Narrow klass base: 0x0000000000000000, Narrow klass shift: 3
Compressed class space size: 1073741824 Address: 0x0000000100000000

Heap:
 garbage-first heap   total 260096K, used 78086K [0x0000000080000000, 0x0000000100000000)
  region size 1024K, 61 young (62464K), 1 survivors (1024K)
 Metaspace       used 28914K, capacity 29566K, committed 29616K, reserved 1075200K
  class space    used 3829K, capacity 4062K, committed 4096K, reserved 1048576K
Heap Regions: E=young(eden), S=young(survivor), O=old, HS=humongous(starts), HC=humongous(continues), CS=collection set, F=free, A=archive, TAMS=top-at-mark-start (previous, next)
|   0|0x0000000080000000, 0x0000000080100000, 0x0000000080100000|100%| O|  |TAMS 0x0000000080000000, 0x0000000080000000| Untracked 
|   1|0x0000000080100000, 0x0000000080200000, 0x0000000080200000|100%| O|  |TAMS 0x0000000080100000, 0x0000000080100000| Untracked 
|   2|0x0000000080200000, 0x0000000080300000, 0x0000000080300000|100%| O|  |TAMS 0x0000000080200000, 0x0000000080200000| Untracked 
|   3|0x0000000080300000, 0x0000000080400000, 0x0000000080400000|100%|HS|  |TAMS 0x0000000080400000, 0x0000000080300000| Complete 
|   4|0x0000000080400000, 0x0000000080500000, 0x0000000080500000|100%|HC|  |TAMS 0x0000000080500000, 0x0000000080400000| Complete 
|   5|0x0000000080500000, 0x0000000080600000, 0x0000000080600000|100%|HC|  |TAMS 0x0000000080600000, 0x0000000080500000| Complete 
|   6|0x0000000080600000, 0x0000000080700000, 0x0000000080700000|100%| O|  |TAMS 0x0000000080700000, 0x0000000080600000| Untracked 
|   7|0x0000000080700000, 0x0000000080800000, 0x0000000080800000|100%| O|  |TAMS 0x0000000080800000, 0x0000000080700000| Untracked 
|   8|0x0000000080800000, 0x0000000080900000, 0x0000000080900000|100%| O|  |TAMS 0x00000000808fa400, 0x0000000080800000| Untracked 
|   9|0x0000000080900000, 0x0000000080a00000, 0x0000000080a00000|100%| O|  |TAMS 0x0000000080900000, 0x0000000080900000| Untracked 
|  10|0x0000000080a00000, 0x0000000080b00000, 0x0000000080b00000|100%| O|  |TAMS 0x0000000080a00000, 0x0000000080a00000| Untracked 
|  11|0x0000000080b00000, 0x0000000080c00000, 0x0000000080c00000|100%| O|  |TAMS 0x0000000080b00000, 0x0000000080b00000| Untracked 
|  12|0x0000000080c00000, 0x0000000080d00000, 0x0000000080d00000|100%| O|  |TAMS 0x0000000080c00000, 0x0000000080c00000| Untracked 
|  13|0x0000000080d00000, 0x0000000080e00000, 0x0000000080e00000|100%| O|  |TAMS 0x0000000080d00000, 0x0000000080d00000| Untracked 
|  14|0x0000000080e00000, 0x0000000080f00000, 0x0000000080f00000|100%| O|  |TAMS 0x0000000080e00000, 0x0000000080e00000| Untracked 
|  15|0x0000000080f00000, 0x0000000081000000, 0x0000000081000000|100%| O|  |TAMS 0x0000000080f00000, 0x0000000080f00000| Untracked 
|  16|0x0000000081000000, 0x0000000081041a00, 0x0000000081100000| 25%| O|  |TAMS 0x0000000081000000, 0x0000000081000000| Untracked 
|  17|0x0000000081100000, 0x0000000081100000, 0x0000000081200000|  0%| F|  |TAMS 0x0000000081100000, 0x0000000081100000| Untracked 
|  18|0x0000000081200000, 0x0000000081200000, 0x0000000081300000|  0%| F|  |TAMS 0x0000000081200000, 0x0000000081200000| Untracked 
|  19|0x0000000081300000, 0x0000000081300000, 0x0000000081400000|  0%| F|  |TAMS 0x0000000081300000, 0x0000000081300000| Untracked 
|  20|0x0000000081400000, 0x0000000081400000, 0x0000000081500000|  0%| F|  |TAMS 0x0000000081400000, 0x0000000081400000| Untracked 
|  21|0x0000000081500000, 0x0000000081500000, 0x0000000081600000|  0%| F|  |TAMS 0x0000000081500000, 0x0000000081500000| Untracked 
|  22|0x0000000081600000, 0x0000000081600000, 0x0000000081700000|  0%| F|  |TAMS 0x0000000081600000, 0x0000000081600000| Untracked 
|  23|0x0000000081700000, 0x0000000081700000, 0x0000000081800000|  0%| F|  |TAMS 0x0000000081700000, 0x0000000081700000| Untracked 
|  24|0x0000000081800000, 0x0000000081800000, 0x0000000081900000|  0%| F|  |TAMS 0x0000000081800000, 0x0000000081800000| Untracked 
|  25|0x0000000081900000, 0x0000000081900000, 0x0000000081a00000|  0%| F|  |TAMS 0x0000000081900000, 0x0000000081900000| Untracked 
|  26|0x0000000081a00000, 0x0000000081a00000, 0x0000000081b00000|  0%| F|  |TAMS 0x0000000081a00000, 0x0000000081a00000| Untracked 
|  27|0x0000000081b00000, 0x0000000081b00000, 0x0000000081c00000|  0%| F|  |TAMS 0x0000000081b00000, 0x0000000081b00000| Untracked 
|  28|0x0000000081c00000, 0x0000000081c00000, 0x0000000081d00000|  0%| F|  |TAMS 0x0000000081c00000, 0x0000000081c00000| Untracked 
|  29|0x0000000081d00000, 0x0000000081d00000, 0x0000000081e00000|  0%| F|  |TAMS 0x0000000081d00000, 0x0000000081d00000| Untracked 
|  30|0x0000000081e00000, 0x0000000081e00000, 0x0000000081f00000|  0%| F|  |TAMS 0x0000000081e00000, 0x0000000081e00000| Untracked 
|  31|0x0000000081f00000, 0x0000000081f00000, 0x0000000082000000|  0%| F|  |TAMS 0x0000000081f00000, 0x0000000081f00000| Untracked 
|  32|0x0000000082000000, 0x0000000082000000, 0x0000000082100000|  0%| F|  |TAMS 0x0000000082000000, 0x0000000082000000| Untracked 
|  33|0x0000000082100000, 0x0000000082100000, 0x0000000082200000|  0%| F|  |TAMS 0x0000000082100000, 0x0000000082100000| Untracked 
|  34|0x0000000082200000, 0x0000000082200000, 0x0000000082300000|  0%| F|  |TAMS 0x0000000082200000, 0x0000000082200000| Untracked 
|  35|0x0000000082300000, 0x0000000082300000, 0x0000000082400000|  0%| F|  |TAMS 0x0000000082300000, 0x0000000082300000| Untracked 
|  36|0x0000000082400000, 0x0000000082400000, 0x0000000082500000|  0%| F|  |TAMS 0x0000000082400000, 0x0000000082400000| Untracked 
|  37|0x0000000082500000, 0x0000000082500000, 0x0000000082600000|  0%| F|  |TAMS 0x0000000082500000, 0x0000000082500000| Untracked 
|  38|0x0000000082600000, 0x0000000082600000, 0x0000000082700000|  0%| F|  |TAMS 0x0000000082600000, 0x0000000082600000| Untracked 
|  39|0x0000000082700000, 0x0000000082700000, 0x0000000082800000|  0%| F|  |TAMS 0x0000000082700000, 0x0000000082700000| Untracked 
|  40|0x0000000082800000, 0x0000000082800000, 0x0000000082900000|  0%| F|  |TAMS 0x0000000082800000, 0x0000000082800000| Untracked 
|  41|0x0000000082900000, 0x0000000082900000, 0x0000000082a00000|  0%| F|  |TAMS 0x0000000082900000, 0x0000000082900000| Untracked 
|  42|0x0000000082a00000, 0x0000000082a00000, 0x0000000082b00000|  0%| F|  |TAMS 0x0000000082a00000, 0x0000000082a00000| Untracked 
|  43|0x0000000082b00000, 0x0000000082b00000, 0x0000000082c00000|  0%| F|  |TAMS 0x0000000082b00000, 0x0000000082b00000| Untracked 
|  44|0x0000000082c00000, 0x0000000082c00000, 0x0000000082d00000|  0%| F|  |TAMS 0x0000000082c00000, 0x0000000082c00000| Untracked 
|  45|0x0000000082d00000, 0x0000000082d00000, 0x0000000082e00000|  0%| F|  |TAMS 0x0000000082d00000, 0x0000000082d00000| Untracked 
|  46|0x0000000082e00000, 0x0000000082e00000, 0x0000000082f00000|  0%| F|  |TAMS 0x0000000082e00000, 0x0000000082e00000| Untracked 
|  47|0x0000000082f00000, 0x0000000082f00000, 0x0000000083000000|  0%| F|  |TAMS 0x0000000082f00000, 0x0000000082f00000| Untracked 
|  48|0x0000000083000000, 0x0000000083000000, 0x0000000083100000|  0%| F|  |TAMS 0x0000000083000000, 0x0000000083000000| Untracked 
|  49|0x0000000083100000, 0x0000000083100000, 0x0000000083200000|  0%| F|  |TAMS 0x0000000083100000, 0x0000000083100000| Untracked 
|  50|0x0000000083200000, 0x0000000083200000, 0x0000000083300000|  0%| F|  |TAMS 0x0000000083200000, 0x0000000083200000| Untracked 
|  51|0x0000000083300000, 0x0000000083300000, 0x0000000083400000|  0%| F|  |TAMS 0x0000000083300000, 0x0000000083300000| Untracked 
|  52|0x0000000083400000, 0x0000000083400000, 0x0000000083500000|  0%| F|  |TAMS 0x0000000083400000, 0x0000000083400000| Untracked 
|  53|0x0000000083500000, 0x0000000083500000, 0x0000000083600000|  0%| F|  |TAMS 0x0000000083500000, 0x0000000083500000| Untracked 
|  54|0x0000000083600000, 0x0000000083600000, 0x0000000083700000|  0%| F|  |TAMS 0x0000000083600000, 0x0000000083600000| Untracked 
|  55|0x0000000083700000, 0x0000000083700000, 0x0000000083800000|  0%| F|  |TAMS 0x0000000083700000, 0x0000000083700000| Untracked 
|  56|0x0000000083800000, 0x0000000083800000, 0x0000000083900000|  0%| F|  |TAMS 0x0000000083800000, 0x0000000083800000| Untracked 
|  57|0x0000000083900000, 0x0000000083900000, 0x0000000083a00000|  0%| F|  |TAMS 0x0000000083900000, 0x0000000083900000| Untracked 
|  58|0x0000000083a00000, 0x0000000083a00000, 0x0000000083b00000|  0%| F|  |TAMS 0x0000000083a00000, 0x0000000083a00000| Untracked 
|  59|0x0000000083b00000, 0x0000000083b00000, 0x0000000083c00000|  0%| F|  |TAMS 0x0000000083b00000, 0x0000000083b00000| Untracked 
|  60|0x0000000083c00000, 0x0000000083c00000, 0x0000000083d00000|  0%| F|  |TAMS 0x0000000083c00000, 0x0000000083c00000| Untracked 
|  61|0x0000000083d00000, 0x0000000083d00000, 0x0000000083e00000|  0%| F|  |TAMS 0x0000000083d00000, 0x0000000083d00000| Untracked 
|  62|0x0000000083e00000, 0x0000000083e00000, 0x0000000083f00000|  0%| F|  |TAMS 0x0000000083e00000, 0x0000000083e00000| Untracked 
|  63|0x0000000083f00000, 0x0000000083f00000, 0x0000000084000000|  0%| F|  |TAMS 0x0000000083f00000, 0x0000000083f00000| Untracked 
|  64|0x0000000084000000, 0x0000000084000000, 0x0000000084100000|  0%| F|  |TAMS 0x0000000084000000, 0x0000000084000000| Untracked 
|  65|0x0000000084100000, 0x0000000084100000, 0x0000000084200000|  0%| F|  |TAMS 0x0000000084100000, 0x0000000084100000| Untracked 
|  66|0x0000000084200000, 0x0000000084200000, 0x0000000084300000|  0%| F|  |TAMS 0x0000000084200000, 0x0000000084200000| Untracked 
|  67|0x0000000084300000, 0x0000000084300000, 0x0000000084400000|  0%| F|  |TAMS 0x0000000084300000, 0x0000000084300000| Untracked 
|  68|0x0000000084400000, 0x0000000084400000, 0x0000000084500000|  0%| F|  |TAMS 0x0000000084400000, 0x0000000084400000| Untracked 
|  69|0x0000000084500000, 0x0000000084500000, 0x0000000084600000|  0%| F|  |TAMS 0x0000000084500000, 0x0000000084500000| Untracked 
|  70|0x0000000084600000, 0x0000000084600000, 0x0000000084700000|  0%| F|  |TAMS 0x0000000084600000, 0x0000000084600000| Untracked 
|  71|0x0000000084700000, 0x0000000084700000, 0x0000000084800000|  0%| F|  |TAMS 0x0000000084700000, 0x0000000084700000| Untracked 
|  72|0x0000000084800000, 0x0000000084800000, 0x0000000084900000|  0%| F|  |TAMS 0x0000000084800000, 0x0000000084800000| Untracked 
|  73|0x0000000084900000, 0x0000000084900000, 0x0000000084a00000|  0%| F|  |TAMS 0x0000000084900000, 0x0000000084900000| Untracked 
|  74|0x0000000084a00000, 0x0000000084a00000, 0x0000000084b00000|  0%| F|  |TAMS 0x0000000084a00000, 0x0000000084a00000| Untracked 
|  75|0x0000000084b00000, 0x0000000084b00000, 0x0000000084c00000|  0%| F|  |TAMS 0x0000000084b00000, 0x0000000084b00000| Untracked 
|  76|0x0000000084c00000, 0x0000000084c00000, 0x0000000084d00000|  0%| F|  |TAMS 0x0000000084c00000, 0x0000000084c00000| Untracked 
|  77|0x0000000084d00000, 0x0000000084d00000, 0x0000000084e00000|  0%| F|  |TAMS 0x0000000084d00000, 0x0000000084d00000| Untracked 
|  78|0x0000000084e00000, 0x0000000084e00000, 0x0000000084f00000|  0%| F|  |TAMS 0x0000000084e00000, 0x0000000084e00000| Untracked 
|  79|0x0000000084f00000, 0x0000000084f00000, 0x0000000085000000|  0%| F|  |TAMS 0x0000000084f00000, 0x0000000084f00000| Untracked 
|  80|0x0000000085000000, 0x0000000085000000, 0x0000000085100000|  0%| F|  |TAMS 0x0000000085000000, 0x0000000085000000| Untracked 
|  81|0x0000000085100000, 0x0000000085100000, 0x0000000085200000|  0%| F|  |TAMS 0x0000000085100000, 0x0000000085100000| Untracked 
|  82|0x0000000085200000, 0x0000000085200000, 0x0000000085300000|  0%| F|  |TAMS 0x0000000085200000, 0x0000000085200000| Untracked 
|  83|0x0000000085300000, 0x0000000085300000, 0x0000000085400000|  0%| F|  |TAMS 0x0000000085300000, 0x0000000085300000| Untracked 
|  84|0x0000000085400000, 0x0000000085400000, 0x0000000085500000|  0%| F|  |TAMS 0x0000000085400000, 0x0000000085400000| Untracked 
|  85|0x0000000085500000, 0x0000000085500000, 0x0000000085600000|  0%| F|  |TAMS 0x0000000085500000, 0x0000000085500000| Untracked 
|  86|0x0000000085600000, 0x0000000085600000, 0x0000000085700000|  0%| F|  |TAMS 0x0000000085600000, 0x0000000085600000| Untracked 
|  87|0x0000000085700000, 0x0000000085700000, 0x0000000085800000|  0%| F|  |TAMS 0x0000000085700000, 0x0000000085700000| Untracked 
|  88|0x0000000085800000, 0x0000000085800000, 0x0000000085900000|  0%| F|  |TAMS 0x0000000085800000, 0x0000000085800000| Untracked 
|  89|0x0000000085900000, 0x0000000085900000, 0x0000000085a00000|  0%| F|  |TAMS 0x0000000085900000, 0x0000000085900000| Untracked 
|  90|0x0000000085a00000, 0x0000000085a00000, 0x0000000085b00000|  0%| F|  |TAMS 0x0000000085a00000, 0x0000000085a00000| Untracked 
|  91|0x0000000085b00000, 0x0000000085b00000, 0x0000000085c00000|  0%| F|  |TAMS 0x0000000085b00000, 0x0000000085b00000| Untracked 
|  92|0x0000000085c00000, 0x0000000085c00000, 0x0000000085d00000|  0%| F|  |TAMS 0x0000000085c00000, 0x0000000085c00000| Untracked 
|  93|0x0000000085d00000, 0x0000000085d00000, 0x0000000085e00000|  0%| F|  |TAMS 0x0000000085d00000, 0x0000000085d00000| Untracked 
|  94|0x0000000085e00000, 0x0000000085e00000, 0x0000000085f00000|  0%| F|  |TAMS 0x0000000085e00000, 0x0000000085e00000| Untracked 
|  95|0x0000000085f00000, 0x0000000085f00000, 0x0000000086000000|  0%| F|  |TAMS 0x0000000085f00000, 0x0000000085f00000| Untracked 
|  96|0x0000000086000000, 0x0000000086000000, 0x0000000086100000|  0%| F|  |TAMS 0x0000000086000000, 0x0000000086000000| Untracked 
|  97|0x0000000086100000, 0x0000000086100000, 0x0000000086200000|  0%| F|  |TAMS 0x0000000086100000, 0x0000000086100000| Untracked 
|  98|0x0000000086200000, 0x0000000086200000, 0x0000000086300000|  0%| F|  |TAMS 0x0000000086200000, 0x0000000086200000| Untracked 
|  99|0x0000000086300000, 0x0000000086300000, 0x0000000086400000|  0%| F|  |TAMS 0x0000000086300000, 0x0000000086300000| Untracked 
| 100|0x0000000086400000, 0x0000000086400000, 0x0000000086500000|  0%| F|  |TAMS 0x0000000086400000, 0x0000000086400000| Untracked 
| 101|0x0000000086500000, 0x0000000086500000, 0x0000000086600000|  0%| F|  |TAMS 0x0000000086500000, 0x0000000086500000| Untracked 
| 102|0x0000000086600000, 0x0000000086600000, 0x0000000086700000|  0%| F|  |TAMS 0x0000000086600000, 0x0000000086600000| Untracked 
| 103|0x0000000086700000, 0x0000000086700000, 0x0000000086800000|  0%| F|  |TAMS 0x0000000086700000, 0x0000000086700000| Untracked 
| 104|0x0000000086800000, 0x0000000086800000, 0x0000000086900000|  0%| F|  |TAMS 0x0000000086800000, 0x0000000086800000| Untracked 
| 105|0x0000000086900000, 0x0000000086900000, 0x0000000086a00000|  0%| F|  |TAMS 0x0000000086900000, 0x0000000086900000| Untracked 
| 106|0x0000000086a00000, 0x0000000086a00000, 0x0000000086b00000|  0%| F|  |TAMS 0x0000000086a00000, 0x0000000086a00000| Untracked 
| 107|0x0000000086b00000, 0x0000000086b00000, 0x0000000086c00000|  0%| F|  |TAMS 0x0000000086b00000, 0x0000000086b00000| Untracked 
| 108|0x0000000086c00000, 0x0000000086c00000, 0x0000000086d00000|  0%| F|  |TAMS 0x0000000086c00000, 0x0000000086c00000| Untracked 
| 109|0x0000000086d00000, 0x0000000086d00000, 0x0000000086e00000|  0%| F|  |TAMS 0x0000000086d00000, 0x0000000086d00000| Untracked 
| 110|0x0000000086e00000, 0x0000000086e00000, 0x0000000086f00000|  0%| F|  |TAMS 0x0000000086e00000, 0x0000000086e00000| Untracked 
| 111|0x0000000086f00000, 0x0000000086f00000, 0x0000000087000000|  0%| F|  |TAMS 0x0000000086f00000, 0x0000000086f00000| Untracked 
| 112|0x0000000087000000, 0x0000000087000000, 0x0000000087100000|  0%| F|  |TAMS 0x0000000087000000, 0x0000000087000000| Untracked 
| 113|0x0000000087100000, 0x0000000087100000, 0x0000000087200000|  0%| F|  |TAMS 0x0000000087100000, 0x0000000087100000| Untracked 
| 114|0x0000000087200000, 0x0000000087200000, 0x0000000087300000|  0%| F|  |TAMS 0x0000000087200000, 0x0000000087200000| Untracked 
| 115|0x0000000087300000, 0x0000000087300000, 0x0000000087400000|  0%| F|  |TAMS 0x0000000087300000, 0x0000000087300000| Untracked 
| 116|0x0000000087400000, 0x0000000087400000, 0x0000000087500000|  0%| F|  |TAMS 0x0000000087400000, 0x0000000087400000| Untracked 
| 117|0x0000000087500000, 0x0000000087500000, 0x0000000087600000|  0%| F|  |TAMS 0x0000000087500000, 0x0000000087500000| Untracked 
| 118|0x0000000087600000, 0x0000000087600000, 0x0000000087700000|  0%| F|  |TAMS 0x0000000087600000, 0x0000000087600000| Untracked 
| 119|0x0000000087700000, 0x0000000087700000, 0x0000000087800000|  0%| F|  |TAMS 0x0000000087700000, 0x0000000087700000| Untracked 
| 120|0x0000000087800000, 0x0000000087800000, 0x0000000087900000|  0%| F|  |TAMS 0x0000000087800000, 0x0000000087800000| Untracked 
| 121|0x0000000087900000, 0x0000000087900000, 0x0000000087a00000|  0%| F|  |TAMS 0x0000000087900000, 0x0000000087900000| Untracked 
| 122|0x0000000087a00000, 0x0000000087a00000, 0x0000000087b00000|  0%| F|  |TAMS 0x0000000087a00000, 0x0000000087a00000| Untracked 
| 123|0x0000000087b00000, 0x0000000087b00000, 0x0000000087c00000|  0%| F|  |TAMS 0x0000000087b00000, 0x0000000087b00000| Untracked 
| 124|0x0000000087c00000, 0x0000000087c00000, 0x0000000087d00000|  0%| F|  |TAMS 0x0000000087c00000, 0x0000000087c00000| Untracked 
| 125|0x0000000087d00000, 0x0000000087d00000, 0x0000000087e00000|  0%| F|  |TAMS 0x0000000087d00000, 0x0000000087d00000| Untracked 
| 126|0x0000000087e00000, 0x0000000087e00000, 0x0000000087f00000|  0%| F|  |TAMS 0x0000000087e00000, 0x0000000087e00000| Untracked 
| 127|0x0000000087f00000, 0x0000000087f00000, 0x0000000088000000|  0%| F|  |TAMS 0x0000000087f00000, 0x0000000087f00000| Untracked 
| 128|0x0000000088000000, 0x0000000088000000, 0x0000000088100000|  0%| F|  |TAMS 0x0000000088000000, 0x0000000088000000| Untracked 
| 129|0x0000000088100000, 0x0000000088100000, 0x0000000088200000|  0%| F|  |TAMS 0x0000000088100000, 0x0000000088100000| Untracked 
| 130|0x0000000088200000, 0x0000000088200000, 0x0000000088300000|  0%| F|  |TAMS 0x0000000088200000, 0x0000000088200000| Untracked 
| 131|0x0000000088300000, 0x0000000088300000, 0x0000000088400000|  0%| F|  |TAMS 0x0000000088300000, 0x0000000088300000| Untracked 
| 132|0x0000000088400000, 0x0000000088400000, 0x0000000088500000|  0%| F|  |TAMS 0x0000000088400000, 0x0000000088400000| Untracked 
| 133|0x0000000088500000, 0x0000000088500000, 0x0000000088600000|  0%| F|  |TAMS 0x0000000088500000, 0x0000000088500000| Untracked 
| 134|0x0000000088600000, 0x0000000088600000, 0x0000000088700000|  0%| F|  |TAMS 0x0000000088600000, 0x0000000088600000| Untracked 
| 135|0x0000000088700000, 0x0000000088700000, 0x0000000088800000|  0%| F|  |TAMS 0x0000000088700000, 0x0000000088700000| Untracked 
| 136|0x0000000088800000, 0x0000000088800000, 0x0000000088900000|  0%| F|  |TAMS 0x0000000088800000, 0x0000000088800000| Untracked 
| 137|0x0000000088900000, 0x0000000088900000, 0x0000000088a00000|  0%| F|  |TAMS 0x0000000088900000, 0x0000000088900000| Untracked 
| 138|0x0000000088a00000, 0x0000000088a00000, 0x0000000088b00000|  0%| F|  |TAMS 0x0000000088a00000, 0x0000000088a00000| Untracked 
| 139|0x0000000088b00000, 0x0000000088b00000, 0x0000000088c00000|  0%| F|  |TAMS 0x0000000088b00000, 0x0000000088b00000| Untracked 
| 140|0x0000000088c00000, 0x0000000088c00000, 0x0000000088d00000|  0%| F|  |TAMS 0x0000000088c00000, 0x0000000088c00000| Untracked 
| 141|0x0000000088d00000, 0x0000000088d00000, 0x0000000088e00000|  0%| F|  |TAMS 0x0000000088d00000, 0x0000000088d00000| Untracked 
| 142|0x0000000088e00000, 0x0000000088e00000, 0x0000000088f00000|  0%| F|  |TAMS 0x0000000088e00000, 0x0000000088e00000| Untracked 
| 143|0x0000000088f00000, 0x0000000088f00000, 0x0000000089000000|  0%| F|  |TAMS 0x0000000088f00000, 0x0000000088f00000| Untracked 
| 144|0x0000000089000000, 0x0000000089000000, 0x0000000089100000|  0%| F|  |TAMS 0x0000000089000000, 0x0000000089000000| Untracked 
| 145|0x0000000089100000, 0x0000000089100000, 0x0000000089200000|  0%| F|  |TAMS 0x0000000089100000, 0x0000000089100000| Untracked 
| 146|0x0000000089200000, 0x0000000089200000, 0x0000000089300000|  0%| F|  |TAMS 0x0000000089200000, 0x0000000089200000| Untracked 
| 147|0x0000000089300000, 0x0000000089300000, 0x0000000089400000|  0%| F|  |TAMS 0x0000000089300000, 0x0000000089300000| Untracked 
| 148|0x0000000089400000, 0x0000000089400000, 0x0000000089500000|  0%| F|  |TAMS 0x0000000089400000, 0x0000000089400000| Untracked 
| 149|0x0000000089500000, 0x0000000089500000, 0x0000000089600000|  0%| F|  |TAMS 0x0000000089500000, 0x0000000089500000| Untracked 
| 150|0x0000000089600000, 0x0000000089600000, 0x0000000089700000|  0%| F|  |TAMS 0x0000000089600000, 0x0000000089600000| Untracked 
| 151|0x0000000089700000, 0x0000000089700000, 0x0000000089800000|  0%| F|  |TAMS 0x0000000089700000, 0x0000000089700000| Untracked 
| 152|0x0000000089800000, 0x0000000089800000, 0x0000000089900000|  0%| F|  |TAMS 0x0000000089800000, 0x0000000089800000| Untracked 
| 153|0x0000000089900000, 0x0000000089900000, 0x0000000089a00000|  0%| F|  |TAMS 0x0000000089900000, 0x0000000089900000| Untracked 
| 154|0x0000000089a00000, 0x0000000089a00000, 0x0000000089b00000|  0%| F|  |TAMS 0x0000000089a00000, 0x0000000089a00000| Untracked 
| 155|0x0000000089b00000, 0x0000000089b00000, 0x0000000089c00000|  0%| F|  |TAMS 0x0000000089b00000, 0x0000000089b00000| Untracked 
| 156|0x0000000089c00000, 0x0000000089c00000, 0x0000000089d00000|  0%| F|  |TAMS 0x0000000089c00000, 0x0000000089c00000| Untracked 
| 157|0x0000000089d00000, 0x0000000089d00000, 0x0000000089e00000|  0%| F|  |TAMS 0x0000000089d00000, 0x0000000089d00000| Untracked 
| 158|0x0000000089e00000, 0x0000000089e00000, 0x0000000089f00000|  0%| F|  |TAMS 0x0000000089e00000, 0x0000000089e00000| Untracked 
| 159|0x0000000089f00000, 0x0000000089f00000, 0x000000008a000000|  0%| F|  |TAMS 0x0000000089f00000, 0x0000000089f00000| Untracked 
| 160|0x000000008a000000, 0x000000008a000000, 0x000000008a100000|  0%| F|  |TAMS 0x000000008a000000, 0x000000008a000000| Untracked 
| 161|0x000000008a100000, 0x000000008a100000, 0x000000008a200000|  0%| F|  |TAMS 0x000000008a100000, 0x000000008a100000| Untracked 
| 162|0x000000008a200000, 0x000000008a200000, 0x000000008a300000|  0%| F|  |TAMS 0x000000008a200000, 0x000000008a200000| Untracked 
| 163|0x000000008a300000, 0x000000008a300000, 0x000000008a400000|  0%| F|  |TAMS 0x000000008a300000, 0x000000008a300000| Untracked 
| 164|0x000000008a400000, 0x000000008a400000, 0x000000008a500000|  0%| F|  |TAMS 0x000000008a400000, 0x000000008a400000| Untracked 
| 165|0x000000008a500000, 0x000000008a500000, 0x000000008a600000|  0%| F|  |TAMS 0x000000008a500000, 0x000000008a500000| Untracked 
| 166|0x000000008a600000, 0x000000008a600000, 0x000000008a700000|  0%| F|  |TAMS 0x000000008a600000, 0x000000008a600000| Untracked 
| 167|0x000000008a700000, 0x000000008a700000, 0x000000008a800000|  0%| F|  |TAMS 0x000000008a700000, 0x000000008a700000| Untracked 
| 168|0x000000008a800000, 0x000000008a800000, 0x000000008a900000|  0%| F|  |TAMS 0x000000008a800000, 0x000000008a800000| Untracked 
| 169|0x000000008a900000, 0x000000008a900000, 0x000000008aa00000|  0%| F|  |TAMS 0x000000008a900000, 0x000000008a900000| Untracked 
| 170|0x000000008aa00000, 0x000000008aa00000, 0x000000008ab00000|  0%| F|  |TAMS 0x000000008aa00000, 0x000000008aa00000| Untracked 
| 171|0x000000008ab00000, 0x000000008ab00000, 0x000000008ac00000|  0%| F|  |TAMS 0x000000008ab00000, 0x000000008ab00000| Untracked 
| 172|0x000000008ac00000, 0x000000008ac00000, 0x000000008ad00000|  0%| F|  |TAMS 0x000000008ac00000, 0x000000008ac00000| Untracked 
| 173|0x000000008ad00000, 0x000000008ad00000, 0x000000008ae00000|  0%| F|  |TAMS 0x000000008ad00000, 0x000000008ad00000| Untracked 
| 174|0x000000008ae00000, 0x000000008ae00000, 0x000000008af00000|  0%| F|  |TAMS 0x000000008ae00000, 0x000000008ae00000| Untracked 
| 175|0x000000008af00000, 0x000000008af00000, 0x000000008b000000|  0%| F|  |TAMS 0x000000008af00000, 0x000000008af00000| Untracked 
| 176|0x000000008b000000, 0x000000008b000000, 0x000000008b100000|  0%| F|  |TAMS 0x000000008b000000, 0x000000008b000000| Untracked 
| 177|0x000000008b100000, 0x000000008b100000, 0x000000008b200000|  0%| F|  |TAMS 0x000000008b100000, 0x000000008b100000| Untracked 
| 178|0x000000008b200000, 0x000000008b200000, 0x000000008b300000|  0%| F|  |TAMS 0x000000008b200000, 0x000000008b200000| Untracked 
| 179|0x000000008b300000, 0x000000008b300000, 0x000000008b400000|  0%| F|  |TAMS 0x000000008b300000, 0x000000008b300000| Untracked 
| 180|0x000000008b400000, 0x000000008b400000, 0x000000008b500000|  0%| F|  |TAMS 0x000000008b400000, 0x000000008b400000| Untracked 
| 181|0x000000008b500000, 0x000000008b500000, 0x000000008b600000|  0%| F|  |TAMS 0x000000008b500000, 0x000000008b500000| Untracked 
| 182|0x000000008b600000, 0x000000008b600000, 0x000000008b700000|  0%| F|  |TAMS 0x000000008b600000, 0x000000008b600000| Untracked 
| 183|0x000000008b700000, 0x000000008b700000, 0x000000008b800000|  0%| F|  |TAMS 0x000000008b700000, 0x000000008b700000| Untracked 
| 184|0x000000008b800000, 0x000000008b800000, 0x000000008b900000|  0%| F|  |TAMS 0x000000008b800000, 0x000000008b800000| Untracked 
| 185|0x000000008b900000, 0x000000008b900000, 0x000000008ba00000|  0%| F|  |TAMS 0x000000008b900000, 0x000000008b900000| Untracked 
| 186|0x000000008ba00000, 0x000000008ba00000, 0x000000008bb00000|  0%| F|  |TAMS 0x000000008ba00000, 0x000000008ba00000| Untracked 
| 187|0x000000008bb00000, 0x000000008bb00000, 0x000000008bc00000|  0%| F|  |TAMS 0x000000008bb00000, 0x000000008bb00000| Untracked 
| 188|0x000000008bc00000, 0x000000008bc00000, 0x000000008bd00000|  0%| F|  |TAMS 0x000000008bc00000, 0x000000008bc00000| Untracked 
| 189|0x000000008bd00000, 0x000000008bd00000, 0x000000008be00000|  0%| F|  |TAMS 0x000000008bd00000, 0x000000008bd00000| Untracked 
| 190|0x000000008be00000, 0x000000008be00000, 0x000000008bf00000|  0%| F|  |TAMS 0x000000008be00000, 0x000000008be00000| Untracked 
| 191|0x000000008bf00000, 0x000000008bf00000, 0x000000008c000000|  0%| F|  |TAMS 0x000000008bf00000, 0x000000008bf00000| Untracked 
| 192|0x000000008c000000, 0x000000008c000000, 0x000000008c100000|  0%| F|  |TAMS 0x000000008c000000, 0x000000008c000000| Untracked 
| 193|0x000000008c100000, 0x000000008c200000, 0x000000008c200000|100%| E|  |TAMS 0x000000008c100000, 0x000000008c100000| Complete 
| 194|0x000000008c200000, 0x000000008c300000, 0x000000008c300000|100%| E|CS|TAMS 0x000000008c200000, 0x000000008c200000| Complete 
| 195|0x000000008c300000, 0x000000008c400000, 0x000000008c400000|100%| E|CS|TAMS 0x000000008c300000, 0x000000008c300000| Complete 
| 196|0x000000008c400000, 0x000000008c500000, 0x000000008c500000|100%| E|CS|TAMS 0x000000008c400000, 0x000000008c400000| Complete 
| 197|0x000000008c500000, 0x000000008c600000, 0x000000008c600000|100%| E|CS|TAMS 0x000000008c500000, 0x000000008c500000| Complete 
| 198|0x000000008c600000, 0x000000008c700000, 0x000000008c700000|100%| E|CS|TAMS 0x000000008c600000, 0x000000008c600000| Complete 
| 199|0x000000008c700000, 0x000000008c800000, 0x000000008c800000|100%| E|CS|TAMS 0x000000008c700000, 0x000000008c700000| Complete 
| 200|0x000000008c800000, 0x000000008c900000, 0x000000008c900000|100%| E|CS|TAMS 0x000000008c800000, 0x000000008c800000| Complete 
| 201|0x000000008c900000, 0x000000008ca00000, 0x000000008ca00000|100%| E|CS|TAMS 0x000000008c900000, 0x000000008c900000| Complete 
| 202|0x000000008ca00000, 0x000000008cb00000, 0x000000008cb00000|100%| E|CS|TAMS 0x000000008ca00000, 0x000000008ca00000| Complete 
| 203|0x000000008cb00000, 0x000000008cc00000, 0x000000008cc00000|100%| E|CS|TAMS 0x000000008cb00000, 0x000000008cb00000| Complete 
| 204|0x000000008cc00000, 0x000000008cd00000, 0x000000008cd00000|100%| E|CS|TAMS 0x000000008cc00000, 0x000000008cc00000| Complete 
| 205|0x000000008cd00000, 0x000000008ce00000, 0x000000008ce00000|100%| E|CS|TAMS 0x000000008cd00000, 0x000000008cd00000| Complete 
| 206|0x000000008ce00000, 0x000000008cf00000, 0x000000008cf00000|100%| E|CS|TAMS 0x000000008ce00000, 0x000000008ce00000| Complete 
| 207|0x000000008cf00000, 0x000000008d000000, 0x000000008d000000|100%| E|CS|TAMS 0x000000008cf00000, 0x000000008cf00000| Complete 
| 208|0x000000008d000000, 0x000000008d100000, 0x000000008d100000|100%| E|CS|TAMS 0x000000008d000000, 0x000000008d000000| Complete 
| 209|0x000000008d100000, 0x000000008d200000, 0x000000008d200000|100%| E|CS|TAMS 0x000000008d100000, 0x000000008d100000| Complete 
| 210|0x000000008d200000, 0x000000008d300000, 0x000000008d300000|100%| E|CS|TAMS 0x000000008d200000, 0x000000008d200000| Complete 
| 211|0x000000008d300000, 0x000000008d400000, 0x000000008d400000|100%| E|CS|TAMS 0x000000008d300000, 0x000000008d300000| Complete 
| 212|0x000000008d400000, 0x000000008d500000, 0x000000008d500000|100%| E|CS|TAMS 0x000000008d400000, 0x000000008d400000| Complete 
| 213|0x000000008d500000, 0x000000008d600000, 0x000000008d600000|100%| E|CS|TAMS 0x000000008d500000, 0x000000008d500000| Complete 
| 214|0x000000008d600000, 0x000000008d700000, 0x000000008d700000|100%| E|CS|TAMS 0x000000008d600000, 0x000000008d600000| Complete 
| 215|0x000000008d700000, 0x000000008d800000, 0x000000008d800000|100%| E|CS|TAMS 0x000000008d700000, 0x000000008d700000| Complete 
| 216|0x000000008d800000, 0x000000008d900000, 0x000000008d900000|100%| E|CS|TAMS 0x000000008d800000, 0x000000008d800000| Complete 
| 217|0x000000008d900000, 0x000000008da00000, 0x000000008da00000|100%| E|CS|TAMS 0x000000008d900000, 0x000000008d900000| Complete 
| 218|0x000000008da00000, 0x000000008db00000, 0x000000008db00000|100%| E|CS|TAMS 0x000000008da00000, 0x000000008da00000| Complete 
| 219|0x000000008db00000, 0x000000008dc00000, 0x000000008dc00000|100%| E|CS|TAMS 0x000000008db00000, 0x000000008db00000| Complete 
| 220|0x000000008dc00000, 0x000000008dd00000, 0x000000008dd00000|100%| E|CS|TAMS 0x000000008dc00000, 0x000000008dc00000| Complete 
| 221|0x000000008dd00000, 0x000000008de00000, 0x000000008de00000|100%| E|CS|TAMS 0x000000008dd00000, 0x000000008dd00000| Complete 
| 222|0x000000008de00000, 0x000000008df00000, 0x000000008df00000|100%| E|CS|TAMS 0x000000008de00000, 0x000000008de00000| Complete 
| 223|0x000000008df00000, 0x000000008e000000, 0x000000008e000000|100%| E|CS|TAMS 0x000000008df00000, 0x000000008df00000| Complete 
| 224|0x000000008e000000, 0x000000008e100000, 0x000000008e100000|100%| E|CS|TAMS 0x000000008e000000, 0x000000008e000000| Complete 
| 225|0x000000008e100000, 0x000000008e200000, 0x000000008e200000|100%| E|CS|TAMS 0x000000008e100000, 0x000000008e100000| Complete 
| 226|0x000000008e200000, 0x000000008e300000, 0x000000008e300000|100%| E|CS|TAMS 0x000000008e200000, 0x000000008e200000| Complete 
| 227|0x000000008e300000, 0x000000008e400000, 0x000000008e400000|100%| E|CS|TAMS 0x000000008e300000, 0x000000008e300000| Complete 
| 228|0x000000008e400000, 0x000000008e500000, 0x000000008e500000|100%| E|CS|TAMS 0x000000008e400000, 0x000000008e400000| Complete 
| 229|0x000000008e500000, 0x000000008e600000, 0x000000008e600000|100%| E|CS|TAMS 0x000000008e500000, 0x000000008e500000| Complete 
| 230|0x000000008e600000, 0x000000008e700000, 0x000000008e700000|100%| E|CS|TAMS 0x000000008e600000, 0x000000008e600000| Complete 
| 231|0x000000008e700000, 0x000000008e800000, 0x000000008e800000|100%| S|CS|TAMS 0x000000008e700000, 0x000000008e700000| Complete 
| 232|0x000000008e800000, 0x000000008e900000, 0x000000008e900000|100%| E|CS|TAMS 0x000000008e800000, 0x000000008e800000| Complete 
| 233|0x000000008e900000, 0x000000008ea00000, 0x000000008ea00000|100%| E|CS|TAMS 0x000000008e900000, 0x000000008e900000| Complete 
| 234|0x000000008ea00000, 0x000000008eb00000, 0x000000008eb00000|100%| E|CS|TAMS 0x000000008ea00000, 0x000000008ea00000| Complete 
| 235|0x000000008eb00000, 0x000000008ec00000, 0x000000008ec00000|100%| E|CS|TAMS 0x000000008eb00000, 0x000000008eb00000| Complete 
| 236|0x000000008ec00000, 0x000000008ed00000, 0x000000008ed00000|100%| E|CS|TAMS 0x000000008ec00000, 0x000000008ec00000| Complete 
| 237|0x000000008ed00000, 0x000000008ee00000, 0x000000008ee00000|100%| E|CS|TAMS 0x000000008ed00000, 0x000000008ed00000| Complete 
| 238|0x000000008ee00000, 0x000000008ef00000, 0x000000008ef00000|100%| E|CS|TAMS 0x000000008ee00000, 0x000000008ee00000| Complete 
| 239|0x000000008ef00000, 0x000000008f000000, 0x000000008f000000|100%| E|CS|TAMS 0x000000008ef00000, 0x000000008ef00000| Complete 
| 240|0x000000008f000000, 0x000000008f100000, 0x000000008f100000|100%| E|CS|TAMS 0x000000008f000000, 0x000000008f000000| Complete 
| 241|0x000000008f100000, 0x000000008f200000, 0x000000008f200000|100%| E|CS|TAMS 0x000000008f100000, 0x000000008f100000| Complete 
| 242|0x000000008f200000, 0x000000008f300000, 0x000000008f300000|100%| E|CS|TAMS 0x000000008f200000, 0x000000008f200000| Complete 
| 243|0x000000008f300000, 0x000000008f400000, 0x000000008f400000|100%| E|CS|TAMS 0x000000008f300000, 0x000000008f300000| Complete 
| 244|0x000000008f400000, 0x000000008f500000, 0x000000008f500000|100%| E|CS|TAMS 0x000000008f400000, 0x000000008f400000| Complete 
| 245|0x000000008f500000, 0x000000008f600000, 0x000000008f600000|100%| E|CS|TAMS 0x000000008f500000, 0x000000008f500000| Complete 
| 246|0x000000008f600000, 0x000000008f700000, 0x000000008f700000|100%| E|CS|TAMS 0x000000008f600000, 0x000000008f600000| Complete 
| 247|0x000000008f700000, 0x000000008f800000, 0x000000008f800000|100%| E|CS|TAMS 0x000000008f700000, 0x000000008f700000| Complete 
| 248|0x000000008f800000, 0x000000008f900000, 0x000000008f900000|100%| E|CS|TAMS 0x000000008f800000, 0x000000008f800000| Complete 
| 249|0x000000008f900000, 0x000000008fa00000, 0x000000008fa00000|100%| E|CS|TAMS 0x000000008f900000, 0x000000008f900000| Complete 
| 250|0x000000008fa00000, 0x000000008fb00000, 0x000000008fb00000|100%| E|CS|TAMS 0x000000008fa00000, 0x000000008fa00000| Complete 
| 251|0x000000008fb00000, 0x000000008fc00000, 0x000000008fc00000|100%| E|CS|TAMS 0x000000008fb00000, 0x000000008fb00000| Complete 
| 252|0x000000008fc00000, 0x000000008fd00000, 0x000000008fd00000|100%| E|CS|TAMS 0x000000008fc00000, 0x000000008fc00000| Complete 
| 253|0x000000008fd00000, 0x000000008fe00000, 0x000000008fe00000|100%| E|CS|TAMS 0x000000008fd00000, 0x000000008fd00000| Complete 

Card table byte_map: [0x000001eeb1650000,0x000001eeb1a50000] _byte_map_base: 0x000001eeb1250000

Marking Bits (Prev, Next): (CMBitMap*) 0x000001ee9d9f2650, (CMBitMap*) 0x000001ee9d9f2618
 Prev Bits: [0x000001eeb3e50000, 0x000001eeb5e50000)
 Next Bits: [0x000001eeb1e50000, 0x000001eeb3e50000)

Polling page: 0x000001ee9c0f0000

Metaspace:

Usage:
  Non-class:     24.91 MB capacity,    24.53 MB ( 98%) used,   330.31 KB (  1%) free+waste,    57.75 KB ( <1%) overhead. 
      Class:      4.00 MB capacity,     3.75 MB ( 94%) used,   230.34 KB (  6%) free+waste,    29.13 KB ( <1%) overhead. 
       Both:     28.91 MB capacity,    28.27 MB ( 98%) used,   560.65 KB (  2%) free+waste,    86.88 KB ( <1%) overhead. 

Virtual space:
  Non-class space:       26.00 MB reserved,      24.92 MB ( 96%) committed 
      Class space:        1.00 GB reserved,       4.00 MB ( <1%) committed 
             Both:        1.03 GB reserved,      28.92 MB (  3%) committed 

Chunk freelists:
   Non-Class:  14.00 KB
       Class:  1.00 KB
        Both:  15.00 KB

MaxMetaspaceSize: 17179869184.00 GB
CompressedClassSpaceSize: 1.00 GB
Initial GC threshold: 20.80 MB
Current GC threshold: 34.87 MB
CDS: off

CodeHeap 'non-profiled nmethods': size=120000Kb used=1385Kb max_used=1385Kb free=118614Kb
 bounds [0x000001eea92b0000, 0x000001eea9520000, 0x000001eeb07e0000]
CodeHeap 'profiled nmethods': size=120000Kb used=5272Kb max_used=5272Kb free=114727Kb
 bounds [0x000001eea1d80000, 0x000001eea22b0000, 0x000001eea92b0000]
CodeHeap 'non-nmethods': size=5760Kb used=1230Kb max_used=1272Kb free=4529Kb
 bounds [0x000001eea17e0000, 0x000001eea1a50000, 0x000001eea1d80000]
 total_blobs=2959 nmethods=2452 adapters=419
 compilation: enabled
              stopped_count=0, restarted_count=0
 full_count=0

Compilation events (20 events):
Event: 3.435 Thread 0x000001eeb924d800 nmethod 2367 0x000001eea9401f10 code [0x000001eea94020c0, 0x000001eea9402158]
Event: 3.435 Thread 0x000001eeb924d800 2369       3       org.objectweb.asm.Frame::<init> (10 bytes)
Event: 3.435 Thread 0x000001eeb924d800 nmethod 2369 0x000001eea227a790 code [0x000001eea227a940, 0x000001eea227aaf8]
Event: 3.435 Thread 0x000001eeb924d800 2365       3       java.util.LinkedHashMap$LinkedValues::iterator (12 bytes)
Event: 3.435 Thread 0x000001eeb924d800 nmethod 2365 0x000001eea227ab90 code [0x000001eea227ad60, 0x000001eea227b0f8]
Event: 3.435 Thread 0x000001eeb924d800 2366       3       java.util.LinkedHashMap$LinkedValueIterator::<init> (11 bytes)
Event: 3.435 Thread 0x000001eeb924d800 nmethod 2366 0x000001eea227b210 code [0x000001eea227b3e0, 0x000001eea227b6f8]
Event: 3.440 Thread 0x000001eeb924d800 2376       3       jdk.internal.org.objectweb.asm.AnnotationWriter::put (109 bytes)
Event: 3.441 Thread 0x000001eeb924d800 nmethod 2376 0x000001eea227b810 code [0x000001eea227ba20, 0x000001eea227be58]
Event: 3.442 Thread 0x000001eeb9243800 nmethod 2374 0x000001eea9402210 code [0x000001eea94023e0, 0x000001eea94029c8]
Event: 3.445 Thread 0x000001eeb924d800 2377       3       org.gradle.internal.instantiation.generator.AbstractClassGenerator$PropertyMetadata::isReadOnly (25 bytes)
Event: 3.446 Thread 0x000001eebc181000 2381       4       org.gradle.internal.instantiation.generator.AbstractClassGenerator$ClassGenerationHandler::visitInstanceMethod (1 bytes)
Event: 3.446 Thread 0x000001eeb924d800 nmethod 2377 0x000001eea227c090 code [0x000001eea227c260, 0x000001eea227c4c8]
Event: 3.446 Thread 0x000001eeb924d800 2379       3       java.util.TreeMap$PrivateEntryIterator::nextEntry (54 bytes)
Event: 3.446 Thread 0x000001eebc181000 nmethod 2381 0x000001eea9402d90 code [0x000001eea9402f20, 0x000001eea9402f78]
Event: 3.446 Thread 0x000001eeb924d800 nmethod 2379 0x000001eea227c590 code [0x000001eea227c780, 0x000001eea227cba8]
Event: 3.446 Thread 0x000001eeb924d800 2378       1       org.gradle.internal.reflect.MutablePropertyDetails::getName (5 bytes)
Event: 3.446 Thread 0x000001eeb924d800 nmethod 2378 0x000001eea9403090 code [0x000001eea9403240, 0x000001eea94032f8]
Event: 3.446 Thread 0x000001eeb924d800 2380       1       org.gradle.internal.instantiation.generator.AbstractClassGenerator$PropertyMetadata::access$2000 (5 bytes)
Event: 3.446 Thread 0x000001eeb924d800 nmethod 2380 0x000001eea9403390 code [0x000001eea9403540, 0x000001eea94035d8]

GC Heap History (6 events):
Event: 0.547 GC heap before
{Heap before GC invocations=0 (full 0):
 garbage-first heap   total 260096K, used 29696K [0x0000000080000000, 0x0000000100000000)
  region size 1024K, 24 young (24576K), 0 survivors (0K)
 Metaspace       used 10178K, capacity 10435K, committed 10624K, reserved 1058816K
  class space    used 1059K, capacity 1138K, committed 1152K, reserved 1048576K
}
Event: 0.551 GC heap after
{Heap after GC invocations=1 (full 0):
 garbage-first heap   total 260096K, used 9193K [0x0000000080000000, 0x0000000100000000)
  region size 1024K, 3 young (3072K), 3 survivors (3072K)
 Metaspace       used 10178K, capacity 10435K, committed 10624K, reserved 1058816K
  class space    used 1059K, capacity 1138K, committed 1152K, reserved 1048576K
}
Event: 2.647 GC heap before
{Heap before GC invocations=1 (full 0):
 garbage-first heap   total 260096K, used 112617K [0x0000000080000000, 0x0000000100000000)
  region size 1024K, 105 young (107520K), 3 survivors (3072K)
 Metaspace       used 20615K, capacity 21117K, committed 21296K, reserved 1069056K
  class space    used 2538K, capacity 2680K, committed 2688K, reserved 1048576K
}
Event: 2.656 GC heap after
{Heap after GC invocations=2 (full 0):
 garbage-first heap   total 260096K, used 16669K [0x0000000080000000, 0x0000000100000000)
  region size 1024K, 11 young (11264K), 11 survivors (11264K)
 Metaspace       used 20615K, capacity 21117K, committed 21296K, reserved 1069056K
  class space    used 2538K, capacity 2680K, committed 2688K, reserved 1048576K
}
Event: 2.856 GC heap before
{Heap before GC invocations=3 (full 0):
 garbage-first heap   total 260096K, used 38173K [0x0000000080000000, 0x0000000100000000)
  region size 1024K, 33 young (33792K), 11 survivors (11264K)
 Metaspace       used 22944K, capacity 23536K, committed 23728K, reserved 1071104K
  class space    used 2905K, capacity 3066K, committed 3072K, reserved 1048576K
}
Event: 2.862 GC heap after
{Heap after GC invocations=4 (full 0):
 garbage-first heap   total 260096K, used 17670K [0x0000000080000000, 0x0000000100000000)
  region size 1024K, 1 young (1024K), 1 survivors (1024K)
 Metaspace       used 22944K, capacity 23536K, committed 23728K, reserved 1071104K
  class space    used 2905K, capacity 3066K, committed 3072K, reserved 1048576K
}

Deoptimization events (20 events):
Event: 3.238 Thread 0x000001eeba675800 DEOPT PACKING pc=0x000001eea92d81ac sp=0x0000002b3d1fb5e0
Event: 3.238 Thread 0x000001eeba675800 DEOPT UNPACKING pc=0x000001eea182a1af sp=0x0000002b3d1fb570 mode 2
Event: 3.238 Thread 0x000001eeba675800 Uncommon trap: trap_request=0xffffff4d fr.pc=0x000001eea9328594 relative=0x0000000000000ed4
Event: 3.238 Thread 0x000001eeba675800 Uncommon trap: reason=unstable_if action=reinterpret pc=0x000001eea9328594 method=java.util.Properties$LineReader.readLine()I @ 249 c2
Event: 3.238 Thread 0x000001eeba675800 DEOPT PACKING pc=0x000001eea9328594 sp=0x0000002b3d1fb5d0
Event: 3.238 Thread 0x000001eeba675800 DEOPT UNPACKING pc=0x000001eea182a1af sp=0x0000002b3d1fb570 mode 2
Event: 3.301 Thread 0x000001eeba675800 DEOPT PACKING pc=0x000001eea20fcc1b sp=0x0000002b3d1f8c50
Event: 3.301 Thread 0x000001eeba675800 DEOPT UNPACKING pc=0x000001eea182a95e sp=0x0000002b3d1f80c0 mode 0
Event: 3.383 Thread 0x000001eeba675800 Uncommon trap: trap_request=0xffffff4d fr.pc=0x000001eea92c5a18 relative=0x0000000000000258
Event: 3.383 Thread 0x000001eeba675800 Uncommon trap: reason=unstable_if action=reinterpret pc=0x000001eea92c5a18 method=java.lang.String.getChars(II[CI)V @ 23 c2
Event: 3.383 Thread 0x000001eeba675800 DEOPT PACKING pc=0x000001eea92c5a18 sp=0x0000002b3d1f92f0
Event: 3.383 Thread 0x000001eeba675800 DEOPT UNPACKING pc=0x000001eea182a1af sp=0x0000002b3d1f92b0 mode 2
Event: 3.418 Thread 0x000001eeba675800 Uncommon trap: trap_request=0xffffff4d fr.pc=0x000001eea93a4bcc relative=0x000000000000020c
Event: 3.418 Thread 0x000001eeba675800 Uncommon trap: reason=unstable_if action=reinterpret pc=0x000001eea93a4bcc method=java.util.HashMap.hash(Ljava/lang/Object;)I @ 1 c2
Event: 3.418 Thread 0x000001eeba675800 DEOPT PACKING pc=0x000001eea93a4bcc sp=0x0000002b3d1f8cd0
Event: 3.418 Thread 0x000001eeba675800 DEOPT UNPACKING pc=0x000001eea182a1af sp=0x0000002b3d1f8c08 mode 2
Event: 3.419 Thread 0x000001eeba675800 Uncommon trap: trap_request=0xffffff4d fr.pc=0x000001eea92f762c relative=0x000000000000008c
Event: 3.419 Thread 0x000001eeba675800 Uncommon trap: reason=unstable_if action=reinterpret pc=0x000001eea92f762c method=java.util.HashMap.hash(Ljava/lang/Object;)I @ 1 c2
Event: 3.419 Thread 0x000001eeba675800 DEOPT PACKING pc=0x000001eea92f762c sp=0x0000002b3d1f8a40
Event: 3.419 Thread 0x000001eeba675800 DEOPT UNPACKING pc=0x000001eea182a1af sp=0x0000002b3d1f89d8 mode 2

Classes redefined (0 events):
No events

Internal exceptions (20 events):
Event: 2.873 Thread 0x000001eeba675800 Exception <a 'java/lang/NoSuchMethodError'{0x000000008fca8b78}: 'java.lang.Object java.lang.invoke.DirectMethodHandle$Holder.invokeVirtual(java.lang.Object, java.lang.Object, java.lang.Object, java.lang.Object)'> (0x000000008fca8b78) thrown at [./src/hotspot/share/interpreter/linkResolver.cpp, line 773]
Event: 2.950 Thread 0x000001eeba675800 Exception <a 'java/lang/NoSuchMethodError'{0x000000008f56f4c0}: 'void java.lang.invoke.DirectMethodHandle$Holder.invokeSpecial(java.lang.Object, java.lang.Object, java.lang.Object, java.lang.Object, java.lang.Object, java.lang.Object)'> (0x000000008f56f4c0) thrown at [./src/hotspot/share/interpreter/linkResolver.cpp, line 773]
Event: 2.959 Thread 0x000001eeba675800 Exception <a 'java/lang/NoSuchMethodError'{0x000000008f5de180}: 'void java.lang.invoke.DirectMethodHandle$Holder.invokeSpecial(java.lang.Object, java.lang.Object, java.lang.Object, java.lang.Object, java.lang.Object, java.lang.Object, java.lang.Object)'> (0x000000008f5de180) thrown at [./src/hotspot/share/interpreter/linkResolver.cpp, line 773]
Event: 2.960 Thread 0x000001eeba675800 Exception <a 'java/lang/NoSuchMethodError'{0x000000008f5e6670}: 'java.lang.Object java.lang.invoke.Invokers$Holder.linkToTargetMethod(java.lang.Object, java.lang.Object, java.lang.Object, java.lang.Object, java.lang.Object, java.lang.Object)'> (0x000000008f5e6670) thrown at [./src/hotspot/share/interpreter/linkResolver.cpp, line 773]
Event: 3.045 Thread 0x000001eeba675800 Exception <a 'java/lang/NoSuchMethodError'{0x000000008ebc2d50}: 'int java.lang.invoke.DirectMethodHandle$Holder.invokeStaticInit(java.lang.Object, java.lang.Object, java.lang.Object)'> (0x000000008ebc2d50) thrown at [./src/hotspot/share/interpreter/linkResolver.cpp, line 773]
Event: 3.119 Thread 0x000001eeba675800 Exception <a 'java/lang/NoSuchMethodError'{0x000000008e5f4340}: 'void java.lang.invoke.DirectMethodHandle$Holder.invokeStaticInit(java.lang.Object, java.lang.Object)'> (0x000000008e5f4340) thrown at [./src/hotspot/share/interpreter/linkResolver.cpp, line 773]
Event: 3.202 Thread 0x000001eeba675800 Exception <a 'java/lang/NoSuchMethodError'{0x000000008df669a0}: 'void java.lang.invoke.DirectMethodHandle$Holder.invokeStatic(java.lang.Object, java.lang.Object, java.lang.Object, java.lang.Object)'> (0x000000008df669a0) thrown at [./src/hotspot/share/interpreter/linkResolver.cpp, line 773]
Event: 3.207 Thread 0x000001eeba675800 Exception <a 'java/lang/NoSuchMethodError'{0x000000008de08218}: 'java.lang.Object java.lang.invoke.DirectMethodHandle$Holder.invokeVirtual(java.lang.Object, java.lang.Object, java.lang.Object)'> (0x000000008de08218) thrown at [./src/hotspot/share/interpreter/linkResolver.cpp, line 773]
Event: 3.210 Thread 0x000001eeba675800 Exception <a 'java/lang/NoSuchMethodError'{0x000000008de30e78}: 'int java.lang.invoke.DirectMethodHandle$Holder.invokeVirtual(java.lang.Object, java.lang.Object)'> (0x000000008de30e78) thrown at [./src/hotspot/share/interpreter/linkResolver.cpp, line 773]
Event: 3.216 Thread 0x000001eeba675800 Exception <a 'java/lang/NoSuchMethodError'{0x000000008de6b368}: 'int java.lang.invoke.DirectMethodHandle$Holder.invokeVirtual(java.lang.Object, java.lang.Object, java.lang.Object)'> (0x000000008de6b368) thrown at [./src/hotspot/share/interpreter/linkResolver.cpp, line 773]
Event: 3.234 Thread 0x000001eeba675800 Exception <a 'java/lang/NoSuchMethodError'{0x000000008ddd1dc8}: 'void java.lang.invoke.DirectMethodHandle$Holder.invokeSpecial(java.lang.Object, java.lang.Object)'> (0x000000008ddd1dc8) thrown at [./src/hotspot/share/interpreter/linkResolver.cpp, line 773]
Event: 3.312 Thread 0x000001eeba675800 Exception <a 'java/lang/NoSuchMethodError'{0x000000008d36ee80}: 'java.lang.Object java.lang.invoke.DirectMethodHandle$Holder.invokeSpecialIFC(java.lang.Object, java.lang.Object, java.lang.Object, java.lang.Object)'> (0x000000008d36ee80) thrown at [./src/hotspot/share/interpreter/linkResolver.cpp, line 773]
Event: 3.319 Thread 0x000001eeba675800 Exception <a 'java/lang/NoSuchMethodError'{0x000000008d2b4860}: 'java.lang.Object java.lang.invoke.DirectMethodHandle$Holder.invokeSpecial(java.lang.Object, java.lang.Object, java.lang.Object, java.lang.Object, java.lang.Object, java.lang.Object, java.lang.Object, java.lang.Object, java.lang.Object, java.lang.Object, java.lang.Object, java.lang.Object, java.lang.Object)'> (0x000000008d2b4860) thrown at [./src/hotspot/share/interpreter/linkResolver.cpp, line 773]
Event: 3.320 Thread 0x000001eeba675800 Exception <a 'java/lang/NoSuchMethodError'{0x000000008d2c56c0}: 'java.lang.Object java.lang.invoke.DirectMethodHandle$Holder.invokeSpecial(java.lang.Object, java.lang.Object, java.lang.Object, java.lang.Object, java.lang.Object, java.lang.Object, java.lang.Object, java.lang.Object, java.lang.Object, java.lang.Object, java.lang.Object, java.lang.Object)'> (0x000000008d2c56c0) thrown at [./src/hotspot/share/interpreter/linkResolver.cpp, line 773]
Event: 3.321 Thread 0x000001eeba675800 Exception <a 'java/lang/NoSuchMethodError'{0x000000008d2ca7e8}: 'java.lang.Object java.lang.invoke.Invokers$Holder.linkToTargetMethod(java.lang.Object, java.lang.Object, java.lang.Object, java.lang.Object, java.lang.Object, java.lang.Object, java.lang.Object, java.lang.Object, java.lang.Object, java.lang.Object, java.lang.Object)'> (0x000000008d2ca7e8) thrown at [./src/hotspot/share/interpreter/linkResolver.cpp, line 773]
Event: 3.330 Thread 0x000001eeba675800 Exception <a 'java/lang/NoSuchMethodError'{0x000000008d1ff2d0}: 'java.lang.Object java.lang.invoke.DirectMethodHandle$Holder.invokeSpecial(java.lang.Object, java.lang.Object, java.lang.Object, java.lang.Object, java.lang.Object, java.lang.Object, java.lang.Object, java.lang.Object, java.lang.Object, java.lang.Object, java.lang.Object, java.lang.Object, java.lang.Object, java.lang.Object)'> (0x000000008d1ff2d0) thrown at [./src/hotspot/share/interpreter/linkResolver.cpp, line 773]
Event: 3.331 Thread 0x000001eeba675800 Exception <a 'java/lang/NoSuchMethodError'{0x000000008d010dd8}: 'java.lang.Object java.lang.invoke.Invokers$Holder.linkToTargetMethod(java.lang.Object, java.lang.Object, java.lang.Object, java.lang.Object, java.lang.Object, java.lang.Object, java.lang.Object, java.lang.Object, java.lang.Object, java.lang.Object, java.lang.Object, java.lang.Object)'> (0x000000008d010dd8) thrown at [./src/hotspot/share/interpreter/linkResolver.cpp, line 773]
Event: 3.339 Thread 0x000001eeba675800 Exception <a 'java/lang/NoSuchMethodError'{0x000000008d0f5708}: 'java.lang.Object java.lang.invoke.DirectMethodHandle$Holder.invokeStaticInit(java.lang.Object, java.lang.Object, java.lang.Object, java.lang.Object)'> (0x000000008d0f5708) thrown at [./src/hotspot/share/interpreter/linkResolver.cpp, line 773]
Event: 3.418 Thread 0x000001eeba675800 Implicit null exception at 0x000001eea93a49f5 to 0x000001eea93a4bbc
Event: 3.419 Thread 0x000001eeba675800 Implicit null exception at 0x000001eea92f75af to 0x000001eea92f761d

Events (20 events):
Event: 3.443 loading class org/gradle/internal/management/DependencyResolutionManagementInternal$RepositoriesModeInternal
Event: 3.443 loading class org/gradle/internal/management/DependencyResolutionManagementInternal$RepositoriesModeInternal done
Event: 3.443 loading class org/gradle/internal/management/DefaultVersionCatalogBuilderContainer
Event: 3.443 loading class org/gradle/internal/management/DefaultVersionCatalogBuilderContainer done
Event: 3.443 loading class org/gradle/api/internal/AbstractNamedDomainObjectContainer
Event: 3.443 loading class org/gradle/api/internal/AbstractNamedDomainObjectContainer done
Event: 3.444 loading class org/gradle/api/reflect/HasPublicType
Event: 3.444 loading class org/gradle/api/reflect/HasPublicType done
Event: 3.444 loading class org/gradle/api/internal/DefaultNamedDomainObjectSet
Event: 3.444 loading class org/gradle/api/internal/DefaultNamedDomainObjectSet done
Event: 3.445 loading class org/gradle/api/initialization/dsl/VersionCatalogBuilder
Event: 3.445 loading class org/gradle/api/initialization/dsl/VersionCatalogBuilder done
Event: 3.445 loading class org/gradle/api/initialization/resolve/RepositoriesMode
Event: 3.445 loading class org/gradle/api/initialization/resolve/RepositoriesMode done
Event: 3.445 loading class org/gradle/api/initialization/resolve/RulesMode
Event: 3.445 loading class org/gradle/api/initialization/resolve/RulesMode done
Event: 3.446 loading class javax/annotation/meta/When
Event: 3.446 loading class javax/annotation/meta/When done
Event: 3.446 loading class javax/annotation/meta/TypeQualifier
Event: 3.446 loading class javax/annotation/meta/TypeQualifier done


Dynamic libraries:
0x00007ff7101a0000 - 0x00007ff7101aa000 	D:\Android Studio\jre\bin\java.exe
0x00007ffcffaf0000 - 0x00007ffcffce5000 	C:\Windows\SYSTEM32\ntdll.dll
0x00007ffcfe070000 - 0x00007ffcfe12d000 	C:\Windows\System32\KERNEL32.DLL
0x00007ffcfd380000 - 0x00007ffcfd649000 	C:\Windows\System32\KERNELBASE.dll
0x00007ffcfd230000 - 0x00007ffcfd330000 	C:\Windows\System32\ucrtbase.dll
0x00007ffcf0ac0000 - 0x00007ffcf0ad9000 	D:\Android Studio\jre\bin\jli.dll
0x00007ffcf0ae0000 - 0x00007ffcf0af7000 	D:\Android Studio\jre\bin\VCRUNTIME140.dll
0x00007ffcfed60000 - 0x00007ffcfef00000 	C:\Windows\System32\USER32.dll
0x00007ffcfd880000 - 0x00007ffcfd8a2000 	C:\Windows\System32\win32u.dll
0x00007ffcfe900000 - 0x00007ffcfe92a000 	C:\Windows\System32\GDI32.dll
0x00007ffcfd8b0000 - 0x00007ffcfd9bb000 	C:\Windows\System32\gdi32full.dll
0x00007ffcfd650000 - 0x00007ffcfd6ed000 	C:\Windows\System32\msvcp_win.dll
0x00007ffcfbed0000 - 0x00007ffcfc16a000 	C:\Windows\WinSxS\amd64_microsoft.windows.common-controls_6595b64144ccf1df_6.0.19041.844_none_ca00b6081b84eb1d\COMCTL32.dll
0x00007ffcfdb50000 - 0x00007ffcfdbee000 	C:\Windows\System32\msvcrt.dll
0x00007ffcff0d0000 - 0x00007ffcff100000 	C:\Windows\System32\IMM32.DLL
0x000000005b650000 - 0x000000005b65c000 	D:\360\360Safe\safemon\SafeWrapper.dll
0x00007ffcffa00000 - 0x00007ffcffaac000 	C:\Windows\System32\ADVAPI32.dll
0x00007ffcfef70000 - 0x00007ffcff00c000 	C:\Windows\System32\sechost.dll
0x00007ffcfec30000 - 0x00007ffcfed5b000 	C:\Windows\System32\RPCRT4.dll
0x00007ffce0ce0000 - 0x00007ffce0d8c000 	D:\360\360Safe\safemon\libzdtp64.dll
0x00007ffcfe130000 - 0x00007ffcfe872000 	C:\Windows\System32\SHELL32.dll
0x00007ffcff220000 - 0x00007ffcff275000 	C:\Windows\System32\SHLWAPI.dll
0x00007ffcfcf80000 - 0x00007ffcfcf8a000 	C:\Windows\SYSTEM32\VERSION.dll
0x00007ffc7f110000 - 0x00007ffc7f1ad000 	D:\Android Studio\jre\bin\msvcp140.dll
0x00007ffc58ef0000 - 0x00007ffc599d5000 	D:\Android Studio\jre\bin\server\jvm.dll
0x00007ffcfdbf0000 - 0x00007ffcfdbf8000 	C:\Windows\System32\PSAPI.DLL
0x00007ffcfabd0000 - 0x00007ffcfabf7000 	C:\Windows\SYSTEM32\WINMM.dll
0x00007ffcf3720000 - 0x00007ffcf3729000 	C:\Windows\SYSTEM32\WSOCK32.dll
0x00007ffcfef00000 - 0x00007ffcfef6b000 	C:\Windows\System32\WS2_32.dll
0x00007ffcfac40000 - 0x00007ffcfac52000 	C:\Windows\SYSTEM32\kernel.appcore.dll
0x00007ffcecd20000 - 0x00007ffcecd31000 	D:\Android Studio\jre\bin\verify.dll
0x00007ffcfcc40000 - 0x00007ffcfce24000 	C:\Windows\SYSTEM32\DBGHELP.DLL
0x00007ffcfc9a0000 - 0x00007ffcfc9cc000 	C:\Windows\SYSTEM32\dbgcore.DLL
0x00007ffcfd800000 - 0x00007ffcfd880000 	C:\Windows\System32\bcryptPrimitives.dll
0x00007ffce28e0000 - 0x00007ffce2909000 	D:\Android Studio\jre\bin\java.dll
0x00007ffcf0a30000 - 0x00007ffcf0a3b000 	D:\Android Studio\jre\bin\jimage.dll
0x00007ffce2700000 - 0x00007ffce2718000 	D:\Android Studio\jre\bin\zip.dll
0x00007ffcf9870000 - 0x00007ffcfa000000 	C:\Windows\SYSTEM32\windows.storage.dll
0x00007ffcff5f0000 - 0x00007ffcff945000 	C:\Windows\System32\combase.dll
0x00007ffcfc7c0000 - 0x00007ffcfc7ec000 	C:\Windows\SYSTEM32\Wldp.dll
0x00007ffcff540000 - 0x00007ffcff5ee000 	C:\Windows\System32\SHCORE.dll
0x00007ffcfd170000 - 0x00007ffcfd18f000 	C:\Windows\SYSTEM32\profapi.dll
0x00007ffce26e0000 - 0x00007ffce26fa000 	D:\Android Studio\jre\bin\net.dll
0x00007ffcf39b0000 - 0x00007ffcf3abc000 	C:\Windows\SYSTEM32\WINHTTP.dll
0x00007ffcfc460000 - 0x00007ffcfc4ca000 	C:\Windows\system32\mswsock.dll
0x00007ffcdff50000 - 0x00007ffcdff64000 	D:\Android Studio\jre\bin\nio.dll
0x00007ffcc39a0000 - 0x00007ffcc39c7000 	D:\Android Studio\gradle\native\e1d6ef7f7dcc3fd88c89a11ec53ec762bb8ba0a96d01ffa2cd45eb1d1d8dd5c5\windows-amd64\native-platform.dll
0x00007ffc747e0000 - 0x00007ffc74924000 	D:\Android Studio\gradle\native\5664cfc778a61ccfe75a443a1ab52a65af34e5dc3c78e0209fed803814484fcb\windows-amd64\native-platform-file-events.dll
0x00007ffcef650000 - 0x00007ffcef65a000 	D:\Android Studio\jre\bin\management.dll
0x00007ffceea80000 - 0x00007ffceea8d000 	D:\Android Studio\jre\bin\management_ext.dll
0x00007ffcfcf50000 - 0x00007ffcfcf68000 	C:\Windows\SYSTEM32\CRYPTSP.dll
0x00007ffcfbbd0000 - 0x00007ffcfbc04000 	C:\Windows\system32\rsaenh.dll
0x00007ffcfd9c0000 - 0x00007ffcfd9e7000 	C:\Windows\System32\bcrypt.dll
0x00007ffcfd0f0000 - 0x00007ffcfd11e000 	C:\Windows\SYSTEM32\USERENV.dll
0x00007ffcfc730000 - 0x00007ffcfc73c000 	C:\Windows\SYSTEM32\CRYPTBASE.dll
0x00007ffcfc590000 - 0x00007ffcfc5cb000 	C:\Windows\SYSTEM32\IPHLPAPI.DLL
0x00007ffcff530000 - 0x00007ffcff538000 	C:\Windows\System32\NSI.dll
0x00007ffced960000 - 0x00007ffced977000 	C:\Windows\SYSTEM32\dhcpcsvc6.DLL
0x00007ffced940000 - 0x00007ffced95d000 	C:\Windows\SYSTEM32\dhcpcsvc.DLL
0x00007ffcfc1a0000 - 0x00007ffcfc26b000 	C:\Windows\SYSTEM32\DNSAPI.dll

dbghelp: loaded successfully - version: 4.0.5 - missing functions: none
symbol engine: initialized successfully - sym options: 0x614 - pdb path: .;D:\Android Studio\jre\bin;C:\Windows\SYSTEM32;C:\Windows\WinSxS\amd64_microsoft.windows.common-controls_6595b64144ccf1df_6.0.19041.844_none_ca00b6081b84eb1d;D:\360\360Safe\safemon;D:\Android Studio\jre\bin\server;D:\Android Studio\gradle\native\e1d6ef7f7dcc3fd88c89a11ec53ec762bb8ba0a96d01ffa2cd45eb1d1d8dd5c5\windows-amd64;D:\Android Studio\gradle\native\5664cfc778a61ccfe75a443a1ab52a65af34e5dc3c78e0209fed803814484fcb\windows-amd64

VM Arguments:
jvm_args: --add-opens=java.base/java.util=ALL-UNNAMED --add-opens=java.base/java.lang=ALL-UNNAMED --add-opens=java.base/java.lang.invoke=ALL-UNNAMED --add-opens=java.base/java.util=ALL-UNNAMED --add-opens=java.prefs/java.util.prefs=ALL-UNNAMED --add-opens=java.prefs/java.util.prefs=ALL-UNNAMED --add-opens=java.base/java.nio.charset=ALL-UNNAMED --add-opens=java.base/java.net=ALL-UNNAMED --add-opens=java.base/java.util.concurrent.atomic=ALL-UNNAMED -Xmx2048m -Dfile.encoding=UTF-8 -Duser.country=CN -Duser.language=zh -Duser.variant 
java_command: org.gradle.launcher.daemon.bootstrap.GradleDaemon 7.3.3
java_class_path (initial): D:\Android Studio\gradle\wrapper\dists\gradle-7.3.3-bin\6a41zxkdtcxs8rphpq6y0069z\gradle-7.3.3\lib\gradle-launcher-7.3.3.jar
Launcher Type: SUN_STANDARD

[Global flags]
     intx CICompilerCount                          = 4                                         {product} {ergonomic}
     uint ConcGCThreads                            = 2                                         {product} {ergonomic}
     uint G1ConcRefinementThreads                  = 8                                         {product} {ergonomic}
   size_t G1HeapRegionSize                         = 1048576                                   {product} {ergonomic}
    uintx GCDrainStackTargetSize                   = 64                                        {product} {ergonomic}
   size_t InitialHeapSize                          = 266338304                                 {product} {ergonomic}
   size_t MarkStackSize                            = 4194304                                   {product} {ergonomic}
   size_t MaxHeapSize                              = 2147483648                                {product} {command line}
   size_t MaxNewSize                               = 1287651328                                {product} {ergonomic}
   size_t MinHeapDeltaBytes                        = 1048576                                   {product} {ergonomic}
    uintx NonNMethodCodeHeapSize                   = 5836300                                {pd product} {ergonomic}
    uintx NonProfiledCodeHeapSize                  = 122910970                              {pd product} {ergonomic}
    uintx ProfiledCodeHeapSize                     = 122910970                              {pd product} {ergonomic}
    uintx ReservedCodeCacheSize                    = 251658240                              {pd product} {ergonomic}
     bool SegmentedCodeCache                       = true                                      {product} {ergonomic}
     bool UseCompressedClassPointers               = true                                 {lp64_product} {ergonomic}
     bool UseCompressedOops                        = true                                 {lp64_product} {ergonomic}
     bool UseG1GC                                  = true                                      {product} {ergonomic}
     bool UseLargePagesIndividualAllocation        = false                                  {pd product} {ergonomic}

Logging:
Log output configuration:
 #0: stdout all=warning uptime,level,tags
 #1: stderr all=off uptime,level,tags

Environment Variables:
JAVA_HOME=D:\JAVA\jdk1.8.0_202
PATH=C:\Program Files\NVIDIA GPU Computing Toolkit\CUDA\v12.1\bin;C:\Program Files\NVIDIA GPU Computing Toolkit\CUDA\v12.1\libnvvp;C:\Windows\system32;C:\Windows;C:\Windows\system32\wbem;D:\OpenCV\x86_64-8.1.0-release-posix-seh-rt_v6-rev0\mingw64\bin;D:\OpenCV\cmake-3.20.2-windows-x86_64\cmake-3.20.2-windows-x86_64\bin;D:\OpenCV\opencv4.6.0\bin;D:\微信web开发者工具\dll;D:\JAVA\jdk1.8.0_202\bin;D:\JAVA\jdk1.8.0_202\jre\bin;C:\Program Files\NVIDIA Corporation\NVIDIA NvDLISR;C:\Program Files\NVIDIA Corporation\Nsight Compute 2023.1.1\;C:\Program Files (x86)\NVIDIA Corporation\PhysX\Common;D:\MySQL\MySQL Shell 8.0\bin\;D:\Anaconda;D:\Anaconda\Library\mingw-w64\bin;D:\Anaconda\Library\usr\bin;D:\Anaconda\Library\bin;D:\Anaconda\Scripts;C:\Users\陈仁兴\AppData\Local\Programs\Python\Python39\Scripts\;C:\Users\陈仁兴\AppData\Local\Programs\Python\Python39\;C:\Users\陈仁兴\AppData\Local\Microsoft\WindowsApps;D:\PyCharm 2021.3.3\bin;;C:\Users\陈仁兴\.dotnet\tools;D:\IDEA\IntelliJ IDEA Community Edition 2021.2.1\bin;;D:\pycharm-community\PyCharm Community Edition 2021.2.3\bin;;D:\Microsoft VS Code\bin;D:\Anaconda\envs\env_DeepLearning_PyTorch-1.13.1\Scripts;D:\MySQL\MySQL Server 8.0\bin;
USERNAME=陈仁兴
OS=Windows_NT
PROCESSOR_IDENTIFIER=Intel64 Family 6 Model 142 Stepping 12, GenuineIntel



---------------  S Y S T E M  ---------------

OS: Windows 10 , 64 bit Build 19041 (10.0.19041.804)
OS uptime: 0 days 4:13 hours

CPU:total 8 (initial active 8) (4 cores per cpu, 2 threads per core) family 6 model 142 stepping 12 microcode 0xde, cmov, cx8, fxsr, mmx, sse, sse2, sse3, ssse3, sse4.1, sse4.2, popcnt, avx, avx2, aes, clmul, erms, 3dnowpref, lzcnt, ht, tsc, tscinvbit, bmi1, bmi2, adx, fma

Memory: 4k page, system-wide physical 16217M (6161M free)
TotalPageFile size 24921M (AvailPageFile size 14094M)
current process WorkingSet (physical memory assigned to process): 282M, peak: 287M
current process commit charge ("private bytes"): 445M, peak: 451M

vm_info: OpenJDK 64-Bit Server VM (11.0.12+7-b1504.28-7817840) for windows-amd64 JRE (11.0.12+7-b1504.28-7817840), built on Oct 13 2021 22:12:33 by "builder" with MS VC++ 14.0 (VS2015)

END.
