#
# A fatal error has been detected by the Java Runtime Environment:
#
#  EXCEPTION_ACCESS_VIOLATION (0xc0000005) at pc=0x00007ffc4c00b708, pid=8120, tid=24076
#
# JRE version: OpenJDK Runtime Environment (11.0.12+7) (build 11.0.12+7-b1504.28-7817840)
# Java VM: OpenJDK 64-Bit Server VM (11.0.12+7-b1504.28-7817840, mixed mode, tiered, compressed oops, g1 gc, windows-amd64)
# Problematic frame:
# V  [jvm.dll+0x83b708]
#
# No core dump will be written. Minidumps are not enabled by default on client versions of Windows
#
# If you would like to submit a bug report, please visit:
#   https://bugreport.java.com/bugreport/crash.jsp
#

---------------  S U M M A R Y ------------

Command Line: --add-opens=java.base/java.util=ALL-UNNAMED --add-opens=java.base/java.lang=ALL-UNNAMED --add-opens=java.base/java.lang.invoke=ALL-UNNAMED --add-opens=java.base/java.util=ALL-UNNAMED --add-opens=java.prefs/java.util.prefs=ALL-UNNAMED --add-opens=java.prefs/java.util.prefs=ALL-UNNAMED --add-opens=java.base/java.nio.charset=ALL-UNNAMED --add-opens=java.base/java.net=ALL-UNNAMED --add-opens=java.base/java.util.concurrent.atomic=ALL-UNNAMED -Xmx2048m -Dfile.encoding=UTF-8 -Duser.country=CN -Duser.language=zh -Duser.variant org.gradle.launcher.daemon.bootstrap.GradleDaemon 7.3.3

Host: Intel(R) Core(TM) i5-10210U CPU @ 1.60GHz, 8 cores, 15G,  Windows 10 , 64 bit Build 19041 (10.0.19041.804)
Time: Sun Jun 11 10:43:49 2023 中国标准时间 elapsed time: 8.365949 seconds (0d 0h 0m 8s)

---------------  T H R E A D  ---------------

Current thread (0x0000022d57c61800):  GCTaskThread "GC Thread#2" [stack: 0x000000e217700000,0x000000e217800000] [id=24076]

Stack: [0x000000e217700000,0x000000e217800000],  sp=0x000000e2177ff418,  free space=1021k
Native frames: (J=compiled Java code, j=interpreted, Vv=VM code, C=native code)
V  [jvm.dll+0x83b708]


siginfo: EXCEPTION_ACCESS_VIOLATION (0xc0000005), data execution prevention violation at address 0x00007ffc4c00b708


Register to memory mapping:

RIP=0x00007ffc4c00b708 jvm.dll
RAX=0x000000000000022d is an unknown value
RBX=0x000000008779ebd8 is an oop: 
[error occurred during error reporting (printing register info), id 0xc0000005, EXCEPTION_ACCESS_VIOLATION (0xc0000005) at pc=0x00007ffc4bdb889d]

Registers:
RAX=0x000000000000022d, RBX=0x000000008779ebd8, RCX=0x0000022d57829360, RDX=0x000000008779ebd8
RSP=0x000000e2177ff418, RBP=0x000000000000000d, RSI=0x0000022d578291f0, RDI=0x0000022d578291f0
R8 =0x0000000100098820, R9 =0x00007ffc4c1774a0, R10=0x0000000000000000, R11=0x0000022d5d8a61b0
R12=0x000000000adfa7f6, R13=0x0000000000000000, R14=0x0000000000000001, R15=0x000000008779ebd8
RIP=0x00007ffc4c00b708, EFLAGS=0x0000000000010202

Top of Stack: (sp=0x000000e2177ff418)
0x000000e2177ff418:   00007ffc4bad79a7 000000008779ebd8
0x000000e2177ff428:   000000000000000d 0000022d56280890
0x000000e2177ff438:   0000022d578291f0 0000000000000000
0x000000e2177ff448:   00007ffc4bad7494 0000022d578291f0
0x000000e2177ff458:   0000000085999d01 000000000000000d
0x000000e2177ff468:   000000000000000d 0000022d3b4c5d40
0x000000e2177ff478:   00000000802d5fd8 0000000a57829302
0x000000e2177ff488:   0000000000000011 0000000000000001
0x000000e2177ff498:   0000022d578291f0 0000000000000040
0x000000e2177ff4a8:   0000022d3b4c5dc0 0000000000000000
0x000000e2177ff4b8:   0000022d578291f0 000000e2177ff701
0x000000e2177ff4c8:   00007ffc4baa9052 0000022d57829100
0x000000e2177ff4d8:   00007ffc4baabf01 0000000000000000
0x000000e2177ff4e8:   0000000085999d4c 0000022d3b4c5d40
0x000000e2177ff4f8:   00007ffc4bad57ab 0000000000000497
0x000000e2177ff508:   0000000000000411 000000e2177ff701 

Instructions: (pc=0x00007ffc4c00b708)
0x00007ffc4c00b608:   28 29 2d 3e 74 61 67 73 28 29 00 00 00 00 00 00
0x00007ffc4c00b618:   53 69 7a 65 20 6f 66 20 49 6e 73 74 61 6e 63 65
0x00007ffc4c00b628:   4b 6c 61 73 73 3a 3a 63 6f 6e 73 74 61 6e 74 73
0x00007ffc4c00b638:   28 29 2d 3e 63 61 63 68 65 28 29 00 00 00 00 00
0x00007ffc4c00b648:   53 69 7a 65 20 6f 66 20 49 6e 73 74 61 6e 63 65
0x00007ffc4c00b658:   4b 6c 61 73 73 3a 3a 63 6f 6e 73 74 61 6e 74 73
0x00007ffc4c00b668:   28 29 2d 3e 6f 70 65 72 61 6e 64 73 28 29 00 00
0x00007ffc4c00b678:   53 69 7a 65 20 6f 66 20 49 6e 73 74 61 6e 63 65
0x00007ffc4c00b688:   4b 6c 61 73 73 3a 3a 63 6f 6e 73 74 61 6e 74 73
0x00007ffc4c00b698:   28 29 2d 3e 72 65 66 65 72 65 6e 63 65 5f 6d 61
0x00007ffc4c00b6a8:   70 28 29 00 00 00 00 00 53 75 6d 20 6f 66 20 43
0x00007ffc4c00b6b8:   70 20 2b 20 43 70 54 61 67 73 20 2b 20 43 70 43
0x00007ffc4c00b6c8:   61 63 68 65 20 2b 20 43 70 4f 70 65 72 61 6e 64
0x00007ffc4c00b6d8:   73 20 2b 20 43 70 52 65 66 4d 61 70 00 00 00 00
0x00007ffc4c00b6e8:   4e 75 6d 62 65 72 20 6f 66 20 6d 65 74 68 6f 64
0x00007ffc4c00b6f8:   73 20 69 6e 20 74 68 69 73 20 63 6c 61 73 73 00
0x00007ffc4c00b708:   53 69 7a 65 20 6f 66 20 74 68 65 20 4d 65 74 68
0x00007ffc4c00b718:   6f 64 20 6f 62 6a 65 63 74 00 00 00 00 00 00 00
0x00007ffc4c00b728:   53 69 7a 65 20 6f 66 20 74 68 65 20 43 6f 6e 73
0x00007ffc4c00b738:   74 4d 65 74 68 6f 64 20 6f 62 6a 65 63 74 00 00
0x00007ffc4c00b748:   53 69 7a 65 20 6f 66 20 74 68 65 20 4d 65 74 68
0x00007ffc4c00b758:   6f 64 44 61 74 61 20 6f 62 6a 65 63 74 00 00 00
0x00007ffc4c00b768:   53 69 7a 65 20 6f 66 20 74 68 65 20 73 74 61 63
0x00007ffc4c00b778:   6b 6d 61 70 5f 64 61 74 61 00 00 00 00 00 00 00
0x00007ffc4c00b788:   00 00 00 00 00 00 00 00 4f 66 20 74 68 65 20 4d
0x00007ffc4c00b798:   65 74 68 6f 64 42 79 74 65 73 20 63 6f 6c 75 6d
0x00007ffc4c00b7a8:   6e 2c 20 68 6f 77 20 6d 75 63 68 20 61 72 65 20
0x00007ffc4c00b7b8:   74 68 65 20 73 70 61 63 65 20 74 61 6b 65 6e 20
0x00007ffc4c00b7c8:   75 70 20 62 79 20 62 79 74 65 63 6f 64 65 73 00
0x00007ffc4c00b7d8:   53 75 6d 20 6f 66 20 4d 65 74 68 6f 64 42 79 74
0x00007ffc4c00b7e8:   65 73 20 2b 20 43 6f 6e 73 74 6d 65 74 68 6f 64
0x00007ffc4c00b7f8:   20 2b 20 53 74 61 63 6b 6d 61 70 20 2b 20 4d 65 


Stack slot to memory mapping:
stack at sp + 0 slots: 0x00007ffc4bad79a7 jvm.dll
stack at sp + 1 slots: 0x000000008779ebd8 is an oop: 
[error occurred during error reporting (inspecting top of stack), id 0xc0000005, EXCEPTION_ACCESS_VIOLATION (0xc0000005) at pc=0x00007ffc4bdb889d]


---------------  P R O C E S S  ---------------

Threads class SMR info:
_java_thread_list=0x0000022d5d2bc930, length=123, elements={
0x0000022d3b4ab000, 0x0000022d56412000, 0x0000022d56420000, 0x0000022d56d3d800,
0x0000022d56d3f800, 0x0000022d56d42800, 0x0000022d56d46000, 0x0000022d56d48000,
0x0000022d56d49000, 0x0000022d56eb9800, 0x0000022d58046800, 0x0000022d59e82800,
0x0000022d592d4800, 0x0000022d59bce800, 0x0000022d59f77800, 0x0000022d59847000,
0x0000022d58c7f000, 0x0000022d57114000, 0x0000022d591cb800, 0x0000022d599c2800,
0x0000022d57119800, 0x0000022d599c4800, 0x0000022d599c5000, 0x0000022d599c0000,
0x0000022d599c6000, 0x0000022d599c6800, 0x0000022d599c1000, 0x0000022d599c2000,
0x0000022d599c3800, 0x0000022d5a951800, 0x0000022d5a94f000, 0x0000022d5a954000,
0x0000022d5a952800, 0x0000022d5a955800, 0x0000022d5a956800, 0x0000022d5a958000,
0x0000022d5a953000, 0x0000022d5a95c000, 0x0000022d5a959800, 0x0000022d5a95a800,
0x0000022d5a95d000, 0x0000022d5a957000, 0x0000022d5a95b800, 0x0000022d5d00b000,
0x0000022d5d010000, 0x0000022d5d00d800, 0x0000022d5d00d000, 0x0000022d5d011000,
0x0000022d5d00f800, 0x0000022d5d00e800, 0x0000022d5d012000, 0x0000022d5d00c000,
0x0000022d5d016800, 0x0000022d5d013800, 0x0000022d5d018800, 0x0000022d5d015000,
0x0000022d5d012800, 0x0000022d5d01a000, 0x0000022d5d016000, 0x0000022d5d017800,
0x0000022d5d019000, 0x0000022d5d014000, 0x0000022d59285800, 0x0000022d59286000,
0x0000022d59287000, 0x0000022d59282000, 0x0000022d59281800, 0x0000022d59288000,
0x0000022d59284000, 0x0000022d59288800, 0x0000022d59284800, 0x0000022d59283000,
0x0000022d59289800, 0x0000022d5928c800, 0x0000022d5928d800, 0x0000022d5928e800,
0x0000022d5928c000, 0x0000022d5928b000, 0x0000022d5928f000, 0x0000022d59290000,
0x0000022d5928a800, 0x0000022d5c8be000, 0x0000022d5c8c0000, 0x0000022d5c8bf000,
0x0000022d5c8c1800, 0x0000022d5c8c3000, 0x0000022d5c8c2800, 0x0000022d5c8bd800,
0x0000022d5c8c4000, 0x0000022d5c8c4800, 0x0000022d5c8c5800, 0x0000022d5c8c6800,
0x0000022d5c8c0800, 0x0000022d5c8c9800, 0x0000022d5c8c9000, 0x0000022d5c8ca800,
0x0000022d5c8c7000, 0x0000022d5c8cb000, 0x0000022d5c8cc000, 0x0000022d5c8c8000,
0x0000022d5d2cb000, 0x0000022d5d2c7800, 0x0000022d5d2c9000, 0x0000022d5d2c5000,
0x0000022d5d2c8800, 0x0000022d5d2ca000, 0x0000022d5d2cb800, 0x0000022d5d2c6000,
0x0000022d5d2cc800, 0x0000022d5d2c7000, 0x0000022d5d2d3000, 0x0000022d5d2d0800,
0x0000022d5d2cf800, 0x0000022d5d2d2000, 0x0000022d5d2cf000, 0x0000022d5d2d1800,
0x0000022d5d2ce000, 0x0000022d5d2cd800, 0x0000022d5d2d4000, 0x0000022d5c332000,
0x0000022d5c333800, 0x0000022d5c333000, 0x0000022d5aa26000
}

Java Threads: ( => current thread )
  0x0000022d3b4ab000 JavaThread "main" [_thread_blocked, id=1516, stack(0x000000e216300000,0x000000e216400000)]
  0x0000022d56412000 JavaThread "Reference Handler" daemon [_thread_blocked, id=2728, stack(0x000000e216a00000,0x000000e216b00000)]
  0x0000022d56420000 JavaThread "Finalizer" daemon [_thread_blocked, id=14844, stack(0x000000e216b00000,0x000000e216c00000)]
  0x0000022d56d3d800 JavaThread "Signal Dispatcher" daemon [_thread_blocked, id=24544, stack(0x000000e216c00000,0x000000e216d00000)]
  0x0000022d56d3f800 JavaThread "Attach Listener" daemon [_thread_blocked, id=8032, stack(0x000000e216d00000,0x000000e216e00000)]
  0x0000022d56d42800 JavaThread "Service Thread" daemon [_thread_blocked, id=23644, stack(0x000000e216e00000,0x000000e216f00000)]
  0x0000022d56d46000 JavaThread "C2 CompilerThread0" daemon [_thread_in_native, id=9904, stack(0x000000e216f00000,0x000000e217000000)]
  0x0000022d56d48000 JavaThread "C1 CompilerThread0" daemon [_thread_blocked, id=27236, stack(0x000000e217000000,0x000000e217100000)]
  0x0000022d56d49000 JavaThread "Sweeper thread" daemon [_thread_blocked, id=21516, stack(0x000000e217100000,0x000000e217200000)]
  0x0000022d56eb9800 JavaThread "Common-Cleaner" daemon [_thread_blocked, id=21624, stack(0x000000e217200000,0x000000e217300000)]
  0x0000022d58046800 JavaThread "Daemon health stats" [_thread_blocked, id=13120, stack(0x000000e217b00000,0x000000e217c00000)]
  0x0000022d59e82800 JavaThread "Incoming local TCP Connector on port 10294" [_thread_in_native, id=16656, stack(0x000000e217400000,0x000000e217500000)]
  0x0000022d592d4800 JavaThread "Daemon periodic checks" [_thread_blocked, id=22240, stack(0x000000e217500000,0x000000e217600000)]
  0x0000022d59bce800 JavaThread "Daemon" [_thread_blocked, id=16804, stack(0x000000e217c00000,0x000000e217d00000)]
  0x0000022d59f77800 JavaThread "Handler for socket connection from /127.0.0.1:10294 to /127.0.0.1:10295" [_thread_in_native, id=14488, stack(0x000000e217d00000,0x000000e217e00000)]
  0x0000022d59847000 JavaThread "Cancel handler" [_thread_blocked, id=14840, stack(0x000000e217e00000,0x000000e217f00000)]
  0x0000022d58c7f000 JavaThread "Daemon worker" [_thread_blocked, id=20976, stack(0x000000e217f00000,0x000000e218000000)]
  0x0000022d57114000 JavaThread "Asynchronous log dispatcher for DefaultDaemonConnection: socket connection from /127.0.0.1:10294 to /127.0.0.1:10295" [_thread_blocked, id=17508, stack(0x000000e218000000,0x000000e218100000)]
  0x0000022d591cb800 JavaThread "Stdin handler" [_thread_blocked, id=17916, stack(0x000000e218100000,0x000000e218200000)]
  0x0000022d599c2800 JavaThread "Daemon client event forwarder" [_thread_blocked, id=3368, stack(0x000000e218200000,0x000000e218300000)]
  0x0000022d57119800 JavaThread "C2 CompilerThread1" daemon [_thread_blocked, id=24452, stack(0x000000e218300000,0x000000e218400000)]
  0x0000022d599c4800 JavaThread "Cache worker for journal cache (D:\Android Studio\gradle\caches\journal-1)" [_thread_blocked, id=23592, stack(0x000000e218400000,0x000000e218500000)]
  0x0000022d599c5000 JavaThread "File lock request listener" [_thread_in_native, id=6236, stack(0x000000e218500000,0x000000e218600000)]
  0x0000022d599c0000 JavaThread "Cache worker for file hash cache (D:\Android Studio\gradle\caches\7.3.3\fileHashes)" [_thread_blocked, id=15600, stack(0x000000e218600000,0x000000e218700000)]
  0x0000022d599c6000 JavaThread "Cache worker for file hash cache (D:\AndroidStudioProjects\agile7\.gradle\7.3.3\fileHashes)" [_thread_blocked, id=21824, stack(0x000000e218a00000,0x000000e218b00000)]
  0x0000022d599c6800 JavaThread "File watcher server" daemon [_thread_in_native, id=10112, stack(0x000000e218c00000,0x000000e218d00000)]
  0x0000022d599c1000 JavaThread "File watcher consumer" daemon [_thread_blocked, id=996, stack(0x000000e218d00000,0x000000e218e00000)]
  0x0000022d599c2000 JavaThread "Cache worker for checksums cache (D:\AndroidStudioProjects\agile7\.gradle\7.3.3\checksums)" [_thread_blocked, id=25732, stack(0x000000e218e00000,0x000000e218f00000)]
  0x0000022d599c3800 JavaThread "Cache worker for cache directory md-supplier (D:\Android Studio\gradle\caches\7.3.3\md-supplier)" [_thread_blocked, id=11872, stack(0x000000e218f00000,0x000000e219000000)]
  0x0000022d5a951800 JavaThread "Cache worker for cache directory md-rule (D:\Android Studio\gradle\caches\7.3.3\md-rule)" [_thread_blocked, id=26572, stack(0x000000e219000000,0x000000e219100000)]
  0x0000022d5a94f000 JavaThread "Cache worker for execution history cache (D:\Android Studio\gradle\caches\7.3.3\executionHistory)" [_thread_blocked, id=22480, stack(0x000000e219100000,0x000000e219200000)]
  0x0000022d5a954000 JavaThread "jar transforms" [_thread_blocked, id=3224, stack(0x000000e219200000,0x000000e219300000)]
  0x0000022d5a952800 JavaThread "Cache worker for file content cache (D:\Android Studio\gradle\caches\7.3.3\fileContent)" [_thread_blocked, id=20244, stack(0x000000e219300000,0x000000e219400000)]
  0x0000022d5a955800 JavaThread "jar transforms Thread 2" [_thread_blocked, id=10088, stack(0x000000e219400000,0x000000e219500000)]
  0x0000022d5a956800 JavaThread "Cache worker for dependencies-accessors (D:\AndroidStudioProjects\agile7\.gradle\7.3.3\dependencies-accessors)" [_thread_blocked, id=25572, stack(0x000000e219500000,0x000000e219600000)]
  0x0000022d5a958000 JavaThread "jar transforms Thread 3" [_thread_blocked, id=20708, stack(0x000000e219600000,0x000000e219700000)]
  0x0000022d5a953000 JavaThread "Cache worker for Build Output Cleanup Cache (D:\AndroidStudioProjects\agile7\.gradle\buildOutputCleanup)" [_thread_blocked, id=12512, stack(0x000000e219700000,0x000000e219800000)]
  0x0000022d5a95c000 JavaThread "Unconstrained build operations" [_thread_blocked, id=12416, stack(0x000000e219800000,0x000000e219900000)]
  0x0000022d5a959800 JavaThread "Unconstrained build operations Thread 2" [_thread_blocked, id=22088, stack(0x000000e219900000,0x000000e219a00000)]
  0x0000022d5a95a800 JavaThread "Unconstrained build operations Thread 3" [_thread_blocked, id=23108, stack(0x000000e219a00000,0x000000e219b00000)]
  0x0000022d5a95d000 JavaThread "Unconstrained build operations Thread 4" [_thread_blocked, id=21868, stack(0x000000e219b00000,0x000000e219c00000)]
  0x0000022d5a957000 JavaThread "Unconstrained build operations Thread 5" [_thread_blocked, id=27368, stack(0x000000e219c00000,0x000000e219d00000)]
  0x0000022d5a95b800 JavaThread "Unconstrained build operations Thread 6" [_thread_blocked, id=25168, stack(0x000000e219d00000,0x000000e219e00000)]
  0x0000022d5d00b000 JavaThread "Unconstrained build operations Thread 7" [_thread_blocked, id=21448, stack(0x000000e219e00000,0x000000e219f00000)]
  0x0000022d5d010000 JavaThread "Unconstrained build operations Thread 8" [_thread_blocked, id=26840, stack(0x000000e219f00000,0x000000e21a000000)]
  0x0000022d5d00d800 JavaThread "Unconstrained build operations Thread 9" [_thread_blocked, id=27372, stack(0x000000e21a000000,0x000000e21a100000)]
  0x0000022d5d00d000 JavaThread "Unconstrained build operations Thread 10" [_thread_blocked, id=22772, stack(0x000000e21a100000,0x000000e21a200000)]
  0x0000022d5d011000 JavaThread "Unconstrained build operations Thread 11" [_thread_blocked, id=18648, stack(0x000000e21a200000,0x000000e21a300000)]
  0x0000022d5d00f800 JavaThread "Unconstrained build operations Thread 12" [_thread_blocked, id=17892, stack(0x000000e21a300000,0x000000e21a400000)]
  0x0000022d5d00e800 JavaThread "Unconstrained build operations Thread 13" [_thread_blocked, id=22572, stack(0x000000e21a400000,0x000000e21a500000)]
  0x0000022d5d012000 JavaThread "Unconstrained build operations Thread 14" [_thread_blocked, id=23312, stack(0x000000e21a500000,0x000000e21a600000)]
  0x0000022d5d00c000 JavaThread "Unconstrained build operations Thread 15" [_thread_blocked, id=23356, stack(0x000000e21a600000,0x000000e21a700000)]
  0x0000022d5d016800 JavaThread "Unconstrained build operations Thread 16" [_thread_blocked, id=19136, stack(0x000000e21a700000,0x000000e21a800000)]
  0x0000022d5d013800 JavaThread "Unconstrained build operations Thread 17" [_thread_blocked, id=2188, stack(0x000000e21a800000,0x000000e21a900000)]
  0x0000022d5d018800 JavaThread "Unconstrained build operations Thread 18" [_thread_blocked, id=540, stack(0x000000e21a900000,0x000000e21aa00000)]
  0x0000022d5d015000 JavaThread "Unconstrained build operations Thread 19" [_thread_blocked, id=22928, stack(0x000000e21aa00000,0x000000e21ab00000)]
  0x0000022d5d012800 JavaThread "Unconstrained build operations Thread 20" [_thread_blocked, id=26608, stack(0x000000e21ab00000,0x000000e21ac00000)]
  0x0000022d5d01a000 JavaThread "Unconstrained build operations Thread 21" [_thread_blocked, id=22040, stack(0x000000e21ac00000,0x000000e21ad00000)]
  0x0000022d5d016000 JavaThread "Unconstrained build operations Thread 22" [_thread_blocked, id=11444, stack(0x000000e21ad00000,0x000000e21ae00000)]
  0x0000022d5d017800 JavaThread "Unconstrained build operations Thread 23" [_thread_blocked, id=23300, stack(0x000000e21ae00000,0x000000e21af00000)]
  0x0000022d5d019000 JavaThread "Unconstrained build operations Thread 24" [_thread_blocked, id=25528, stack(0x000000e21af00000,0x000000e21b000000)]
  0x0000022d5d014000 JavaThread "Unconstrained build operations Thread 25" [_thread_blocked, id=23752, stack(0x000000e21b000000,0x000000e21b100000)]
  0x0000022d59285800 JavaThread "Unconstrained build operations Thread 26" [_thread_blocked, id=25132, stack(0x000000e21b100000,0x000000e21b200000)]
  0x0000022d59286000 JavaThread "Unconstrained build operations Thread 27" [_thread_blocked, id=26132, stack(0x000000e21b200000,0x000000e21b300000)]
  0x0000022d59287000 JavaThread "Unconstrained build operations Thread 28" [_thread_blocked, id=15424, stack(0x000000e21b300000,0x000000e21b400000)]
  0x0000022d59282000 JavaThread "Unconstrained build operations Thread 29" [_thread_blocked, id=19624, stack(0x000000e21b400000,0x000000e21b500000)]
  0x0000022d59281800 JavaThread "Unconstrained build operations Thread 30" [_thread_blocked, id=17136, stack(0x000000e21b500000,0x000000e21b600000)]
  0x0000022d59288000 JavaThread "Unconstrained build operations Thread 31" [_thread_blocked, id=14080, stack(0x000000e21b600000,0x000000e21b700000)]
  0x0000022d59284000 JavaThread "Unconstrained build operations Thread 32" [_thread_blocked, id=23884, stack(0x000000e21b700000,0x000000e21b800000)]
  0x0000022d59288800 JavaThread "Unconstrained build operations Thread 33" [_thread_blocked, id=20876, stack(0x000000e21b800000,0x000000e21b900000)]
  0x0000022d59284800 JavaThread "Unconstrained build operations Thread 34" [_thread_blocked, id=15560, stack(0x000000e21b900000,0x000000e21ba00000)]
  0x0000022d59283000 JavaThread "Unconstrained build operations Thread 35" [_thread_blocked, id=2492, stack(0x000000e21ba00000,0x000000e21bb00000)]
  0x0000022d59289800 JavaThread "Unconstrained build operations Thread 36" [_thread_blocked, id=24364, stack(0x000000e21bb00000,0x000000e21bc00000)]
  0x0000022d5928c800 JavaThread "Unconstrained build operations Thread 37" [_thread_blocked, id=18468, stack(0x000000e21bc00000,0x000000e21bd00000)]
  0x0000022d5928d800 JavaThread "Unconstrained build operations Thread 38" [_thread_blocked, id=20952, stack(0x000000e21bd00000,0x000000e21be00000)]
  0x0000022d5928e800 JavaThread "Unconstrained build operations Thread 39" [_thread_blocked, id=21432, stack(0x000000e21be00000,0x000000e21bf00000)]
  0x0000022d5928c000 JavaThread "Unconstrained build operations Thread 40" [_thread_blocked, id=18896, stack(0x000000e21bf00000,0x000000e21c000000)]
  0x0000022d5928b000 JavaThread "Unconstrained build operations Thread 41" [_thread_blocked, id=18924, stack(0x000000e21c000000,0x000000e21c100000)]
  0x0000022d5928f000 JavaThread "Unconstrained build operations Thread 42" [_thread_blocked, id=21440, stack(0x000000e21c100000,0x000000e21c200000)]
  0x0000022d59290000 JavaThread "Unconstrained build operations Thread 43" [_thread_blocked, id=1880, stack(0x000000e21c200000,0x000000e21c300000)]
  0x0000022d5928a800 JavaThread "Unconstrained build operations Thread 44" [_thread_blocked, id=14312, stack(0x000000e21c300000,0x000000e21c400000)]
  0x0000022d5c8be000 JavaThread "Unconstrained build operations Thread 45" [_thread_blocked, id=5008, stack(0x000000e21c400000,0x000000e21c500000)]
  0x0000022d5c8c0000 JavaThread "Unconstrained build operations Thread 46" [_thread_blocked, id=10108, stack(0x000000e21c500000,0x000000e21c600000)]
  0x0000022d5c8bf000 JavaThread "Unconstrained build operations Thread 47" [_thread_blocked, id=7288, stack(0x000000e21c600000,0x000000e21c700000)]
  0x0000022d5c8c1800 JavaThread "Unconstrained build operations Thread 48" [_thread_blocked, id=552, stack(0x000000e21c700000,0x000000e21c800000)]
  0x0000022d5c8c3000 JavaThread "Unconstrained build operations Thread 49" [_thread_blocked, id=24532, stack(0x000000e21c800000,0x000000e21c900000)]
  0x0000022d5c8c2800 JavaThread "Unconstrained build operations Thread 50" [_thread_blocked, id=16992, stack(0x000000e21c900000,0x000000e21ca00000)]
  0x0000022d5c8bd800 JavaThread "Unconstrained build operations Thread 51" [_thread_blocked, id=2052, stack(0x000000e21ca00000,0x000000e21cb00000)]
  0x0000022d5c8c4000 JavaThread "Unconstrained build operations Thread 52" [_thread_blocked, id=20040, stack(0x000000e21cb00000,0x000000e21cc00000)]
  0x0000022d5c8c4800 JavaThread "Unconstrained build operations Thread 53" [_thread_blocked, id=5944, stack(0x000000e21cc00000,0x000000e21cd00000)]
  0x0000022d5c8c5800 JavaThread "Unconstrained build operations Thread 54" [_thread_blocked, id=23084, stack(0x000000e21cd00000,0x000000e21ce00000)]
  0x0000022d5c8c6800 JavaThread "Unconstrained build operations Thread 55" [_thread_blocked, id=24492, stack(0x000000e21ce00000,0x000000e21cf00000)]
  0x0000022d5c8c0800 JavaThread "Unconstrained build operations Thread 56" [_thread_blocked, id=12348, stack(0x000000e21cf00000,0x000000e21d000000)]
  0x0000022d5c8c9800 JavaThread "Unconstrained build operations Thread 57" [_thread_blocked, id=20332, stack(0x000000e21d000000,0x000000e21d100000)]
  0x0000022d5c8c9000 JavaThread "Unconstrained build operations Thread 58" [_thread_blocked, id=19472, stack(0x000000e21d100000,0x000000e21d200000)]
  0x0000022d5c8ca800 JavaThread "Unconstrained build operations Thread 59" [_thread_blocked, id=20988, stack(0x000000e21d200000,0x000000e21d300000)]
  0x0000022d5c8c7000 JavaThread "Unconstrained build operations Thread 60" [_thread_blocked, id=12704, stack(0x000000e21d300000,0x000000e21d400000)]
  0x0000022d5c8cb000 JavaThread "Unconstrained build operations Thread 61" [_thread_blocked, id=23640, stack(0x000000e21d400000,0x000000e21d500000)]
  0x0000022d5c8cc000 JavaThread "Unconstrained build operations Thread 62" [_thread_blocked, id=26552, stack(0x000000e21d500000,0x000000e21d600000)]
  0x0000022d5c8c8000 JavaThread "Unconstrained build operations Thread 63" [_thread_blocked, id=21704, stack(0x000000e21d600000,0x000000e21d700000)]
  0x0000022d5d2cb000 JavaThread "Unconstrained build operations Thread 64" [_thread_blocked, id=25532, stack(0x000000e21d700000,0x000000e21d800000)]
  0x0000022d5d2c7800 JavaThread "Unconstrained build operations Thread 65" [_thread_blocked, id=26864, stack(0x000000e21d800000,0x000000e21d900000)]
  0x0000022d5d2c9000 JavaThread "Unconstrained build operations Thread 66" [_thread_blocked, id=16920, stack(0x000000e21d900000,0x000000e21da00000)]
  0x0000022d5d2c5000 JavaThread "Unconstrained build operations Thread 67" [_thread_blocked, id=23332, stack(0x000000e21da00000,0x000000e21db00000)]
  0x0000022d5d2c8800 JavaThread "Unconstrained build operations Thread 68" [_thread_blocked, id=24776, stack(0x000000e21db00000,0x000000e21dc00000)]
  0x0000022d5d2ca000 JavaThread "Unconstrained build operations Thread 69" [_thread_blocked, id=24940, stack(0x000000e21dc00000,0x000000e21dd00000)]
  0x0000022d5d2cb800 JavaThread "Unconstrained build operations Thread 70" [_thread_blocked, id=24376, stack(0x000000e21dd00000,0x000000e21de00000)]
  0x0000022d5d2c6000 JavaThread "Unconstrained build operations Thread 71" [_thread_blocked, id=18960, stack(0x000000e21de00000,0x000000e21df00000)]
  0x0000022d5d2cc800 JavaThread "Unconstrained build operations Thread 72" [_thread_blocked, id=15188, stack(0x000000e21df00000,0x000000e21e000000)]
  0x0000022d5d2c7000 JavaThread "Unconstrained build operations Thread 73" [_thread_blocked, id=8744, stack(0x000000e21e000000,0x000000e21e100000)]
  0x0000022d5d2d3000 JavaThread "Unconstrained build operations Thread 74" [_thread_blocked, id=24232, stack(0x000000e21e100000,0x000000e21e200000)]
  0x0000022d5d2d0800 JavaThread "Unconstrained build operations Thread 75" [_thread_blocked, id=4280, stack(0x000000e21e200000,0x000000e21e300000)]
  0x0000022d5d2cf800 JavaThread "Unconstrained build operations Thread 76" [_thread_blocked, id=24604, stack(0x000000e21e300000,0x000000e21e400000)]
  0x0000022d5d2d2000 JavaThread "Unconstrained build operations Thread 77" [_thread_blocked, id=26980, stack(0x000000e21e400000,0x000000e21e500000)]
  0x0000022d5d2cf000 JavaThread "Unconstrained build operations Thread 78" [_thread_blocked, id=10356, stack(0x000000e21e500000,0x000000e21e600000)]
  0x0000022d5d2d1800 JavaThread "Unconstrained build operations Thread 79" [_thread_blocked, id=10064, stack(0x000000e21e600000,0x000000e21e700000)]
  0x0000022d5d2ce000 JavaThread "Unconstrained build operations Thread 80" [_thread_blocked, id=12692, stack(0x000000e21e700000,0x000000e21e800000)]
  0x0000022d5d2cd800 JavaThread "jar transforms Thread 4" [_thread_blocked, id=19324, stack(0x000000e21e800000,0x000000e21e900000)]
  0x0000022d5d2d4000 JavaThread "jar transforms Thread 5" [_thread_blocked, id=21548, stack(0x000000e21e900000,0x000000e21ea00000)]
  0x0000022d5c332000 JavaThread "jar transforms Thread 6" [_thread_blocked, id=23428, stack(0x000000e21ea00000,0x000000e21eb00000)]
  0x0000022d5c333800 JavaThread "jar transforms Thread 7" [_thread_blocked, id=27580, stack(0x000000e21eb00000,0x000000e21ec00000)]
  0x0000022d5c333000 JavaThread "jar transforms Thread 8" [_thread_blocked, id=12752, stack(0x000000e21ec00000,0x000000e21ed00000)]
  0x0000022d5aa26000 JavaThread "C2 CompilerThread2" daemon [_thread_blocked, id=5264, stack(0x000000e218b00000,0x000000e218c00000)]

Other Threads:
  0x0000022d56cd6000 VMThread "VM Thread" [stack: 0x000000e216900000,0x000000e216a00000] [id=12588]
  0x0000022d56ee7800 WatcherThread [stack: 0x000000e217300000,0x000000e217400000] [id=20116]
  0x0000022d3b4c5000 GCTaskThread "GC Thread#0" [stack: 0x000000e216400000,0x000000e216500000] [id=17200]
  0x0000022d57baa000 GCTaskThread "GC Thread#1" [stack: 0x000000e217600000,0x000000e217700000] [id=23456]
=>0x0000022d57c61800 GCTaskThread "GC Thread#2" [stack: 0x000000e217700000,0x000000e217800000] [id=24076]
  0x0000022d57c62000 GCTaskThread "GC Thread#3" [stack: 0x000000e217800000,0x000000e217900000] [id=27012]
  0x0000022d573ab000 GCTaskThread "GC Thread#4" [stack: 0x000000e217900000,0x000000e217a00000] [id=21496]
  0x0000022d573ab800 GCTaskThread "GC Thread#5" [stack: 0x000000e217a00000,0x000000e217b00000] [id=22144]
  0x0000022d594ed800 GCTaskThread "GC Thread#6" [stack: 0x000000e218700000,0x000000e218800000] [id=27328]
  0x0000022d59654000 GCTaskThread "GC Thread#7" [stack: 0x000000e218800000,0x000000e218900000] [id=4948]
  0x0000022d3b4fc000 ConcurrentGCThread "G1 Main Marker" [stack: 0x000000e216500000,0x000000e216600000] [id=17348]
  0x0000022d3b4fd800 ConcurrentGCThread "G1 Conc#0" [stack: 0x000000e216600000,0x000000e216700000] [id=16012]
  0x0000022d593a8800 ConcurrentGCThread "G1 Conc#1" [stack: 0x000000e218900000,0x000000e218a00000] [id=6356]
  0x0000022d56305800 ConcurrentGCThread "G1 Refine#0" [stack: 0x000000e216700000,0x000000e216800000] [id=22880]
  0x0000022d56306800 ConcurrentGCThread "G1 Young RemSet Sampling" [stack: 0x000000e216800000,0x000000e216900000] [id=26052]

Threads with active compile tasks:
C2 CompilerThread0   8379 5614       4       org.objectweb.asm.SymbolTable::addConstantMemberReference (147 bytes)
C1 CompilerThread0   8379 5654       3       java.lang.reflect.AccessibleObject::logIfExportedForIllegalAccess (54 bytes)

VM state:at safepoint (normal execution)

VM Mutex/Monitor currently owned by a thread:  ([mutex/lock_event])
[0x0000022d3b4aa810] Threads_lock - owner thread: 0x0000022d56cd6000
[0x0000022d3b4aaa50] Heap_lock - owner thread: 0x0000022d58c7f000

Heap address: 0x0000000080000000, size: 2048 MB, Compressed Oops mode: 32-bit
Narrow klass base: 0x0000000000000000, Narrow klass shift: 3
Compressed class space size: 1073741824 Address: 0x0000000100000000

Heap:
 garbage-first heap   total 260096K, used 176386K [0x0000000080000000, 0x0000000100000000)
  region size 1024K, 153 young (156672K), 14 survivors (14336K)
 Metaspace       used 56570K, capacity 57977K, committed 58056K, reserved 1099776K
  class space    used 7215K, capacity 7729K, committed 7756K, reserved 1048576K
Heap Regions: E=young(eden), S=young(survivor), O=old, HS=humongous(starts), HC=humongous(continues), CS=collection set, F=free, A=archive, TAMS=top-at-mark-start (previous, next)
|   0|0x0000000080000000, 0x0000000080100000, 0x0000000080100000|100%| O|  |TAMS 0x0000000080100000, 0x0000000080000000| Untracked 
|   1|0x0000000080100000, 0x0000000080200000, 0x0000000080200000|100%| O|  |TAMS 0x0000000080200000, 0x0000000080100000| Untracked 
|   2|0x0000000080200000, 0x0000000080300000, 0x0000000080300000|100%| O|  |TAMS 0x0000000080300000, 0x0000000080200000| Untracked 
|   3|0x0000000080300000, 0x0000000080400000, 0x0000000080400000|100%|HS|  |TAMS 0x0000000080400000, 0x0000000080300000| Complete 
|   4|0x0000000080400000, 0x0000000080500000, 0x0000000080500000|100%|HC|  |TAMS 0x0000000080500000, 0x0000000080400000| Complete 
|   5|0x0000000080500000, 0x0000000080600000, 0x0000000080600000|100%|HC|  |TAMS 0x0000000080600000, 0x0000000080500000| Complete 
|   6|0x0000000080600000, 0x0000000080700000, 0x0000000080700000|100%| O|  |TAMS 0x0000000080700000, 0x0000000080600000| Untracked 
|   7|0x0000000080700000, 0x0000000080800000, 0x0000000080800000|100%| O|  |TAMS 0x0000000080800000, 0x0000000080700000| Untracked 
|   8|0x0000000080800000, 0x0000000080900000, 0x0000000080900000|100%| O|  |TAMS 0x0000000080900000, 0x0000000080800000| Untracked 
|   9|0x0000000080900000, 0x0000000080a00000, 0x0000000080a00000|100%| O|  |TAMS 0x0000000080a00000, 0x0000000080900000| Untracked 
|  10|0x0000000080a00000, 0x0000000080b00000, 0x0000000080b00000|100%| O|  |TAMS 0x0000000080b00000, 0x0000000080a00000| Untracked 
|  11|0x0000000080b00000, 0x0000000080c00000, 0x0000000080c00000|100%| O|  |TAMS 0x0000000080c00000, 0x0000000080b00000| Untracked 
|  12|0x0000000080c00000, 0x0000000080d00000, 0x0000000080d00000|100%| O|  |TAMS 0x0000000080d00000, 0x0000000080c00000| Untracked 
|  13|0x0000000080d00000, 0x0000000080e00000, 0x0000000080e00000|100%| O|  |TAMS 0x0000000080e00000, 0x0000000080d00000| Untracked 
|  14|0x0000000080e00000, 0x0000000080f00000, 0x0000000080f00000|100%| O|  |TAMS 0x0000000080f00000, 0x0000000080e00000| Untracked 
|  15|0x0000000080f00000, 0x0000000081000000, 0x0000000081000000|100%| O|  |TAMS 0x0000000081000000, 0x0000000080f00000| Untracked 
|  16|0x0000000081000000, 0x0000000081100000, 0x0000000081100000|100%| O|  |TAMS 0x00000000810cac00, 0x0000000081000000| Untracked 
|  17|0x0000000081100000, 0x0000000081200000, 0x0000000081200000|100%|HS|  |TAMS 0x0000000081100000, 0x0000000081100000| Complete 
|  18|0x0000000081200000, 0x0000000081300000, 0x0000000081300000|100%|HS|  |TAMS 0x0000000081200000, 0x0000000081200000| Complete 
|  19|0x0000000081300000, 0x0000000081400000, 0x0000000081400000|100%|HS|  |TAMS 0x0000000081300000, 0x0000000081300000| Complete 
|  20|0x0000000081400000, 0x0000000081500000, 0x0000000081500000|100%|HC|  |TAMS 0x0000000081400000, 0x0000000081400000| Complete 
|  21|0x0000000081500000, 0x0000000081600000, 0x0000000081600000|100%| O|  |TAMS 0x0000000081500000, 0x0000000081500000| Untracked 
|  22|0x0000000081600000, 0x0000000081700000, 0x0000000081700000|100%| O|  |TAMS 0x0000000081600000, 0x0000000081600000| Untracked 
|  23|0x0000000081700000, 0x0000000081800000, 0x0000000081800000|100%| O|  |TAMS 0x0000000081700000, 0x0000000081700000| Untracked 
|  24|0x0000000081800000, 0x0000000081900000, 0x0000000081900000|100%| O|  |TAMS 0x0000000081800000, 0x0000000081800000| Untracked 
|  25|0x0000000081900000, 0x0000000081900000, 0x0000000081a00000|  0%| F|  |TAMS 0x0000000081900000, 0x0000000081900000| Untracked 
|  26|0x0000000081a00000, 0x0000000081a00000, 0x0000000081b00000|  0%| F|  |TAMS 0x0000000081a00000, 0x0000000081a00000| Untracked 
|  27|0x0000000081b00000, 0x0000000081b00000, 0x0000000081c00000|  0%| F|  |TAMS 0x0000000081b00000, 0x0000000081b00000| Untracked 
|  28|0x0000000081c00000, 0x0000000081c00000, 0x0000000081d00000|  0%| F|  |TAMS 0x0000000081c00000, 0x0000000081c00000| Untracked 
|  29|0x0000000081d00000, 0x0000000081d00000, 0x0000000081e00000|  0%| F|  |TAMS 0x0000000081d00000, 0x0000000081d00000| Untracked 
|  30|0x0000000081e00000, 0x0000000081e00000, 0x0000000081f00000|  0%| F|  |TAMS 0x0000000081e00000, 0x0000000081e00000| Untracked 
|  31|0x0000000081f00000, 0x0000000081f00000, 0x0000000082000000|  0%| F|  |TAMS 0x0000000081f00000, 0x0000000081f00000| Untracked 
|  32|0x0000000082000000, 0x0000000082000000, 0x0000000082100000|  0%| F|  |TAMS 0x0000000082000000, 0x0000000082000000| Untracked 
|  33|0x0000000082100000, 0x0000000082100000, 0x0000000082200000|  0%| F|  |TAMS 0x0000000082100000, 0x0000000082100000| Untracked 
|  34|0x0000000082200000, 0x0000000082200000, 0x0000000082300000|  0%| F|  |TAMS 0x0000000082200000, 0x0000000082200000| Untracked 
|  35|0x0000000082300000, 0x0000000082300000, 0x0000000082400000|  0%| F|  |TAMS 0x0000000082300000, 0x0000000082300000| Untracked 
|  36|0x0000000082400000, 0x0000000082400000, 0x0000000082500000|  0%| F|  |TAMS 0x0000000082400000, 0x0000000082400000| Untracked 
|  37|0x0000000082500000, 0x0000000082500000, 0x0000000082600000|  0%| F|  |TAMS 0x0000000082500000, 0x0000000082500000| Untracked 
|  38|0x0000000082600000, 0x0000000082600000, 0x0000000082700000|  0%| F|  |TAMS 0x0000000082600000, 0x0000000082600000| Untracked 
|  39|0x0000000082700000, 0x0000000082700000, 0x0000000082800000|  0%| F|  |TAMS 0x0000000082700000, 0x0000000082700000| Untracked 
|  40|0x0000000082800000, 0x0000000082800000, 0x0000000082900000|  0%| F|  |TAMS 0x0000000082800000, 0x0000000082800000| Untracked 
|  41|0x0000000082900000, 0x0000000082900000, 0x0000000082a00000|  0%| F|  |TAMS 0x0000000082900000, 0x0000000082900000| Untracked 
|  42|0x0000000082a00000, 0x0000000082a00000, 0x0000000082b00000|  0%| F|  |TAMS 0x0000000082a00000, 0x0000000082a00000| Untracked 
|  43|0x0000000082b00000, 0x0000000082b00000, 0x0000000082c00000|  0%| F|  |TAMS 0x0000000082b00000, 0x0000000082b00000| Untracked 
|  44|0x0000000082c00000, 0x0000000082c00000, 0x0000000082d00000|  0%| F|  |TAMS 0x0000000082c00000, 0x0000000082c00000| Untracked 
|  45|0x0000000082d00000, 0x0000000082d00000, 0x0000000082e00000|  0%| F|  |TAMS 0x0000000082d00000, 0x0000000082d00000| Untracked 
|  46|0x0000000082e00000, 0x0000000082e00000, 0x0000000082f00000|  0%| F|  |TAMS 0x0000000082e00000, 0x0000000082e00000| Untracked 
|  47|0x0000000082f00000, 0x0000000082f00000, 0x0000000083000000|  0%| F|  |TAMS 0x0000000082f00000, 0x0000000082f00000| Untracked 
|  48|0x0000000083000000, 0x0000000083000000, 0x0000000083100000|  0%| F|  |TAMS 0x0000000083000000, 0x0000000083000000| Untracked 
|  49|0x0000000083100000, 0x0000000083100000, 0x0000000083200000|  0%| F|  |TAMS 0x0000000083100000, 0x0000000083100000| Untracked 
|  50|0x0000000083200000, 0x0000000083200000, 0x0000000083300000|  0%| F|  |TAMS 0x0000000083200000, 0x0000000083200000| Untracked 
|  51|0x0000000083300000, 0x0000000083300000, 0x0000000083400000|  0%| F|  |TAMS 0x0000000083300000, 0x0000000083300000| Untracked 
|  52|0x0000000083400000, 0x0000000083400000, 0x0000000083500000|  0%| F|  |TAMS 0x0000000083400000, 0x0000000083400000| Untracked 
|  53|0x0000000083500000, 0x0000000083500000, 0x0000000083600000|  0%| F|  |TAMS 0x0000000083500000, 0x0000000083500000| Untracked 
|  54|0x0000000083600000, 0x0000000083600000, 0x0000000083700000|  0%| F|  |TAMS 0x0000000083600000, 0x0000000083600000| Untracked 
|  55|0x0000000083700000, 0x0000000083700000, 0x0000000083800000|  0%| F|  |TAMS 0x0000000083700000, 0x0000000083700000| Untracked 
|  56|0x0000000083800000, 0x0000000083800000, 0x0000000083900000|  0%| F|  |TAMS 0x0000000083800000, 0x0000000083800000| Untracked 
|  57|0x0000000083900000, 0x0000000083900000, 0x0000000083a00000|  0%| F|  |TAMS 0x0000000083900000, 0x0000000083900000| Untracked 
|  58|0x0000000083a00000, 0x0000000083a00000, 0x0000000083b00000|  0%| F|  |TAMS 0x0000000083a00000, 0x0000000083a00000| Untracked 
|  59|0x0000000083b00000, 0x0000000083b00000, 0x0000000083c00000|  0%| F|  |TAMS 0x0000000083b00000, 0x0000000083b00000| Untracked 
|  60|0x0000000083c00000, 0x0000000083c00000, 0x0000000083d00000|  0%| F|  |TAMS 0x0000000083c00000, 0x0000000083c00000| Untracked 
|  61|0x0000000083d00000, 0x0000000083d00000, 0x0000000083e00000|  0%| F|  |TAMS 0x0000000083d00000, 0x0000000083d00000| Untracked 
|  62|0x0000000083e00000, 0x0000000083e00000, 0x0000000083f00000|  0%| F|  |TAMS 0x0000000083e00000, 0x0000000083e00000| Untracked 
|  63|0x0000000083f00000, 0x0000000083f00000, 0x0000000084000000|  0%| F|  |TAMS 0x0000000083f00000, 0x0000000083f00000| Untracked 
|  64|0x0000000084000000, 0x0000000084000000, 0x0000000084100000|  0%| F|  |TAMS 0x0000000084000000, 0x0000000084000000| Untracked 
|  65|0x0000000084100000, 0x0000000084100000, 0x0000000084200000|  0%| F|  |TAMS 0x0000000084100000, 0x0000000084100000| Untracked 
|  66|0x0000000084200000, 0x0000000084200000, 0x0000000084300000|  0%| F|  |TAMS 0x0000000084200000, 0x0000000084200000| Untracked 
|  67|0x0000000084300000, 0x0000000084300000, 0x0000000084400000|  0%| F|  |TAMS 0x0000000084300000, 0x0000000084300000| Untracked 
|  68|0x0000000084400000, 0x0000000084400000, 0x0000000084500000|  0%| F|  |TAMS 0x0000000084400000, 0x0000000084400000| Untracked 
|  69|0x0000000084500000, 0x0000000084500000, 0x0000000084600000|  0%| F|  |TAMS 0x0000000084500000, 0x0000000084500000| Untracked 
|  70|0x0000000084600000, 0x0000000084600000, 0x0000000084700000|  0%| F|  |TAMS 0x0000000084600000, 0x0000000084600000| Untracked 
|  71|0x0000000084700000, 0x0000000084700000, 0x0000000084800000|  0%| F|  |TAMS 0x0000000084700000, 0x0000000084700000| Untracked 
|  72|0x0000000084800000, 0x0000000084800000, 0x0000000084900000|  0%| F|  |TAMS 0x0000000084800000, 0x0000000084800000| Untracked 
|  73|0x0000000084900000, 0x0000000084900000, 0x0000000084a00000|  0%| F|  |TAMS 0x0000000084900000, 0x0000000084900000| Untracked 
|  74|0x0000000084a00000, 0x0000000084a00000, 0x0000000084b00000|  0%| F|  |TAMS 0x0000000084a00000, 0x0000000084a00000| Untracked 
|  75|0x0000000084b00000, 0x0000000084b00000, 0x0000000084c00000|  0%| F|  |TAMS 0x0000000084b00000, 0x0000000084b00000| Untracked 
|  76|0x0000000084c00000, 0x0000000084c00000, 0x0000000084d00000|  0%| F|  |TAMS 0x0000000084c00000, 0x0000000084c00000| Untracked 
|  77|0x0000000084d00000, 0x0000000084d00000, 0x0000000084e00000|  0%| F|  |TAMS 0x0000000084d00000, 0x0000000084d00000| Untracked 
|  78|0x0000000084e00000, 0x0000000084e00000, 0x0000000084f00000|  0%| F|  |TAMS 0x0000000084e00000, 0x0000000084e00000| Untracked 
|  79|0x0000000084f00000, 0x0000000084f00000, 0x0000000085000000|  0%| F|  |TAMS 0x0000000084f00000, 0x0000000084f00000| Untracked 
|  80|0x0000000085000000, 0x0000000085000000, 0x0000000085100000|  0%| F|  |TAMS 0x0000000085000000, 0x0000000085000000| Untracked 
|  81|0x0000000085100000, 0x0000000085100000, 0x0000000085200000|  0%| F|  |TAMS 0x0000000085100000, 0x0000000085100000| Untracked 
|  82|0x0000000085200000, 0x0000000085200000, 0x0000000085300000|  0%| F|  |TAMS 0x0000000085200000, 0x0000000085200000| Untracked 
|  83|0x0000000085300000, 0x0000000085300000, 0x0000000085400000|  0%| F|  |TAMS 0x0000000085300000, 0x0000000085300000| Untracked 
|  84|0x0000000085400000, 0x0000000085400000, 0x0000000085500000|  0%| F|  |TAMS 0x0000000085400000, 0x0000000085400000| Untracked 
|  85|0x0000000085500000, 0x0000000085500000, 0x0000000085600000|  0%| F|  |TAMS 0x0000000085500000, 0x0000000085500000| Untracked 
|  86|0x0000000085600000, 0x0000000085600000, 0x0000000085700000|  0%| F|  |TAMS 0x0000000085600000, 0x0000000085600000| Untracked 
|  87|0x0000000085700000, 0x0000000085700000, 0x0000000085800000|  0%| F|  |TAMS 0x0000000085700000, 0x0000000085700000| Untracked 
|  88|0x0000000085800000, 0x0000000085900000, 0x0000000085900000|100%| S|  |TAMS 0x0000000085800000, 0x0000000085800000| Complete 
|  89|0x0000000085900000, 0x0000000085a00000, 0x0000000085a00000|100%| S|  |TAMS 0x0000000085900000, 0x0000000085900000| Complete 
|  90|0x0000000085a00000, 0x0000000085b00000, 0x0000000085b00000|100%| S|  |TAMS 0x0000000085a00000, 0x0000000085a00000| Complete 
|  91|0x0000000085b00000, 0x0000000085c00000, 0x0000000085c00000|100%| S|  |TAMS 0x0000000085b00000, 0x0000000085b00000| Complete 
|  92|0x0000000085c00000, 0x0000000085d00000, 0x0000000085d00000|100%| S|  |TAMS 0x0000000085c00000, 0x0000000085c00000| Complete 
|  93|0x0000000085d00000, 0x0000000085e00000, 0x0000000085e00000|100%| S|  |TAMS 0x0000000085d00000, 0x0000000085d00000| Complete 
|  94|0x0000000085e00000, 0x0000000085f00000, 0x0000000085f00000|100%| S|  |TAMS 0x0000000085e00000, 0x0000000085e00000| Complete 
|  95|0x0000000085f00000, 0x0000000086000000, 0x0000000086000000|100%| S|  |TAMS 0x0000000085f00000, 0x0000000085f00000| Complete 
|  96|0x0000000086000000, 0x0000000086100000, 0x0000000086100000|100%| S|  |TAMS 0x0000000086000000, 0x0000000086000000| Complete 
|  97|0x0000000086100000, 0x0000000086200000, 0x0000000086200000|100%| S|  |TAMS 0x0000000086100000, 0x0000000086100000| Complete 
|  98|0x0000000086200000, 0x0000000086300000, 0x0000000086300000|100%| S|  |TAMS 0x0000000086200000, 0x0000000086200000| Complete 
|  99|0x0000000086300000, 0x0000000086400000, 0x0000000086400000|100%| S|  |TAMS 0x0000000086300000, 0x0000000086300000| Complete 
| 100|0x0000000086400000, 0x0000000086500000, 0x0000000086500000|100%| S|  |TAMS 0x0000000086400000, 0x0000000086400000| Complete 
| 101|0x0000000086500000, 0x0000000086600000, 0x0000000086600000|100%| S|  |TAMS 0x0000000086500000, 0x0000000086500000| Complete 
| 102|0x0000000086600000, 0x0000000086700000, 0x0000000086700000|100%| E|CS|TAMS 0x0000000086600000, 0x0000000086600000| Complete 
| 103|0x0000000086700000, 0x0000000086800000, 0x0000000086800000|100%| E|CS|TAMS 0x0000000086700000, 0x0000000086700000| Complete 
| 104|0x0000000086800000, 0x0000000086900000, 0x0000000086900000|100%| E|CS|TAMS 0x0000000086800000, 0x0000000086800000| Complete 
| 105|0x0000000086900000, 0x0000000086a00000, 0x0000000086a00000|100%| E|CS|TAMS 0x0000000086900000, 0x0000000086900000| Complete 
| 106|0x0000000086a00000, 0x0000000086b00000, 0x0000000086b00000|100%| E|CS|TAMS 0x0000000086a00000, 0x0000000086a00000| Complete 
| 107|0x0000000086b00000, 0x0000000086c00000, 0x0000000086c00000|100%| E|CS|TAMS 0x0000000086b00000, 0x0000000086b00000| Complete 
| 108|0x0000000086c00000, 0x0000000086d00000, 0x0000000086d00000|100%| E|CS|TAMS 0x0000000086c00000, 0x0000000086c00000| Complete 
| 109|0x0000000086d00000, 0x0000000086e00000, 0x0000000086e00000|100%| E|CS|TAMS 0x0000000086d00000, 0x0000000086d00000| Complete 
| 110|0x0000000086e00000, 0x0000000086f00000, 0x0000000086f00000|100%| E|CS|TAMS 0x0000000086e00000, 0x0000000086e00000| Complete 
| 111|0x0000000086f00000, 0x0000000087000000, 0x0000000087000000|100%| E|CS|TAMS 0x0000000086f00000, 0x0000000086f00000| Complete 
| 112|0x0000000087000000, 0x0000000087100000, 0x0000000087100000|100%| E|CS|TAMS 0x0000000087000000, 0x0000000087000000| Complete 
| 113|0x0000000087100000, 0x0000000087200000, 0x0000000087200000|100%| E|CS|TAMS 0x0000000087100000, 0x0000000087100000| Complete 
| 114|0x0000000087200000, 0x0000000087300000, 0x0000000087300000|100%| E|CS|TAMS 0x0000000087200000, 0x0000000087200000| Complete 
| 115|0x0000000087300000, 0x0000000087400000, 0x0000000087400000|100%| E|CS|TAMS 0x0000000087300000, 0x0000000087300000| Complete 
| 116|0x0000000087400000, 0x0000000087475d58, 0x0000000087500000| 46%| E|CS|TAMS 0x0000000087400000, 0x0000000087400000| Complete 
| 117|0x0000000087500000, 0x0000000087600000, 0x0000000087600000|100%| E|CS|TAMS 0x0000000087500000, 0x0000000087500000| Complete 
| 118|0x0000000087600000, 0x0000000087700000, 0x0000000087700000|100%| E|CS|TAMS 0x0000000087600000, 0x0000000087600000| Complete 
| 119|0x0000000087700000, 0x0000000087800000, 0x0000000087800000|100%| E|CS|TAMS 0x0000000087700000, 0x0000000087700000| Complete 
| 120|0x0000000087800000, 0x0000000087900000, 0x0000000087900000|100%| E|CS|TAMS 0x0000000087800000, 0x0000000087800000| Complete 
| 121|0x0000000087900000, 0x0000000087a00000, 0x0000000087a00000|100%| E|CS|TAMS 0x0000000087900000, 0x0000000087900000| Complete 
| 122|0x0000000087a00000, 0x0000000087b00000, 0x0000000087b00000|100%| E|CS|TAMS 0x0000000087a00000, 0x0000000087a00000| Complete 
| 123|0x0000000087b00000, 0x0000000087c00000, 0x0000000087c00000|100%| E|CS|TAMS 0x0000000087b00000, 0x0000000087b00000| Complete 
| 124|0x0000000087c00000, 0x0000000087d00000, 0x0000000087d00000|100%| E|CS|TAMS 0x0000000087c00000, 0x0000000087c00000| Complete 
| 125|0x0000000087d00000, 0x0000000087e00000, 0x0000000087e00000|100%| E|CS|TAMS 0x0000000087d00000, 0x0000000087d00000| Complete 
| 126|0x0000000087e00000, 0x0000000087f00000, 0x0000000087f00000|100%| E|CS|TAMS 0x0000000087e00000, 0x0000000087e00000| Complete 
| 127|0x0000000087f00000, 0x0000000088000000, 0x0000000088000000|100%| E|CS|TAMS 0x0000000087f00000, 0x0000000087f00000| Complete 
| 128|0x0000000088000000, 0x0000000088100000, 0x0000000088100000|100%| E|CS|TAMS 0x0000000088000000, 0x0000000088000000| Complete 
| 129|0x0000000088100000, 0x0000000088200000, 0x0000000088200000|100%| E|CS|TAMS 0x0000000088100000, 0x0000000088100000| Complete 
| 130|0x0000000088200000, 0x0000000088300000, 0x0000000088300000|100%| E|CS|TAMS 0x0000000088200000, 0x0000000088200000| Complete 
| 131|0x0000000088300000, 0x0000000088400000, 0x0000000088400000|100%| E|CS|TAMS 0x0000000088300000, 0x0000000088300000| Complete 
| 132|0x0000000088400000, 0x0000000088500000, 0x0000000088500000|100%| E|CS|TAMS 0x0000000088400000, 0x0000000088400000| Complete 
| 133|0x0000000088500000, 0x0000000088600000, 0x0000000088600000|100%| E|CS|TAMS 0x0000000088500000, 0x0000000088500000| Complete 
| 134|0x0000000088600000, 0x0000000088700000, 0x0000000088700000|100%| E|CS|TAMS 0x0000000088600000, 0x0000000088600000| Complete 
| 135|0x0000000088700000, 0x0000000088800000, 0x0000000088800000|100%| E|CS|TAMS 0x0000000088700000, 0x0000000088700000| Complete 
| 136|0x0000000088800000, 0x0000000088900000, 0x0000000088900000|100%| E|CS|TAMS 0x0000000088800000, 0x0000000088800000| Complete 
| 137|0x0000000088900000, 0x0000000088a00000, 0x0000000088a00000|100%| E|CS|TAMS 0x0000000088900000, 0x0000000088900000| Complete 
| 138|0x0000000088a00000, 0x0000000088b00000, 0x0000000088b00000|100%| E|CS|TAMS 0x0000000088a00000, 0x0000000088a00000| Complete 
| 139|0x0000000088b00000, 0x0000000088c00000, 0x0000000088c00000|100%| E|CS|TAMS 0x0000000088b00000, 0x0000000088b00000| Complete 
| 140|0x0000000088c00000, 0x0000000088d00000, 0x0000000088d00000|100%| E|CS|TAMS 0x0000000088c00000, 0x0000000088c00000| Complete 
| 141|0x0000000088d00000, 0x0000000088e00000, 0x0000000088e00000|100%| E|CS|TAMS 0x0000000088d00000, 0x0000000088d00000| Complete 
| 142|0x0000000088e00000, 0x0000000088f00000, 0x0000000088f00000|100%| E|CS|TAMS 0x0000000088e00000, 0x0000000088e00000| Complete 
| 143|0x0000000088f00000, 0x0000000089000000, 0x0000000089000000|100%| E|CS|TAMS 0x0000000088f00000, 0x0000000088f00000| Complete 
| 144|0x0000000089000000, 0x0000000089100000, 0x0000000089100000|100%| E|CS|TAMS 0x0000000089000000, 0x0000000089000000| Complete 
| 145|0x0000000089100000, 0x0000000089200000, 0x0000000089200000|100%| E|CS|TAMS 0x0000000089100000, 0x0000000089100000| Complete 
| 146|0x0000000089200000, 0x0000000089300000, 0x0000000089300000|100%| E|CS|TAMS 0x0000000089200000, 0x0000000089200000| Complete 
| 147|0x0000000089300000, 0x0000000089400000, 0x0000000089400000|100%| E|CS|TAMS 0x0000000089300000, 0x0000000089300000| Complete 
| 148|0x0000000089400000, 0x0000000089500000, 0x0000000089500000|100%| E|CS|TAMS 0x0000000089400000, 0x0000000089400000| Complete 
| 149|0x0000000089500000, 0x0000000089600000, 0x0000000089600000|100%| E|CS|TAMS 0x0000000089500000, 0x0000000089500000| Complete 
| 150|0x0000000089600000, 0x0000000089700000, 0x0000000089700000|100%| E|CS|TAMS 0x0000000089600000, 0x0000000089600000| Complete 
| 151|0x0000000089700000, 0x0000000089800000, 0x0000000089800000|100%| E|CS|TAMS 0x0000000089700000, 0x0000000089700000| Complete 
| 152|0x0000000089800000, 0x0000000089900000, 0x0000000089900000|100%| E|CS|TAMS 0x0000000089800000, 0x0000000089800000| Complete 
| 153|0x0000000089900000, 0x0000000089a00000, 0x0000000089a00000|100%| E|CS|TAMS 0x0000000089900000, 0x0000000089900000| Complete 
| 154|0x0000000089a00000, 0x0000000089b00000, 0x0000000089b00000|100%| E|CS|TAMS 0x0000000089a00000, 0x0000000089a00000| Complete 
| 155|0x0000000089b00000, 0x0000000089c00000, 0x0000000089c00000|100%| E|CS|TAMS 0x0000000089b00000, 0x0000000089b00000| Complete 
| 156|0x0000000089c00000, 0x0000000089d00000, 0x0000000089d00000|100%| E|CS|TAMS 0x0000000089c00000, 0x0000000089c00000| Complete 
| 157|0x0000000089d00000, 0x0000000089e00000, 0x0000000089e00000|100%| E|CS|TAMS 0x0000000089d00000, 0x0000000089d00000| Complete 
| 158|0x0000000089e00000, 0x0000000089f00000, 0x0000000089f00000|100%| E|CS|TAMS 0x0000000089e00000, 0x0000000089e00000| Complete 
| 159|0x0000000089f00000, 0x000000008a000000, 0x000000008a000000|100%| E|CS|TAMS 0x0000000089f00000, 0x0000000089f00000| Complete 
| 160|0x000000008a000000, 0x000000008a100000, 0x000000008a100000|100%| E|CS|TAMS 0x000000008a000000, 0x000000008a000000| Complete 
| 161|0x000000008a100000, 0x000000008a200000, 0x000000008a200000|100%| E|CS|TAMS 0x000000008a100000, 0x000000008a100000| Complete 
| 162|0x000000008a200000, 0x000000008a300000, 0x000000008a300000|100%| E|CS|TAMS 0x000000008a200000, 0x000000008a200000| Complete 
| 163|0x000000008a300000, 0x000000008a400000, 0x000000008a400000|100%| E|CS|TAMS 0x000000008a300000, 0x000000008a300000| Complete 
| 164|0x000000008a400000, 0x000000008a500000, 0x000000008a500000|100%| E|CS|TAMS 0x000000008a400000, 0x000000008a400000| Complete 
| 165|0x000000008a500000, 0x000000008a600000, 0x000000008a600000|100%| E|CS|TAMS 0x000000008a500000, 0x000000008a500000| Complete 
| 166|0x000000008a600000, 0x000000008a700000, 0x000000008a700000|100%| E|CS|TAMS 0x000000008a600000, 0x000000008a600000| Complete 
| 167|0x000000008a700000, 0x000000008a800000, 0x000000008a800000|100%| E|CS|TAMS 0x000000008a700000, 0x000000008a700000| Complete 
| 168|0x000000008a800000, 0x000000008a900000, 0x000000008a900000|100%| E|CS|TAMS 0x000000008a800000, 0x000000008a800000| Complete 
| 169|0x000000008a900000, 0x000000008aa00000, 0x000000008aa00000|100%| E|CS|TAMS 0x000000008a900000, 0x000000008a900000| Complete 
| 170|0x000000008aa00000, 0x000000008ab00000, 0x000000008ab00000|100%| E|CS|TAMS 0x000000008aa00000, 0x000000008aa00000| Complete 
| 171|0x000000008ab00000, 0x000000008ac00000, 0x000000008ac00000|100%| E|CS|TAMS 0x000000008ab00000, 0x000000008ab00000| Complete 
| 172|0x000000008ac00000, 0x000000008ad00000, 0x000000008ad00000|100%| E|CS|TAMS 0x000000008ac00000, 0x000000008ac00000| Complete 
| 173|0x000000008ad00000, 0x000000008ae00000, 0x000000008ae00000|100%| E|CS|TAMS 0x000000008ad00000, 0x000000008ad00000| Complete 
| 174|0x000000008ae00000, 0x000000008af00000, 0x000000008af00000|100%| E|CS|TAMS 0x000000008ae00000, 0x000000008ae00000| Complete 
| 175|0x000000008af00000, 0x000000008b000000, 0x000000008b000000|100%| E|CS|TAMS 0x000000008af00000, 0x000000008af00000| Complete 
| 176|0x000000008b000000, 0x000000008b100000, 0x000000008b100000|100%| E|CS|TAMS 0x000000008b000000, 0x000000008b000000| Complete 
| 177|0x000000008b100000, 0x000000008b200000, 0x000000008b200000|100%| E|CS|TAMS 0x000000008b100000, 0x000000008b100000| Complete 
| 178|0x000000008b200000, 0x000000008b300000, 0x000000008b300000|100%| E|CS|TAMS 0x000000008b200000, 0x000000008b200000| Complete 
| 179|0x000000008b300000, 0x000000008b400000, 0x000000008b400000|100%| E|CS|TAMS 0x000000008b300000, 0x000000008b300000| Complete 
| 180|0x000000008b400000, 0x000000008b500000, 0x000000008b500000|100%| E|CS|TAMS 0x000000008b400000, 0x000000008b400000| Complete 
| 181|0x000000008b500000, 0x000000008b600000, 0x000000008b600000|100%| E|CS|TAMS 0x000000008b500000, 0x000000008b500000| Complete 
| 182|0x000000008b600000, 0x000000008b700000, 0x000000008b700000|100%| E|CS|TAMS 0x000000008b600000, 0x000000008b600000| Complete 
| 183|0x000000008b700000, 0x000000008b800000, 0x000000008b800000|100%| E|CS|TAMS 0x000000008b700000, 0x000000008b700000| Complete 
| 184|0x000000008b800000, 0x000000008b900000, 0x000000008b900000|100%| E|CS|TAMS 0x000000008b800000, 0x000000008b800000| Complete 
| 185|0x000000008b900000, 0x000000008ba00000, 0x000000008ba00000|100%| E|CS|TAMS 0x000000008b900000, 0x000000008b900000| Complete 
| 186|0x000000008ba00000, 0x000000008bb00000, 0x000000008bb00000|100%| E|CS|TAMS 0x000000008ba00000, 0x000000008ba00000| Complete 
| 187|0x000000008bb00000, 0x000000008bc00000, 0x000000008bc00000|100%| E|CS|TAMS 0x000000008bb00000, 0x000000008bb00000| Complete 
| 188|0x000000008bc00000, 0x000000008bd00000, 0x000000008bd00000|100%| E|CS|TAMS 0x000000008bc00000, 0x000000008bc00000| Complete 
| 189|0x000000008bd00000, 0x000000008be00000, 0x000000008be00000|100%| E|CS|TAMS 0x000000008bd00000, 0x000000008bd00000| Complete 
| 190|0x000000008be00000, 0x000000008bf00000, 0x000000008bf00000|100%| E|CS|TAMS 0x000000008be00000, 0x000000008be00000| Complete 
| 191|0x000000008bf00000, 0x000000008c000000, 0x000000008c000000|100%| E|CS|TAMS 0x000000008bf00000, 0x000000008bf00000| Complete 
| 192|0x000000008c000000, 0x000000008c100000, 0x000000008c100000|100%| E|CS|TAMS 0x000000008c000000, 0x000000008c000000| Complete 
| 193|0x000000008c100000, 0x000000008c200000, 0x000000008c200000|100%| E|CS|TAMS 0x000000008c100000, 0x000000008c100000| Complete 
| 194|0x000000008c200000, 0x000000008c300000, 0x000000008c300000|100%| E|CS|TAMS 0x000000008c200000, 0x000000008c200000| Complete 
| 195|0x000000008c300000, 0x000000008c400000, 0x000000008c400000|100%| E|CS|TAMS 0x000000008c300000, 0x000000008c300000| Complete 
| 196|0x000000008c400000, 0x000000008c500000, 0x000000008c500000|100%| E|CS|TAMS 0x000000008c400000, 0x000000008c400000| Complete 
| 197|0x000000008c500000, 0x000000008c600000, 0x000000008c600000|100%| E|CS|TAMS 0x000000008c500000, 0x000000008c500000| Complete 
| 198|0x000000008c600000, 0x000000008c700000, 0x000000008c700000|100%| E|CS|TAMS 0x000000008c600000, 0x000000008c600000| Complete 
| 199|0x000000008c700000, 0x000000008c800000, 0x000000008c800000|100%| E|CS|TAMS 0x000000008c700000, 0x000000008c700000| Complete 
| 200|0x000000008c800000, 0x000000008c900000, 0x000000008c900000|100%| E|CS|TAMS 0x000000008c800000, 0x000000008c800000| Complete 
| 201|0x000000008c900000, 0x000000008ca00000, 0x000000008ca00000|100%| E|CS|TAMS 0x000000008c900000, 0x000000008c900000| Complete 
| 202|0x000000008ca00000, 0x000000008cb00000, 0x000000008cb00000|100%| E|CS|TAMS 0x000000008ca00000, 0x000000008ca00000| Complete 
| 203|0x000000008cb00000, 0x000000008cc00000, 0x000000008cc00000|100%| E|CS|TAMS 0x000000008cb00000, 0x000000008cb00000| Complete 
| 204|0x000000008cc00000, 0x000000008cd00000, 0x000000008cd00000|100%| E|CS|TAMS 0x000000008cc00000, 0x000000008cc00000| Complete 
| 205|0x000000008cd00000, 0x000000008ce00000, 0x000000008ce00000|100%| E|CS|TAMS 0x000000008cd00000, 0x000000008cd00000| Complete 
| 206|0x000000008ce00000, 0x000000008cf00000, 0x000000008cf00000|100%| E|CS|TAMS 0x000000008ce00000, 0x000000008ce00000| Complete 
| 207|0x000000008cf00000, 0x000000008d000000, 0x000000008d000000|100%| E|CS|TAMS 0x000000008cf00000, 0x000000008cf00000| Complete 
| 208|0x000000008d000000, 0x000000008d100000, 0x000000008d100000|100%| E|CS|TAMS 0x000000008d000000, 0x000000008d000000| Complete 
| 209|0x000000008d100000, 0x000000008d200000, 0x000000008d200000|100%| E|CS|TAMS 0x000000008d100000, 0x000000008d100000| Complete 
| 210|0x000000008d200000, 0x000000008d300000, 0x000000008d300000|100%| E|CS|TAMS 0x000000008d200000, 0x000000008d200000| Complete 
| 211|0x000000008d300000, 0x000000008d400000, 0x000000008d400000|100%| E|CS|TAMS 0x000000008d300000, 0x000000008d300000| Complete 
| 212|0x000000008d400000, 0x000000008d500000, 0x000000008d500000|100%| E|CS|TAMS 0x000000008d400000, 0x000000008d400000| Complete 
| 213|0x000000008d500000, 0x000000008d600000, 0x000000008d600000|100%| E|CS|TAMS 0x000000008d500000, 0x000000008d500000| Complete 
| 214|0x000000008d600000, 0x000000008d700000, 0x000000008d700000|100%| E|CS|TAMS 0x000000008d600000, 0x000000008d600000| Complete 
| 215|0x000000008d700000, 0x000000008d800000, 0x000000008d800000|100%| E|CS|TAMS 0x000000008d700000, 0x000000008d700000| Complete 
| 216|0x000000008d800000, 0x000000008d900000, 0x000000008d900000|100%| E|CS|TAMS 0x000000008d800000, 0x000000008d800000| Complete 
| 217|0x000000008d900000, 0x000000008da00000, 0x000000008da00000|100%| E|CS|TAMS 0x000000008d900000, 0x000000008d900000| Complete 
| 218|0x000000008da00000, 0x000000008db00000, 0x000000008db00000|100%| E|CS|TAMS 0x000000008da00000, 0x000000008da00000| Complete 
| 219|0x000000008db00000, 0x000000008dc00000, 0x000000008dc00000|100%| E|CS|TAMS 0x000000008db00000, 0x000000008db00000| Complete 
| 220|0x000000008dc00000, 0x000000008dd00000, 0x000000008dd00000|100%| E|CS|TAMS 0x000000008dc00000, 0x000000008dc00000| Complete 
| 221|0x000000008dd00000, 0x000000008de00000, 0x000000008de00000|100%| E|CS|TAMS 0x000000008dd00000, 0x000000008dd00000| Complete 
| 222|0x000000008de00000, 0x000000008df00000, 0x000000008df00000|100%| E|CS|TAMS 0x000000008de00000, 0x000000008de00000| Complete 
| 223|0x000000008df00000, 0x000000008e000000, 0x000000008e000000|100%| E|CS|TAMS 0x000000008df00000, 0x000000008df00000| Complete 
| 224|0x000000008e000000, 0x000000008e100000, 0x000000008e100000|100%| E|CS|TAMS 0x000000008e000000, 0x000000008e000000| Complete 
| 225|0x000000008e100000, 0x000000008e200000, 0x000000008e200000|100%| E|CS|TAMS 0x000000008e100000, 0x000000008e100000| Complete 
| 226|0x000000008e200000, 0x000000008e300000, 0x000000008e300000|100%| E|CS|TAMS 0x000000008e200000, 0x000000008e200000| Complete 
| 227|0x000000008e300000, 0x000000008e400000, 0x000000008e400000|100%| E|CS|TAMS 0x000000008e300000, 0x000000008e300000| Complete 
| 228|0x000000008e400000, 0x000000008e500000, 0x000000008e500000|100%| E|CS|TAMS 0x000000008e400000, 0x000000008e400000| Complete 
| 229|0x000000008e500000, 0x000000008e600000, 0x000000008e600000|100%| E|CS|TAMS 0x000000008e500000, 0x000000008e500000| Complete 
| 230|0x000000008e600000, 0x000000008e700000, 0x000000008e700000|100%| E|CS|TAMS 0x000000008e600000, 0x000000008e600000| Complete 
| 231|0x000000008e700000, 0x000000008e800000, 0x000000008e800000|100%| E|CS|TAMS 0x000000008e700000, 0x000000008e700000| Complete 
| 232|0x000000008e800000, 0x000000008e900000, 0x000000008e900000|100%| E|CS|TAMS 0x000000008e800000, 0x000000008e800000| Complete 
| 233|0x000000008e900000, 0x000000008ea00000, 0x000000008ea00000|100%| E|CS|TAMS 0x000000008e900000, 0x000000008e900000| Complete 
| 234|0x000000008ea00000, 0x000000008eb00000, 0x000000008eb00000|100%| E|CS|TAMS 0x000000008ea00000, 0x000000008ea00000| Complete 
| 235|0x000000008eb00000, 0x000000008ec00000, 0x000000008ec00000|100%| E|CS|TAMS 0x000000008eb00000, 0x000000008eb00000| Complete 
| 236|0x000000008ec00000, 0x000000008ed00000, 0x000000008ed00000|100%| E|CS|TAMS 0x000000008ec00000, 0x000000008ec00000| Complete 
| 237|0x000000008ed00000, 0x000000008ee00000, 0x000000008ee00000|100%| E|CS|TAMS 0x000000008ed00000, 0x000000008ed00000| Complete 
| 238|0x000000008ee00000, 0x000000008ef00000, 0x000000008ef00000|100%| E|CS|TAMS 0x000000008ee00000, 0x000000008ee00000| Complete 
| 239|0x000000008ef00000, 0x000000008f000000, 0x000000008f000000|100%| E|CS|TAMS 0x000000008ef00000, 0x000000008ef00000| Complete 
| 240|0x000000008f000000, 0x000000008f100000, 0x000000008f100000|100%| E|CS|TAMS 0x000000008f000000, 0x000000008f000000| Complete 
| 241|0x000000008f100000, 0x000000008f200000, 0x000000008f200000|100%| E|CS|TAMS 0x000000008f100000, 0x000000008f100000| Complete 
| 242|0x000000008f200000, 0x000000008f300000, 0x000000008f300000|100%| E|CS|TAMS 0x000000008f200000, 0x000000008f200000| Complete 
| 243|0x000000008f300000, 0x000000008f400000, 0x000000008f400000|100%| E|CS|TAMS 0x000000008f300000, 0x000000008f300000| Complete 
| 244|0x000000008f400000, 0x000000008f500000, 0x000000008f500000|100%| E|CS|TAMS 0x000000008f400000, 0x000000008f400000| Complete 
| 245|0x000000008f500000, 0x000000008f600000, 0x000000008f600000|100%| E|CS|TAMS 0x000000008f500000, 0x000000008f500000| Complete 
| 246|0x000000008f600000, 0x000000008f700000, 0x000000008f700000|100%| E|CS|TAMS 0x000000008f600000, 0x000000008f600000| Complete 
| 247|0x000000008f700000, 0x000000008f800000, 0x000000008f800000|100%| E|CS|TAMS 0x000000008f700000, 0x000000008f700000| Complete 
| 248|0x000000008f800000, 0x000000008f900000, 0x000000008f900000|100%| E|CS|TAMS 0x000000008f800000, 0x000000008f800000| Complete 
| 249|0x000000008f900000, 0x000000008fa00000, 0x000000008fa00000|100%| E|CS|TAMS 0x000000008f900000, 0x000000008f900000| Complete 
| 250|0x000000008fa00000, 0x000000008fb00000, 0x000000008fb00000|100%| E|CS|TAMS 0x000000008fa00000, 0x000000008fa00000| Complete 
| 251|0x000000008fb00000, 0x000000008fc00000, 0x000000008fc00000|100%| E|CS|TAMS 0x000000008fb00000, 0x000000008fb00000| Complete 
| 252|0x000000008fc00000, 0x000000008fd00000, 0x000000008fd00000|100%| E|CS|TAMS 0x000000008fc00000, 0x000000008fc00000| Complete 
| 253|0x000000008fd00000, 0x000000008fe00000, 0x000000008fe00000|100%| E|CS|TAMS 0x000000008fd00000, 0x000000008fd00000| Complete 

Card table byte_map: [0x0000022d4f1b0000,0x0000022d4f5b0000] _byte_map_base: 0x0000022d4edb0000

Marking Bits (Prev, Next): (CMBitMap*) 0x0000022d3b4f3108, (CMBitMap*) 0x0000022d3b4f3140
 Prev Bits: [0x0000022d4f9b0000, 0x0000022d519b0000)
 Next Bits: [0x0000022d519b0000, 0x0000022d539b0000)

Polling page: 0x0000022d39b90000

Metaspace:

Usage:
  Non-class:     49.07 MB capacity,    48.20 MB ( 98%) used,   743.57 KB (  1%) free+waste,   149.13 KB ( <1%) overhead. 
      Class:      7.55 MB capacity,     7.05 MB ( 93%) used,   442.93 KB (  6%) free+waste,    70.81 KB ( <1%) overhead. 
       Both:     56.62 MB capacity,    55.24 MB ( 98%) used,     1.16 MB (  2%) free+waste,   219.94 KB ( <1%) overhead. 

Virtual space:
  Non-class space:       50.00 MB reserved,      49.12 MB ( 98%) committed 
      Class space:        1.00 GB reserved,       7.57 MB ( <1%) committed 
             Both:        1.05 GB reserved,      56.70 MB (  5%) committed 

Chunk freelists:
   Non-Class:  52.00 KB
       Class:  15.00 KB
        Both:  67.00 KB

MaxMetaspaceSize: 17179869184.00 GB
CompressedClassSpaceSize: 1.00 GB
Initial GC threshold: 20.80 MB
Current GC threshold: 58.66 MB
CDS: off

CodeHeap 'non-profiled nmethods': size=120000Kb used=3332Kb max_used=3332Kb free=116668Kb
 bounds [0x0000022d46e20000, 0x0000022d47170000, 0x0000022d4e350000]
CodeHeap 'profiled nmethods': size=120000Kb used=11710Kb max_used=11710Kb free=108290Kb
 bounds [0x0000022d3f8f0000, 0x0000022d40460000, 0x0000022d46e20000]
CodeHeap 'non-nmethods': size=5760Kb used=2319Kb max_used=2363Kb free=3440Kb
 bounds [0x0000022d3f350000, 0x0000022d3f5c0000, 0x0000022d3f8f0000]
 total_blobs=6453 nmethods=5634 adapters=731
 compilation: enabled
              stopped_count=0, restarted_count=0
 full_count=0

Compilation events (20 events):
Event: 8.312 Thread 0x0000022d56d48000 nmethod 5644 0x0000022d40457e90 code [0x0000022d40458080, 0x0000022d404585f8]
Event: 8.312 Thread 0x0000022d56d48000 5645       3       org.gradle.internal.service.DefaultServiceRegistry$ManagedObjectServiceProvider::setInstance (18 bytes)
Event: 8.312 Thread 0x0000022d56d48000 nmethod 5645 0x0000022d40458790 code [0x0000022d40458960, 0x0000022d40458b28]
Event: 8.312 Thread 0x0000022d56d48000 5646   !   3       org.gradle.internal.instantiation.generator.DependencyInjectingInstantiator::doCreate (64 bytes)
Event: 8.312 Thread 0x0000022d56d48000 nmethod 5646 0x0000022d40458c10 code [0x0000022d40458e40, 0x0000022d404593e8]
Event: 8.312 Thread 0x0000022d56d48000 5647       3       org.gradle.internal.instantiation.generator.DependencyInjectingInstantiator::convertParameters (126 bytes)
Event: 8.313 Thread 0x0000022d56d48000 nmethod 5647 0x0000022d40459810 code [0x0000022d40459be0, 0x0000022d4045b638]
Event: 8.314 Thread 0x0000022d56d48000 5648       3       org.gradle.internal.instantiation.generator.AbstractClassGenerator$GeneratedClassImpl$GeneratedConstructorImpl::newInstance (15 bytes)
Event: 8.314 Thread 0x0000022d56d48000 nmethod 5648 0x0000022d4045bf90 code [0x0000022d4045c140, 0x0000022d4045c2a8]
Event: 8.314 Thread 0x0000022d56d48000 5649   !   3       org.gradle.internal.instantiation.generator.AsmBackedClassGenerator$InvokeConstructorStrategy::newInstance (66 bytes)
Event: 8.315 Thread 0x0000022d56d48000 nmethod 5649 0x0000022d4045c390 code [0x0000022d4045c700, 0x0000022d4045df48]
Event: 8.315 Thread 0x0000022d56d48000 5650       3       org.gradle.internal.instantiation.generator.AsmBackedClassGenerator$ObjectCreationDetails::<init> (26 bytes)
Event: 8.315 Thread 0x0000022d56d48000 nmethod 5650 0x0000022d4045e810 code [0x0000022d4045e9e0, 0x0000022d4045ecb8]
Event: 8.315 Thread 0x0000022d56d48000 5651       3       org.gradle.internal.instantiation.generator.DependencyInjectingInstantiator::newInstance (8 bytes)
Event: 8.315 Thread 0x0000022d56d48000 nmethod 5651 0x0000022d4045ed90 code [0x0000022d4045ef40, 0x0000022d4045f088]
Event: 8.315 Thread 0x0000022d56d48000 5652       1       com.google.common.collect.ImmutableMapEntry$NonTerminalImmutableMapEntry::getNextInKeyBucket (5 bytes)
Event: 8.315 Thread 0x0000022d56d48000 nmethod 5652 0x0000022d47160d10 code [0x0000022d47160ec0, 0x0000022d47160f78]
Event: 8.315 Thread 0x0000022d56d48000 5653       3       java.lang.reflect.AccessibleObject::checkAccess (40 bytes)
Event: 8.316 Thread 0x0000022d56d48000 nmethod 5653 0x0000022d4045f190 code [0x0000022d4045f380, 0x0000022d4045f6b8]
Event: 8.316 Thread 0x0000022d56d48000 5654       3       java.lang.reflect.AccessibleObject::logIfExportedForIllegalAccess (54 bytes)

GC Heap History (11 events):
Event: 0.651 GC heap before
{Heap before GC invocations=0 (full 0):
 garbage-first heap   total 260096K, used 29696K [0x0000000080000000, 0x0000000100000000)
  region size 1024K, 24 young (24576K), 0 survivors (0K)
 Metaspace       used 10201K, capacity 10499K, committed 10624K, reserved 1058816K
  class space    used 1061K, capacity 1138K, committed 1152K, reserved 1048576K
}
Event: 0.655 GC heap after
{Heap after GC invocations=1 (full 0):
 garbage-first heap   total 260096K, used 9673K [0x0000000080000000, 0x0000000100000000)
  region size 1024K, 3 young (3072K), 3 survivors (3072K)
 Metaspace       used 10201K, capacity 10499K, committed 10624K, reserved 1058816K
  class space    used 1061K, capacity 1138K, committed 1152K, reserved 1048576K
}
Event: 2.838 GC heap before
{Heap before GC invocations=1 (full 0):
 garbage-first heap   total 260096K, used 113097K [0x0000000080000000, 0x0000000100000000)
  region size 1024K, 105 young (107520K), 3 survivors (3072K)
 Metaspace       used 20662K, capacity 21117K, committed 21296K, reserved 1069056K
  class space    used 2540K, capacity 2680K, committed 2688K, reserved 1048576K
}
Event: 2.849 GC heap after
{Heap after GC invocations=2 (full 0):
 garbage-first heap   total 260096K, used 17313K [0x0000000080000000, 0x0000000100000000)
  region size 1024K, 11 young (11264K), 11 survivors (11264K)
 Metaspace       used 20662K, capacity 21117K, committed 21296K, reserved 1069056K
  class space    used 2540K, capacity 2680K, committed 2688K, reserved 1048576K
}
Event: 3.126 GC heap before
{Heap before GC invocations=3 (full 0):
 garbage-first heap   total 260096K, used 40865K [0x0000000080000000, 0x0000000100000000)
  region size 1024K, 34 young (34816K), 11 survivors (11264K)
 Metaspace       used 23009K, capacity 23506K, committed 23856K, reserved 1071104K
  class space    used 2916K, capacity 3099K, committed 3200K, reserved 1048576K
}
Event: 3.132 GC heap after
{Heap after GC invocations=4 (full 0):
 garbage-first heap   total 260096K, used 18462K [0x0000000080000000, 0x0000000100000000)
  region size 1024K, 2 young (2048K), 2 survivors (2048K)
 Metaspace       used 23009K, capacity 23506K, committed 23856K, reserved 1071104K
  class space    used 2916K, capacity 3099K, committed 3200K, reserved 1048576K
}
Event: 4.894 GC heap before
{Heap before GC invocations=4 (full 0):
 garbage-first heap   total 260096K, used 108574K [0x0000000080000000, 0x0000000100000000)
  region size 1024K, 91 young (93184K), 2 survivors (2048K)
 Metaspace       used 34864K, capacity 35662K, committed 35708K, reserved 1081344K
  class space    used 4516K, capacity 4839K, committed 4864K, reserved 1048576K
}
Event: 4.907 GC heap after
{Heap after GC invocations=5 (full 0):
 garbage-first heap   total 260096K, used 22401K [0x0000000080000000, 0x0000000100000000)
  region size 1024K, 6 young (6144K), 6 survivors (6144K)
 Metaspace       used 34864K, capacity 35662K, committed 35708K, reserved 1081344K
  class space    used 4516K, capacity 4839K, committed 4864K, reserved 1048576K
}
Event: 6.625 GC heap before
{Heap before GC invocations=6 (full 0):
 garbage-first heap   total 260096K, used 147329K [0x0000000080000000, 0x0000000100000000)
  region size 1024K, 125 young (128000K), 6 survivors (6144K)
 Metaspace       used 45158K, capacity 46172K, committed 46280K, reserved 1089536K
  class space    used 5817K, capacity 6197K, committed 6220K, reserved 1048576K
}
Event: 6.637 GC heap after
{Heap after GC invocations=7 (full 0):
 garbage-first heap   total 260096K, used 29954K [0x0000000080000000, 0x0000000100000000)
  region size 1024K, 13 young (13312K), 13 survivors (13312K)
 Metaspace       used 45158K, capacity 46172K, committed 46280K, reserved 1089536K
  class space    used 5817K, capacity 6197K, committed 6220K, reserved 1048576K
}
Event: 8.316 GC heap before
{Heap before GC invocations=7 (full 0):
 garbage-first heap   total 260096K, used 176386K [0x0000000080000000, 0x0000000100000000)
  region size 1024K, 152 young (155648K), 13 survivors (13312K)
 Metaspace       used 56570K, capacity 57977K, committed 58056K, reserved 1099776K
  class space    used 7215K, capacity 7729K, committed 7756K, reserved 1048576K
}

Deoptimization events (20 events):
Event: 8.072 Thread 0x0000022d58c7f000 DEOPT PACKING pc=0x0000022d3fd7da97 sp=0x000000e217ff6460
Event: 8.072 Thread 0x0000022d58c7f000 DEOPT UNPACKING pc=0x0000022d3f39a95e sp=0x000000e217ff59e8 mode 0
Event: 8.074 Thread 0x0000022d58c7f000 DEOPT PACKING pc=0x0000022d3fd7da97 sp=0x000000e217ff6340
Event: 8.074 Thread 0x0000022d58c7f000 DEOPT UNPACKING pc=0x0000022d3f39a95e sp=0x000000e217ff58c8 mode 0
Event: 8.077 Thread 0x0000022d58c7f000 DEOPT PACKING pc=0x0000022d3fd7da97 sp=0x000000e217ff64a0
Event: 8.077 Thread 0x0000022d58c7f000 DEOPT UNPACKING pc=0x0000022d3f39a95e sp=0x000000e217ff5a28 mode 0
Event: 8.079 Thread 0x0000022d58c7f000 DEOPT PACKING pc=0x0000022d3fd7da97 sp=0x000000e217ff6330
Event: 8.079 Thread 0x0000022d58c7f000 DEOPT UNPACKING pc=0x0000022d3f39a95e sp=0x000000e217ff58b8 mode 0
Event: 8.081 Thread 0x0000022d58c7f000 DEOPT PACKING pc=0x0000022d3fd7da97 sp=0x000000e217ff6490
Event: 8.081 Thread 0x0000022d58c7f000 DEOPT UNPACKING pc=0x0000022d3f39a95e sp=0x000000e217ff5a18 mode 0
Event: 8.083 Thread 0x0000022d58c7f000 DEOPT PACKING pc=0x0000022d3fd7da97 sp=0x000000e217ff6520
Event: 8.083 Thread 0x0000022d58c7f000 DEOPT UNPACKING pc=0x0000022d3f39a95e sp=0x000000e217ff5aa8 mode 0
Event: 8.085 Thread 0x0000022d58c7f000 DEOPT PACKING pc=0x0000022d3fd7da97 sp=0x000000e217ff6330
Event: 8.086 Thread 0x0000022d58c7f000 DEOPT UNPACKING pc=0x0000022d3f39a95e sp=0x000000e217ff58b8 mode 0
Event: 8.087 Thread 0x0000022d58c7f000 DEOPT PACKING pc=0x0000022d3fd7da97 sp=0x000000e217ff6340
Event: 8.087 Thread 0x0000022d58c7f000 DEOPT UNPACKING pc=0x0000022d3f39a95e sp=0x000000e217ff58c8 mode 0
Event: 8.089 Thread 0x0000022d58c7f000 DEOPT PACKING pc=0x0000022d3fd7da97 sp=0x000000e217ff6520
Event: 8.089 Thread 0x0000022d58c7f000 DEOPT UNPACKING pc=0x0000022d3f39a95e sp=0x000000e217ff5aa8 mode 0
Event: 8.090 Thread 0x0000022d58c7f000 DEOPT PACKING pc=0x0000022d3fd7da97 sp=0x000000e217ff6240
Event: 8.090 Thread 0x0000022d58c7f000 DEOPT UNPACKING pc=0x0000022d3f39a95e sp=0x000000e217ff57c8 mode 0

Classes redefined (0 events):
No events

Internal exceptions (20 events):
Event: 7.525 Thread 0x0000022d58c7f000 Exception <a 'java/lang/ClassNotFoundException'{0x000000008a8a4908}: org/gradle/api/tasks/Delete_DecoratedCustomizer> (0x000000008a8a4908) thrown at [./src/hotspot/share/classfile/systemDictionary.cpp, line 231]
Event: 7.551 Thread 0x0000022d58c7f000 Exception <a 'java/lang/NoSuchMethodError'{0x000000008a7b8bb0}: 'long java.lang.invoke.DirectMethodHandle$Holder.invokeVirtual(java.lang.Object, java.lang.Object)'> (0x000000008a7b8bb0) thrown at [./src/hotspot/share/interpreter/linkResolver.cpp, line 773]
Event: 7.558 Thread 0x0000022d599c2800 Exception <a 'java/lang/NoSuchMethodError'{0x000000008fd08ce8}: <clinit>> (0x000000008fd08ce8) thrown at [./src/hotspot/share/prims/jni.cpp, line 1365]
Event: 7.562 Thread 0x0000022d599c2800 Exception <a 'java/lang/NoSuchMethodError'{0x000000008a615248}: <clinit>> (0x000000008a615248) thrown at [./src/hotspot/share/prims/jni.cpp, line 1365]
Event: 7.562 Thread 0x0000022d599c2800 Exception <a 'java/lang/NoSuchMethodError'{0x000000008a616358}: <clinit>> (0x000000008a616358) thrown at [./src/hotspot/share/prims/jni.cpp, line 1365]
Event: 7.563 Thread 0x0000022d599c2800 Exception <a 'java/lang/NoSuchMethodError'{0x000000008a617660}: <clinit>> (0x000000008a617660) thrown at [./src/hotspot/share/prims/jni.cpp, line 1365]
Event: 7.563 Thread 0x0000022d599c2800 Exception <a 'java/lang/NoSuchMethodError'{0x000000008a618680}: <clinit>> (0x000000008a618680) thrown at [./src/hotspot/share/prims/jni.cpp, line 1365]
Event: 7.565 Thread 0x0000022d599c2800 Exception <a 'java/lang/NoSuchMethodError'{0x000000008a62a978}: <clinit>> (0x000000008a62a978) thrown at [./src/hotspot/share/prims/jni.cpp, line 1365]
Event: 7.566 Thread 0x0000022d599c2800 Exception <a 'java/lang/NoSuchMethodError'{0x000000008a6b4ea0}: <clinit>> (0x000000008a6b4ea0) thrown at [./src/hotspot/share/prims/jni.cpp, line 1365]
Event: 7.571 Thread 0x0000022d599c2800 Exception <a 'java/lang/NoSuchMethodError'{0x000000008a6c8808}: <clinit>> (0x000000008a6c8808) thrown at [./src/hotspot/share/prims/jni.cpp, line 1365]
Event: 7.583 Thread 0x0000022d58c7f000 Exception <a 'java/lang/ClassNotFoundException'{0x000000008a6f95d8}: build_3dj3pxj28tadpiu32ixofathfBeanInfo> (0x000000008a6f95d8) thrown at [./src/hotspot/share/classfile/systemDictionary.cpp, line 231]
Event: 7.583 Thread 0x0000022d58c7f000 Exception <a 'java/lang/ClassNotFoundException'{0x000000008a504a40}: build_3dj3pxj28tadpiu32ixofathfCustomizer> (0x000000008a504a40) thrown at [./src/hotspot/share/classfile/systemDictionary.cpp, line 231]
Event: 7.611 Thread 0x0000022d58c7f000 Exception <a 'java/lang/ClassNotFoundException'{0x000000008a4a8f40}: org/gradle/api/internal/plugins/DefaultObjectConfigurationActionBeanInfo> (0x000000008a4a8f40) thrown at [./src/hotspot/share/classfile/systemDictionary.cpp, line 231]
Event: 7.612 Thread 0x0000022d58c7f000 Exception <a 'java/lang/ClassNotFoundException'{0x000000008a4de108}: org/gradle/api/internal/plugins/DefaultObjectConfigurationActionCustomizer> (0x000000008a4de108) thrown at [./src/hotspot/share/classfile/systemDictionary.cpp, line 231]
Event: 7.758 Thread 0x0000022d58c7f000 Exception <a 'java/lang/NoSuchMethodError'{0x0000000089922df0}: 'java.lang.Object java.lang.invoke.DirectMethodHandle$Holder.invokeStatic(java.lang.Object, java.lang.Object, java.lang.Object, java.lang.Object, int)'> (0x0000000089922df0) thrown at [./src/hotspot/share/interpreter/linkResolver.cpp, line 773]
Event: 7.758 Thread 0x0000022d58c7f000 Exception <a 'java/lang/NoSuchMethodError'{0x00000000899277e8}: 'java.lang.Object java.lang.invoke.DirectMethodHandle$Holder.invokeSpecial(java.lang.Object, java.lang.Object, java.lang.Object, java.lang.Object, java.lang.Object, int)'> (0x00000000899277e8) thrown at [./src/hotspot/share/interpreter/linkResolver.cpp, line 773]
Event: 7.759 Thread 0x0000022d58c7f000 Exception <a 'java/lang/NoSuchMethodError'{0x000000008992be28}: 'java.lang.Object java.lang.invoke.Invokers$Holder.linkToTargetMethod(java.lang.Object, java.lang.Object, java.lang.Object, int, java.lang.Object)'> (0x000000008992be28) thrown at [./src/hotspot/share/interpreter/linkResolver.cpp, line 773]
Event: 7.975 Thread 0x0000022d58c7f000 Exception <a 'java/lang/NoSuchMethodError'{0x0000000088aa7bf0}: 'java.lang.Object java.lang.invoke.DirectMethodHandle$Holder.invokeSpecial(java.lang.Object, java.lang.Object, int, int, java.lang.Object, java.lang.Object, java.lang.Object)'> (0x0000000088aa7bf0) thrown at [./src/hotspot/share/interpreter/linkResolver.cpp, line 773]
Event: 7.976 Thread 0x0000022d58c7f000 Exception <a 'java/lang/NoSuchMethodError'{0x0000000088aac170}: 'java.lang.Object java.lang.invoke.DelegatingMethodHandle$Holder.reinvoke_L(java.lang.Object, int, int, java.lang.Object, java.lang.Object, java.lang.Object)'> (0x0000000088aac170) thrown at [./src/hotspot/share/interpreter/linkResolver.cpp, line 773]
Event: 8.168 Thread 0x0000022d58c7f000 Exception <a 'java/lang/NoSuchMethodError'{0x000000008701c460}: 'int java.lang.invoke.DirectMethodHandle$Holder.invokeInterface(java.lang.Object, java.lang.Object, java.lang.Object, java.lang.Object)'> (0x000000008701c460) thrown at [./src/hotspot/share/interpreter/linkResolver.cpp, line 773]

Events (20 events):
Event: 8.309 loading class org/gradle/api/internal/plugins/DslObject done
Event: 8.310 loading class com/android/build/gradle/internal/DependencyResolutionChecks$registerDependencyCheck$2
Event: 8.310 loading class com/android/build/gradle/internal/DependencyResolutionChecks$registerDependencyCheck$2 done
Event: 8.311 loading class org/gradle/configuration/internal/DefaultListenerBuildOperationDecorator$BuildOperationEmittingAction
Event: 8.311 loading class org/gradle/configuration/internal/DefaultListenerBuildOperationDecorator$BuildOperationEmittingAction done
Event: 8.312 loading class com/android/build/gradle/internal/DependencyResolutionChecks$registerDependencyCheck$3
Event: 8.312 loading class com/android/build/gradle/internal/DependencyResolutionChecks$registerDependencyCheck$3 done
Event: 8.313 loading class com/android/build/gradle/internal/attribution/BuildAttributionService$RegistrationAction
Event: 8.313 loading class com/android/build/gradle/internal/attribution/BuildAttributionService$RegistrationAction done
Event: 8.313 loading class com/android/build/gradle/internal/attribution/BuildAttributionService
Event: 8.313 loading class com/android/build/gradle/internal/attribution/BuildAttributionService done
Event: 8.314 loading class com/android/build/gradle/internal/attribution/BuildAttributionService$Parameters
Event: 8.314 loading class com/android/build/gradle/internal/attribution/BuildAttributionService$Parameters done
Event: 8.314 loading class org/gradle/api/provider/SetProperty
Event: 8.314 loading class org/gradle/api/provider/SetProperty done
Event: 8.314 loading class com/android/ide/common/attribution/AndroidGradlePluginAttributionData$BuildInfo
Event: 8.314 loading class com/android/ide/common/attribution/AndroidGradlePluginAttributionData$BuildInfo done
Event: 8.315 loading class com/android/ide/common/attribution/AndroidGradlePluginAttributionData$JavaInfo
Event: 8.315 loading class com/android/ide/common/attribution/AndroidGradlePluginAttributionData$JavaInfo done
Event: 8.316 Executing VM operation: G1CollectForAllocation


Dynamic libraries:
0x00007ff7069b0000 - 0x00007ff7069ba000 	D:\Android Studio\jre\bin\java.exe
0x00007ffcffaf0000 - 0x00007ffcffce5000 	C:\Windows\SYSTEM32\ntdll.dll
0x00007ffcfe070000 - 0x00007ffcfe12d000 	C:\Windows\System32\KERNEL32.DLL
0x00007ffcfd380000 - 0x00007ffcfd649000 	C:\Windows\System32\KERNELBASE.dll
0x00007ffcfd230000 - 0x00007ffcfd330000 	C:\Windows\System32\ucrtbase.dll
0x00007ffcef740000 - 0x00007ffcef757000 	D:\Android Studio\jre\bin\VCRUNTIME140.dll
0x00007ffcef720000 - 0x00007ffcef739000 	D:\Android Studio\jre\bin\jli.dll
0x00007ffcfed60000 - 0x00007ffcfef00000 	C:\Windows\System32\USER32.dll
0x00007ffcfd880000 - 0x00007ffcfd8a2000 	C:\Windows\System32\win32u.dll
0x00007ffcfe900000 - 0x00007ffcfe92a000 	C:\Windows\System32\GDI32.dll
0x00007ffcfd8b0000 - 0x00007ffcfd9bb000 	C:\Windows\System32\gdi32full.dll
0x00007ffcfd650000 - 0x00007ffcfd6ed000 	C:\Windows\System32\msvcp_win.dll
0x00007ffcfbed0000 - 0x00007ffcfc16a000 	C:\Windows\WinSxS\amd64_microsoft.windows.common-controls_6595b64144ccf1df_6.0.19041.844_none_ca00b6081b84eb1d\COMCTL32.dll
0x00007ffcfdb50000 - 0x00007ffcfdbee000 	C:\Windows\System32\msvcrt.dll
0x00007ffcff0d0000 - 0x00007ffcff100000 	C:\Windows\System32\IMM32.DLL
0x000000005b650000 - 0x000000005b65c000 	D:\360\360Safe\safemon\SafeWrapper.dll
0x00007ffcffa00000 - 0x00007ffcffaac000 	C:\Windows\System32\ADVAPI32.dll
0x00007ffcfef70000 - 0x00007ffcff00c000 	C:\Windows\System32\sechost.dll
0x00007ffcfec30000 - 0x00007ffcfed5b000 	C:\Windows\System32\RPCRT4.dll
0x00007ffce0ce0000 - 0x00007ffce0d8c000 	D:\360\360Safe\safemon\libzdtp64.dll
0x00007ffcfe130000 - 0x00007ffcfe872000 	C:\Windows\System32\SHELL32.dll
0x00007ffcff220000 - 0x00007ffcff275000 	C:\Windows\System32\SHLWAPI.dll
0x00007ffcfcf80000 - 0x00007ffcfcf8a000 	C:\Windows\SYSTEM32\VERSION.dll
0x00007ffc8caf0000 - 0x00007ffc8cb8d000 	D:\Android Studio\jre\bin\msvcp140.dll
0x00007ffc4b7d0000 - 0x00007ffc4c2b5000 	D:\Android Studio\jre\bin\server\jvm.dll
0x00007ffcfdbf0000 - 0x00007ffcfdbf8000 	C:\Windows\System32\PSAPI.DLL
0x00007ffcf36e0000 - 0x00007ffcf36e9000 	C:\Windows\SYSTEM32\WSOCK32.dll
0x00007ffcfabd0000 - 0x00007ffcfabf7000 	C:\Windows\SYSTEM32\WINMM.dll
0x00007ffcfef00000 - 0x00007ffcfef6b000 	C:\Windows\System32\WS2_32.dll
0x00007ffcfac40000 - 0x00007ffcfac52000 	C:\Windows\SYSTEM32\kernel.appcore.dll
0x00007ffcef5b0000 - 0x00007ffcef5c1000 	D:\Android Studio\jre\bin\verify.dll
0x00007ffcfcc40000 - 0x00007ffcfce24000 	C:\Windows\SYSTEM32\DBGHELP.DLL
0x00007ffcfc9a0000 - 0x00007ffcfc9cc000 	C:\Windows\SYSTEM32\dbgcore.DLL
0x00007ffcfd800000 - 0x00007ffcfd880000 	C:\Windows\System32\bcryptPrimitives.dll
0x00007ffce2b00000 - 0x00007ffce2b29000 	D:\Android Studio\jre\bin\java.dll
0x00007ffcf0ab0000 - 0x00007ffcf0abb000 	D:\Android Studio\jre\bin\jimage.dll
0x00007ffce2ae0000 - 0x00007ffce2af8000 	D:\Android Studio\jre\bin\zip.dll
0x00007ffcf9870000 - 0x00007ffcfa000000 	C:\Windows\SYSTEM32\windows.storage.dll
0x00007ffcff5f0000 - 0x00007ffcff945000 	C:\Windows\System32\combase.dll
0x00007ffcfc7c0000 - 0x00007ffcfc7ec000 	C:\Windows\SYSTEM32\Wldp.dll
0x00007ffcff540000 - 0x00007ffcff5ee000 	C:\Windows\System32\SHCORE.dll
0x00007ffcfd170000 - 0x00007ffcfd18f000 	C:\Windows\SYSTEM32\profapi.dll
0x00007ffce29e0000 - 0x00007ffce29fa000 	D:\Android Studio\jre\bin\net.dll
0x00007ffcf39b0000 - 0x00007ffcf3abc000 	C:\Windows\SYSTEM32\WINHTTP.dll
0x00007ffcfc460000 - 0x00007ffcfc4ca000 	C:\Windows\system32\mswsock.dll
0x00007ffce2700000 - 0x00007ffce2714000 	D:\Android Studio\jre\bin\nio.dll
0x00007ffcc3760000 - 0x00007ffcc3787000 	D:\Android Studio\gradle\native\e1d6ef7f7dcc3fd88c89a11ec53ec762bb8ba0a96d01ffa2cd45eb1d1d8dd5c5\windows-amd64\native-platform.dll
0x00007ffc5a5b0000 - 0x00007ffc5a6f4000 	D:\Android Studio\gradle\native\5664cfc778a61ccfe75a443a1ab52a65af34e5dc3c78e0209fed803814484fcb\windows-amd64\native-platform-file-events.dll
0x00007ffcf0a30000 - 0x00007ffcf0a3a000 	D:\Android Studio\jre\bin\management.dll
0x00007ffcefda0000 - 0x00007ffcefdad000 	D:\Android Studio\jre\bin\management_ext.dll
0x00007ffcfcf50000 - 0x00007ffcfcf68000 	C:\Windows\SYSTEM32\CRYPTSP.dll
0x00007ffcfbbd0000 - 0x00007ffcfbc04000 	C:\Windows\system32\rsaenh.dll
0x00007ffcfd9c0000 - 0x00007ffcfd9e7000 	C:\Windows\System32\bcrypt.dll
0x00007ffcfd0f0000 - 0x00007ffcfd11e000 	C:\Windows\SYSTEM32\USERENV.dll
0x00007ffcfc730000 - 0x00007ffcfc73c000 	C:\Windows\SYSTEM32\CRYPTBASE.dll
0x00007ffcfc590000 - 0x00007ffcfc5cb000 	C:\Windows\SYSTEM32\IPHLPAPI.DLL
0x00007ffcff530000 - 0x00007ffcff538000 	C:\Windows\System32\NSI.dll
0x00007ffced960000 - 0x00007ffced977000 	C:\Windows\SYSTEM32\dhcpcsvc6.DLL
0x00007ffced940000 - 0x00007ffced95d000 	C:\Windows\SYSTEM32\dhcpcsvc.DLL
0x00007ffcfc1a0000 - 0x00007ffcfc26b000 	C:\Windows\SYSTEM32\DNSAPI.dll

dbghelp: loaded successfully - version: 4.0.5 - missing functions: none
symbol engine: initialized successfully - sym options: 0x614 - pdb path: .;D:\Android Studio\jre\bin;C:\Windows\SYSTEM32;C:\Windows\WinSxS\amd64_microsoft.windows.common-controls_6595b64144ccf1df_6.0.19041.844_none_ca00b6081b84eb1d;D:\360\360Safe\safemon;D:\Android Studio\jre\bin\server;D:\Android Studio\gradle\native\e1d6ef7f7dcc3fd88c89a11ec53ec762bb8ba0a96d01ffa2cd45eb1d1d8dd5c5\windows-amd64;D:\Android Studio\gradle\native\5664cfc778a61ccfe75a443a1ab52a65af34e5dc3c78e0209fed803814484fcb\windows-amd64

VM Arguments:
jvm_args: --add-opens=java.base/java.util=ALL-UNNAMED --add-opens=java.base/java.lang=ALL-UNNAMED --add-opens=java.base/java.lang.invoke=ALL-UNNAMED --add-opens=java.base/java.util=ALL-UNNAMED --add-opens=java.prefs/java.util.prefs=ALL-UNNAMED --add-opens=java.prefs/java.util.prefs=ALL-UNNAMED --add-opens=java.base/java.nio.charset=ALL-UNNAMED --add-opens=java.base/java.net=ALL-UNNAMED --add-opens=java.base/java.util.concurrent.atomic=ALL-UNNAMED -Xmx2048m -Dfile.encoding=UTF-8 -Duser.country=CN -Duser.language=zh -Duser.variant 
java_command: org.gradle.launcher.daemon.bootstrap.GradleDaemon 7.3.3
java_class_path (initial): D:\Android Studio\gradle\wrapper\dists\gradle-7.3.3-bin\6a41zxkdtcxs8rphpq6y0069z\gradle-7.3.3\lib\gradle-launcher-7.3.3.jar
Launcher Type: SUN_STANDARD

[Global flags]
     intx CICompilerCount                          = 4                                         {product} {ergonomic}
     uint ConcGCThreads                            = 2                                         {product} {ergonomic}
     uint G1ConcRefinementThreads                  = 8                                         {product} {ergonomic}
   size_t G1HeapRegionSize                         = 1048576                                   {product} {ergonomic}
    uintx GCDrainStackTargetSize                   = 64                                        {product} {ergonomic}
   size_t InitialHeapSize                          = 266338304                                 {product} {ergonomic}
   size_t MarkStackSize                            = 4194304                                   {product} {ergonomic}
   size_t MaxHeapSize                              = 2147483648                                {product} {command line}
   size_t MaxNewSize                               = 1287651328                                {product} {ergonomic}
   size_t MinHeapDeltaBytes                        = 1048576                                   {product} {ergonomic}
    uintx NonNMethodCodeHeapSize                   = 5836300                                {pd product} {ergonomic}
    uintx NonProfiledCodeHeapSize                  = 122910970                              {pd product} {ergonomic}
    uintx ProfiledCodeHeapSize                     = 122910970                              {pd product} {ergonomic}
    uintx ReservedCodeCacheSize                    = 251658240                              {pd product} {ergonomic}
     bool SegmentedCodeCache                       = true                                      {product} {ergonomic}
     bool UseCompressedClassPointers               = true                                 {lp64_product} {ergonomic}
     bool UseCompressedOops                        = true                                 {lp64_product} {ergonomic}
     bool UseG1GC                                  = true                                      {product} {ergonomic}
     bool UseLargePagesIndividualAllocation        = false                                  {pd product} {ergonomic}

Logging:
Log output configuration:
 #0: stdout all=warning uptime,level,tags
 #1: stderr all=off uptime,level,tags

Environment Variables:
JAVA_HOME=D:\JAVA\jdk1.8.0_202
PATH=C:\Program Files\NVIDIA GPU Computing Toolkit\CUDA\v12.1\bin;C:\Program Files\NVIDIA GPU Computing Toolkit\CUDA\v12.1\libnvvp;C:\Windows\system32;C:\Windows;C:\Windows\system32\wbem;D:\OpenCV\x86_64-8.1.0-release-posix-seh-rt_v6-rev0\mingw64\bin;D:\OpenCV\cmake-3.20.2-windows-x86_64\cmake-3.20.2-windows-x86_64\bin;D:\OpenCV\opencv4.6.0\bin;D:\微信web开发者工具\dll;D:\JAVA\jdk1.8.0_202\bin;D:\JAVA\jdk1.8.0_202\jre\bin;C:\Program Files\NVIDIA Corporation\NVIDIA NvDLISR;C:\Program Files\NVIDIA Corporation\Nsight Compute 2023.1.1\;C:\Program Files (x86)\NVIDIA Corporation\PhysX\Common;D:\MySQL\MySQL Shell 8.0\bin\;D:\Anaconda;D:\Anaconda\Library\mingw-w64\bin;D:\Anaconda\Library\usr\bin;D:\Anaconda\Library\bin;D:\Anaconda\Scripts;C:\Users\陈仁兴\AppData\Local\Programs\Python\Python39\Scripts\;C:\Users\陈仁兴\AppData\Local\Programs\Python\Python39\;C:\Users\陈仁兴\AppData\Local\Microsoft\WindowsApps;D:\PyCharm 2021.3.3\bin;;C:\Users\陈仁兴\.dotnet\tools;D:\IDEA\IntelliJ IDEA Community Edition 2021.2.1\bin;;D:\pycharm-community\PyCharm Community Edition 2021.2.3\bin;;D:\Microsoft VS Code\bin;D:\Anaconda\envs\env_DeepLearning_PyTorch-1.13.1\Scripts;D:\MySQL\MySQL Server 8.0\bin;
USERNAME=陈仁兴
OS=Windows_NT
PROCESSOR_IDENTIFIER=Intel64 Family 6 Model 142 Stepping 12, GenuineIntel



---------------  S Y S T E M  ---------------

OS: Windows 10 , 64 bit Build 19041 (10.0.19041.804)
OS uptime: 1 days 20:15 hours

CPU:total 8 (initial active 8) (4 cores per cpu, 2 threads per core) family 6 model 142 stepping 12 microcode 0xde, cmov, cx8, fxsr, mmx, sse, sse2, sse3, ssse3, sse4.1, sse4.2, popcnt, avx, avx2, aes, clmul, erms, 3dnowpref, lzcnt, ht, tsc, tscinvbit, bmi1, bmi2, adx, fma

Memory: 4k page, system-wide physical 16217M (5916M free)
TotalPageFile size 28559M (AvailPageFile size 11903M)
current process WorkingSet (physical memory assigned to process): 400M, peak: 403M
current process commit charge ("private bytes"): 501M, peak: 504M

vm_info: OpenJDK 64-Bit Server VM (11.0.12+7-b1504.28-7817840) for windows-amd64 JRE (11.0.12+7-b1504.28-7817840), built on Oct 13 2021 22:12:33 by "builder" with MS VC++ 14.0 (VS2015)

END.
